0,status,1,VILLAGER,ALIVE,MtAgent
0,status,2,WEREWOLF,ALIVE,Sample9
0,status,3,WEREWOLF,ALIVE,Sample12
0,status,4,POSSESSED,ALIVE,Sample8
0,status,5,SEER,ALIVE,Sample11
0,status,6,MEDIUM,ALIVE,Sample7
0,status,7,VILLAGER,ALIVE,Sample10
0,status,8,VILLAGER,ALIVE,Sample6
0,status,9,VILLAGER,ALIVE,Sample5
0,status,10,VILLAGER,ALIVE,Sample4
0,status,11,WEREWOLF,ALIVE,Sample3
0,status,12,BODYGUARD,ALIVE,Sample14
0,status,13,VILLAGER,ALIVE,Sample2
0,status,14,VILLAGER,ALIVE,Sample13
0,status,15,VILLAGER,ALIVE,Sample1
0,whisper,0,0,11,COMINGOUT Agent[11] MEDIUM
0,whisper,1,0,3,COMINGOUT Agent[03] SEER
0,whisper,2,0,2,COMINGOUT Agent[02] MEDIUM
0,whisper,3,1,11,ATTACK Agent[15]
0,whisper,4,1,2,ATTACK Agent[07]
0,whisper,5,1,3,ATTACK Agent[12]
0,whisper,6,2,2,ATTACK Agent[04]
0,whisper,7,2,11,ATTACK Agent[06]
0,whisper,8,2,3,ATTACK Agent[07]
0,whisper,9,3,11,ATTACK Agent[05]
0,whisper,10,3,2,ATTACK Agent[15]
0,whisper,11,3,3,ATTACK Agent[13]
0,whisper,12,4,2,ATTACK Agent[14]
0,whisper,13,4,11,ATTACK Agent[10]
0,whisper,14,4,3,ATTACK Agent[04]
0,whisper,15,5,3,ATTACK Agent[13]
0,whisper,16,5,11,ATTACK Agent[15]
0,whisper,17,5,2,ATTACK Agent[12]
0,whisper,18,6,3,ATTACK Agent[05]
0,whisper,19,6,2,ATTACK Agent[07]
0,whisper,20,6,11,ATTACK Agent[06]
0,whisper,21,7,11,ATTACK Agent[13]
0,whisper,22,7,2,ATTACK Agent[09]
0,whisper,23,7,3,ATTACK Agent[07]
0,whisper,24,8,11,ATTACK Agent[06]
0,whisper,25,8,2,ATTACK Agent[01]
0,whisper,26,8,3,ATTACK Agent[12]
0,whisper,27,9,2,ATTACK Agent[08]
0,whisper,28,9,3,ATTACK Agent[09]
0,whisper,29,9,11,ATTACK Agent[13]
0,whisper,30,10,11,Over
0,whisper,31,10,3,Over
0,whisper,32,10,2,Over
0,divine,5,2,WEREWOLF
1,status,1,VILLAGER,ALIVE,MtAgent
1,status,2,WEREWOLF,ALIVE,Sample9
1,status,3,WEREWOLF,ALIVE,Sample12
1,status,4,POSSESSED,ALIVE,Sample8
1,status,5,SEER,ALIVE,Sample11
1,status,6,MEDIUM,ALIVE,Sample7
1,status,7,VILLAGER,ALIVE,Sample10
1,status,8,VILLAGER,ALIVE,Sample6
1,status,9,VILLAGER,ALIVE,Sample5
1,status,10,VILLAGER,ALIVE,Sample4
1,status,11,WEREWOLF,ALIVE,Sample3
1,status,12,BODYGUARD,ALIVE,Sample14
1,status,13,VILLAGER,ALIVE,Sample2
1,status,14,VILLAGER,ALIVE,Sample13
1,status,15,VILLAGER,ALIVE,Sample1
1,talk,0,0,8,VOTE Agent[05]
1,talk,1,0,7,VOTE Agent[03]
1,talk,2,0,14,VOTE Agent[02]
1,talk,3,0,15,VOTE Agent[03]
1,talk,4,0,9,VOTE Agent[02]
1,talk,5,0,3,ESTIMATE Agent[15] WEREWOLF
1,talk,6,0,1,VOTE Agent[10]
1,talk,7,0,6,COMINGOUT Agent[06] MEDIUM
1,talk,8,0,10,VOTE Agent[07]
1,talk,9,0,13,VOTE Agent[07]
1,talk,10,0,11,ESTIMATE Agent[08] WEREWOLF
1,talk,11,0,12,VOTE Agent[11]
1,talk,12,0,4,COMINGOUT Agent[04] SEER
1,talk,13,0,5,COMINGOUT Agent[05] SEER
1,talk,14,0,2,ESTIMATE Agent[14] WEREWOLF
1,talk,15,1,15,Skip
1,talk,16,1,3,VOTE Agent[15]
1,talk,17,1,6,VOTE Agent[09]
1,talk,18,1,8,Skip
1,talk,19,1,9,Skip
1,talk,20,1,11,VOTE Agent[08]
1,talk,21,1,5,DIVINED Agent[02] WEREWOLF
1,talk,22,1,2,VOTE Agent[14]
1,talk,23,1,1,VOTE Agent[02]
1,talk,24,1,10,Skip
1,talk,25,1,13,Skip
1,talk,26,1,12,Skip
1,talk,27,1,4,DIVINED Agent[05] HUMAN
1,talk,28,1,7,Skip
1,talk,29,1,14,Skip
1,talk,30,2,10,Skip
1,talk,31,2,11,ESTIMATE Agent[06] WEREWOLF
1,talk,32,2,8,Skip
1,talk,33,2,1,Skip
1,talk,34,2,4,ESTIMATE Agent[12] WEREWOLF
1,talk,35,2,7,Skip
1,talk,36,2,13,Skip
1,talk,37,2,5,REQUEST(VOTE Agent[02])
1,talk,38,2,3,COMINGOUT Agent[03] SEER
1,talk,39,2,2,ESTIMATE Agent[06] WEREWOLF
1,talk,40,2,15,Skip
1,talk,41,2,14,Skip
1,talk,42,2,6,Skip
1,talk,43,2,9,Skip
1,talk,44,2,12,Skip
1,talk,45,3,12,Over
1,talk,46,3,15,Over
1,talk,47,3,3,DIVINED Agent[15] WEREWOLF
1,talk,48,3,7,Over
1,talk,49,3,13,Over
1,talk,50,3,8,Over
1,talk,51,3,1,Skip
1,talk,52,3,11,VOTE Agent[06]
1,talk,53,3,10,Over
1,talk,54,3,9,Over
1,talk,55,3,5,VOTE Agent[02]
1,talk,56,3,6,Skip
1,talk,57,3,2,VOTE Agent[06]
1,talk,58,3,4,REQUEST(DIVINATION Agent[12])
1,talk,59,3,14,Over
1,talk,60,4,2,COMINGOUT Agent[02] MEDIUM
1,talk,61,4,12,Over
1,talk,62,4,8,Over
1,talk,63,4,10,Over
1,talk,64,4,15,Over
1,talk,65,4,3,Skip
1,talk,66,4,7,Over
1,talk,67,4,13,Over
1,talk,68,4,5,Skip
1,talk,69,4,4,VOTE Agent[12]
1,talk,70,4,1,Over
1,talk,71,4,11,COMINGOUT Agent[11] MEDIUM
1,talk,72,4,9,Over
1,talk,73,4,14,Over
1,talk,74,4,6,Over
1,talk,75,5,14,Over
1,talk,76,5,2,Skip
1,talk,77,5,8,Over
1,talk,78,5,15,Over
1,talk,79,5,6,ESTIMATE Agent[02] WEREWOLF
1,talk,80,5,10,Over
1,talk,81,5,3,Skip
1,talk,82,5,4,ESTIMATE Agent[05] WEREWOLF
1,talk,83,5,11,Skip
1,talk,84,5,5,Skip
1,talk,85,5,1,Over
1,talk,86,5,7,Over
1,talk,87,5,13,Over
1,talk,88,5,9,Over
1,talk,89,5,12,Over
1,talk,90,6,13,Over
1,talk,91,6,6,REQUEST(DIVINATION Agent[02])
1,talk,92,6,8,Over
1,talk,93,6,14,Over
1,talk,94,6,9,Over
1,talk,95,6,4,REQUEST(DIVINATION Agent[05])
1,talk,96,6,11,Skip
1,talk,97,6,15,Over
1,talk,98,6,3,Over
1,talk,99,6,2,Skip
1,talk,100,6,12,Over
1,talk,101,6,7,Over
1,talk,102,6,1,Over
1,talk,103,6,10,Over
1,talk,104,6,5,Over
1,talk,105,7,15,Over
1,talk,106,7,9,Over
1,talk,107,7,6,VOTE Agent[02]
1,talk,108,7,7,Over
1,talk,109,7,4,VOTE Agent[05]
1,talk,110,7,8,Over
1,talk,111,7,1,Over
1,talk,112,7,12,Over
1,talk,113,7,2,Over
1,talk,114,7,13,Over
1,talk,115,7,10,Over
1,talk,116,7,14,Over
1,talk,117,7,11,Over
1,talk,118,7,3,Over
1,talk,119,7,5,Over
1,talk,120,8,4,Skip
1,talk,121,8,9,Over
1,talk,122,8,12,Over
1,talk,123,8,10,Over
1,talk,124,8,6,Skip
1,talk,125,8,15,Over
1,talk,126,8,8,Over
1,talk,127,8,2,Over
1,talk,128,8,13,Over
1,talk,129,8,7,Over
1,talk,130,8,11,Over
1,talk,131,8,1,Over
1,talk,132,8,5,Over
1,talk,133,8,3,Over
1,talk,134,8,14,Over
1,talk,135,9,15,Over
1,talk,136,9,9,Over
1,talk,137,9,3,Over
1,talk,138,9,8,Over
1,talk,139,9,13,Over
1,talk,140,9,7,Over
1,talk,141,9,10,Over
1,talk,142,9,12,Over
1,talk,143,9,1,Over
1,talk,144,9,4,Skip
1,talk,145,9,5,Over
1,talk,146,9,2,Over
1,talk,147,9,11,Over
1,talk,148,9,6,Skip
1,talk,149,9,14,Over
1,talk,150,10,4,Over
1,talk,151,10,6,Over
1,talk,152,10,1,Over
1,talk,153,10,9,Over
1,talk,154,10,3,Over
1,talk,155,10,11,Over
1,talk,156,10,13,Over
1,talk,157,10,7,Over
1,talk,158,10,5,Over
1,talk,159,10,10,Over
1,talk,160,10,15,Over
1,talk,161,10,2,Over
1,talk,162,10,14,Over
1,talk,163,10,8,Over
1,talk,164,10,12,Over
1,vote,1,2
1,vote,2,6
1,vote,3,15
1,vote,4,5
1,vote,5,2
1,vote,6,2
1,vote,7,3
1,vote,8,5
1,vote,9,2
1,vote,10,7
1,vote,11,6
1,vote,12,11
1,vote,13,7
1,vote,14,2
1,vote,15,3
1,execute,2,WEREWOLF
1,divine,5,13,HUMAN
1,whisper,0,0,11,ATTACK Agent[06]
1,whisper,1,0,3,ATTACK Agent[06]
1,whisper,2,1,3,ATTACK Agent[05]
1,whisper,3,1,11,Skip
1,whisper,4,2,11,ATTACK Agent[04]
1,whisper,5,2,3,ATTACK Agent[04]
1,whisper,6,3,3,ATTACK Agent[06]
1,whisper,7,3,11,ATTACK Agent[06]
1,whisper,8,4,11,Skip
1,whisper,9,4,3,ATTACK Agent[05]
1,whisper,10,5,3,ATTACK Agent[06]
1,whisper,11,5,11,Skip
1,whisper,12,6,11,ATTACK Agent[05]
1,whisper,13,6,3,ATTACK Agent[05]
1,whisper,14,7,11,ATTACK Agent[04]
1,whisper,15,7,3,ATTACK Agent[04]
1,whisper,16,8,3,Skip
1,whisper,17,8,11,ATTACK Agent[06]
1,whisper,18,9,11,Skip
1,whisper,19,9,3,ATTACK Agent[06]
1,whisper,20,10,11,ATTACK Agent[04]
1,whisper,21,10,3,ATTACK Agent[05]
1,whisper,22,11,11,ATTACK Agent[06]
1,whisper,23,11,3,Over
1,whisper,24,12,3,Over
1,whisper,25,12,11,ATTACK Agent[04]
1,whisper,26,13,11,ATTACK Agent[05]
1,whisper,27,13,3,Over
1,whisper,28,14,3,Over
1,whisper,29,14,11,Over
1,guard,12,5,SEER
1,attackVote,3,5
1,attackVote,11,4
1,attackVote,3,5
1,attackVote,11,4
1,attack,5,false
2,status,1,VILLAGER,ALIVE,MtAgent
2,status,2,WEREWOLF,DEAD,Sample9
2,status,3,WEREWOLF,ALIVE,Sample12
2,status,4,POSSESSED,ALIVE,Sample8
2,status,5,SEER,ALIVE,Sample11
2,status,6,MEDIUM,ALIVE,Sample7
2,status,7,VILLAGER,ALIVE,Sample10
2,status,8,VILLAGER,ALIVE,Sample6
2,status,9,VILLAGER,ALIVE,Sample5
2,status,10,VILLAGER,ALIVE,Sample4
2,status,11,WEREWOLF,ALIVE,Sample3
2,status,12,BODYGUARD,ALIVE,Sample14
2,status,13,VILLAGER,ALIVE,Sample2
2,status,14,VILLAGER,ALIVE,Sample13
2,status,15,VILLAGER,ALIVE,Sample1
2,talk,0,0,10,VOTE Agent[14]
2,talk,1,0,13,VOTE Agent[06]
2,talk,2,0,15,ESTIMATE Agent[03] WEREWOLF
2,talk,3,0,12,VOTE Agent[10]
2,talk,4,0,11,IDENTIFIED Agent[02] HUMAN
2,talk,5,0,8,VOTE Agent[11]
2,talk,6,0,7,VOTE Agent[09]
2,talk,7,0,1,VOTE Agent[03]
2,talk,8,0,14,VOTE Agent[03]
2,talk,9,0,4,DIVINED Agent[13] HUMAN
2,talk,10,0,6,IDENTIFIED Agent[02] WEREWOLF
2,talk,11,0,9,VOTE Agent[03]
2,talk,12,0,3,DIVINED Agent[09] HUMAN
2,talk,13,0,5,DIVINED Agent[13] HUMAN
2,talk,14,1,4,ESTIMATE Agent[03] WEREWOLF
2,talk,15,1,13,Skip
2,talk,16,1,12,Skip
2,talk,17,1,8,Skip
2,talk,18,1,1,Skip
2,talk,19,1,15,REQUEST(DIVINATION Agent[03])
2,talk,20,1,7,Skip
2,talk,21,1,5,ESTIMATE Agent[03] WEREWOLF
2,talk,22,1,9,Skip
2,talk,23,1,11,ESTIMATE Agent[06] WEREWOLF
2,talk,24,1,6,ESTIMATE Agent[11] WEREWOLF
2,talk,25,1,3,ESTIMATE Agent[15] WEREWOLF
2,talk,26,1,14,Skip
2,talk,27,1,10,Skip
2,talk,28,2,10,Skip
2,talk,29,2,9,Skip
2,talk,30,2,7,Skip
2,talk,31,2,1,Skip
2,talk,32,2,3,VOTE Agent[15]
2,talk,33,2,6,REQUEST(DIVINATION Agent[11])
2,talk,34,2,5,VOTE Agent[03]
2,talk,35,2,15,VOTE Agent[03]
2,talk,36,2,4,REQUEST(DIVINATION Agent[03])
2,talk,37,2,14,Skip
2,talk,38,2,11,VOTE Agent[06]
2,talk,39,2,12,Skip
2,talk,40,2,8,Skip
2,talk,41,2,13,Skip
2,talk,42,3,1,Over
2,talk,43,3,6,VOTE Agent[11]
2,talk,44,3,5,Skip
2,talk,45,3,9,Over
2,talk,46,3,4,VOTE Agent[03]
2,talk,47,3,11,Skip
2,talk,48,3,8,Over
2,talk,49,3,15,Skip
2,talk,50,3,13,Over
2,talk,51,3,10,Over
2,talk,52,3,12,Over
2,talk,53,3,3,Skip
2,talk,54,3,7,Over
2,talk,55,3,14,Over
2,talk,56,4,8,Over
2,talk,57,4,6,Skip
2,talk,58,4,10,Over
2,talk,59,4,7,Over
2,talk,60,4,1,Over
2,talk,61,4,9,Over
2,talk,62,4,15,Skip
2,talk,63,4,14,Over
2,talk,64,4,3,Skip
2,talk,65,4,11,Skip
2,talk,66,4,5,Skip
2,talk,67,4,12,Over
2,talk,68,4,13,Over
2,talk,69,4,4,Skip
2,talk,70,5,5,Over
2,talk,71,5,14,Over
2,talk,72,5,1,Over
2,talk,73,5,7,Over
2,talk,74,5,3,Over
2,talk,75,5,4,Skip
2,talk,76,5,13,Over
2,talk,77,5,6,Skip
2,talk,78,5,10,Over
2,talk,79,5,12,Over
2,talk,80,5,9,Over
2,talk,81,5,8,Over
2,talk,82,5,11,Over
2,talk,83,5,15,Over
2,talk,84,6,12,Over
2,talk,85,6,14,Over
2,talk,86,6,13,Over
2,talk,87,6,3,Over
2,talk,88,6,4,Over
2,talk,89,6,1,Over
2,talk,90,6,5,Over
2,talk,91,6,9,Over
2,talk,92,6,10,Over
2,talk,93,6,6,Over
2,talk,94,6,7,Over
2,talk,95,6,11,Over
2,talk,96,6,8,Over
2,talk,97,6,15,Over
2,vote,1,3
2,vote,3,15
2,vote,4,3
2,vote,5,3
2,vote,6,11
2,vote,7,9
2,vote,8,11
2,vote,9,3
2,vote,10,14
2,vote,11,6
2,vote,12,10
2,vote,13,6
2,vote,14,3
2,vote,15,3
2,execute,3,WEREWOLF
2,guard,12,5,SEER
2,attackVote,11,5
2,attack,5,false
3,status,1,VILLAGER,ALIVE,MtAgent
3,status,2,WEREWOLF,DEAD,Sample9
3,status,3,WEREWOLF,DEAD,Sample12
3,status,4,POSSESSED,ALIVE,Sample8
3,status,5,SEER,ALIVE,Sample11
3,status,6,MEDIUM,ALIVE,Sample7
3,status,7,VILLAGER,ALIVE,Sample10
3,status,8,VILLAGER,ALIVE,Sample6
3,status,9,VILLAGER,ALIVE,Sample5
3,status,10,VILLAGER,ALIVE,Sample4
3,status,11,WEREWOLF,ALIVE,Sample3
3,status,12,BODYGUARD,ALIVE,Sample14
3,status,13,VILLAGER,ALIVE,Sample2
3,status,14,VILLAGER,ALIVE,Sample13
3,status,15,VILLAGER,ALIVE,Sample1
3,talk,0,0,12,VOTE Agent[15]
3,talk,1,0,6,IDENTIFIED Agent[03] WEREWOLF
3,talk,2,0,11,IDENTIFIED Agent[03] HUMAN
3,talk,3,0,10,VOTE Agent[05]
3,talk,4,0,5,ESTIMATE Agent[04] WEREWOLF
3,talk,5,0,4,DIVINED Agent[06] HUMAN
3,talk,6,0,14,VOTE Agent[11]
3,talk,7,0,1,VOTE Agent[04]
3,talk,8,0,15,VOTE Agent[13]
3,talk,9,0,9,VOTE Agent[08]
3,talk,10,0,7,VOTE Agent[04]
3,talk,11,0,8,VOTE Agent[01]
3,talk,12,0,13,VOTE Agent[08]
3,talk,13,1,7,Skip
3,talk,14,1,5,VOTE Agent[04]
3,talk,15,1,12,Skip
3,talk,16,1,10,Skip
3,talk,17,1,4,ESTIMATE Agent[05] WEREWOLF
3,talk,18,1,11,ESTIMATE Agent[06] WEREWOLF
3,talk,19,1,9,Skip
3,talk,20,1,14,Skip
3,talk,21,1,15,Skip
3,talk,22,1,1,Skip
3,talk,23,1,8,Skip
3,talk,24,1,6,ESTIMATE Agent[11] WEREWOLF
3,talk,25,1,13,Skip
3,talk,26,2,14,Skip
3,talk,27,2,9,Skip
3,talk,28,2,15,Skip
3,talk,29,2,4,REQUEST(DIVINATION Agent[05])
3,talk,30,2,8,Skip
3,talk,31,2,11,VOTE Agent[06]
3,talk,32,2,13,Skip
3,talk,33,2,10,Skip
3,talk,34,2,12,Skip
3,talk,35,2,7,Skip
3,talk,36,2,1,Skip
3,talk,37,2,6,REQUEST(DIVINATION Agent[11])
3,talk,38,2,5,Skip
3,talk,39,3,5,Skip
3,talk,40,3,14,Over
3,talk,41,3,11,Skip
3,talk,42,3,13,Over
3,talk,43,3,8,Over
3,talk,44,3,6,VOTE Agent[11]
3,talk,45,3,7,Over
3,talk,46,3,12,Over
3,talk,47,3,9,Over
3,talk,48,3,10,Over
3,talk,49,3,1,Over
3,talk,50,3,4,VOTE Agent[05]
3,talk,51,3,15,Over
3,talk,52,4,5,Over
3,talk,53,4,12,Over
3,talk,54,4,13,Over
3,talk,55,4,15,Over
3,talk,56,4,8,Over
3,talk,57,4,4,Skip
3,talk,58,4,7,Over
3,talk,59,4,6,Skip
3,talk,60,4,14,Over
3,talk,61,4,10,Over
3,talk,62,4,11,Skip
3,talk,63,4,1,Over
3,talk,64,4,9,Over
3,talk,65,5,8,Over
3,talk,66,5,11,Over
3,talk,67,5,6,Skip
3,talk,68,5,5,Over
3,talk,69,5,4,Skip
3,talk,70,5,15,Over
3,talk,71,5,7,Over
3,talk,72,5,10,Over
3,talk,73,5,1,Over
3,talk,74,5,14,Over
3,talk,75,5,13,Over
3,talk,76,5,12,Over
3,talk,77,5,9,Over
3,talk,78,6,13,Over
3,talk,79,6,5,Over
3,talk,80,6,15,Over
3,talk,81,6,8,Over
3,talk,82,6,14,Over
3,talk,83,6,10,Over
3,talk,84,6,9,Over
3,talk,85,6,7,Over
3,talk,86,6,6,Over
3,talk,87,6,11,Over
3,talk,88,6,12,Over
3,talk,89,6,1,Over
3,talk,90,6,4,Over
3,vote,1,4
3,vote,4,5
3,vote,5,4
3,vote,6,11
3,vote,7,4
3,vote,8,1
3,vote,9,8
3,vote,10,5
3,vote,11,6
3,vote,12,15
3,vote,13,8
3,vote,14,11
3,vote,15,13
3,execute,4,POSSESSED
3,guard,12,5,SEER
3,attackVote,11,6
3,attack,6,true
4,status,1,VILLAGER,ALIVE,MtAgent
4,status,2,WEREWOLF,DEAD,Sample9
4,status,3,WEREWOLF,DEAD,Sample12
4,status,4,POSSESSED,DEAD,Sample8
4,status,5,SEER,ALIVE,Sample11
4,status,6,MEDIUM,DEAD,Sample7
4,status,7,VILLAGER,ALIVE,Sample10
4,status,8,VILLAGER,ALIVE,Sample6
4,status,9,VILLAGER,ALIVE,Sample5
4,status,10,VILLAGER,ALIVE,Sample4
4,status,11,WEREWOLF,ALIVE,Sample3
4,status,12,BODYGUARD,ALIVE,Sample14
4,status,13,VILLAGER,ALIVE,Sample2
4,status,14,VILLAGER,ALIVE,Sample13
4,status,15,VILLAGER,ALIVE,Sample1
4,talk,0,0,15,VOTE Agent[01]
4,talk,1,0,5,ESTIMATE Agent[11] WEREWOLF
4,talk,2,0,14,VOTE Agent[15]
4,talk,3,0,7,VOTE Agent[09]
4,talk,4,0,1,VOTE Agent[15]
4,talk,5,0,13,VOTE Agent[10]
4,talk,6,0,11,IDENTIFIED Agent[04] WEREWOLF
4,talk,7,0,10,VOTE Agent[13]
4,talk,8,0,9,VOTE Agent[14]
4,talk,9,0,8,VOTE Agent[13]
4,talk,10,0,12,VOTE Agent[09]
4,talk,11,1,14,Skip
4,talk,12,1,10,Skip
4,talk,13,1,9,Skip
4,talk,14,1,15,Skip
4,talk,15,1,8,Skip
4,talk,16,1,13,Skip
4,talk,17,1,12,Skip
4,talk,18,1,1,Skip
4,talk,19,1,7,Skip
4,talk,20,1,5,VOTE Agent[11]
4,talk,21,1,11,ESTIMATE Agent[12] WEREWOLF
4,talk,22,2,13,Skip
4,talk,23,2,15,Skip
4,talk,24,2,12,Skip
4,talk,25,2,8,Skip
4,talk,26,2,11,VOTE Agent[12]
4,talk,27,2,1,Skip
4,talk,28,2,9,Skip
4,talk,29,2,7,Skip
4,talk,30,2,10,Skip
4,talk,31,2,5,Skip
4,talk,32,2,14,Skip
4,talk,33,3,12,Over
4,talk,34,3,10,Over
4,talk,35,3,1,Over
4,talk,36,3,14,Over
4,talk,37,3,9,Over
4,talk,38,3,5,Skip
4,talk,39,3,7,Over
4,talk,40,3,13,Over
4,talk,41,3,15,Over
4,talk,42,3,11,Skip
4,talk,43,3,8,Over
4,talk,44,4,7,Over
4,talk,45,4,12,Over
4,talk,46,4,10,Over
4,talk,47,4,15,Over
4,talk,48,4,13,Over
4,talk,49,4,9,Over
4,talk,50,4,5,Over
4,talk,51,4,8,Over
4,talk,52,4,11,Skip
4,talk,53,4,1,Over
4,talk,54,4,14,Over
4,talk,55,5,11,Over
4,talk,56,5,12,Over
4,talk,57,5,5,Over
4,talk,58,5,7,Over
4,talk,59,5,1,Over
4,talk,60,5,14,Over
4,talk,61,5,10,Over
4,talk,62,5,13,Over
4,talk,63,5,8,Over
4,talk,64,5,15,Over
4,talk,65,5,9,Over
4,vote,1,15
4,vote,5,11
4,vote,7,9
4,vote,8,13
4,vote,9,14
4,vote,10,13
4,vote,11,12
4,vote,12,9
4,vote,13,10
4,vote,14,15
4,vote,15,1
4,vote,1,15
4,vote,5,11
4,vote,7,9
4,vote,8,13
4,vote,9,14
4,vote,10,13
4,vote,11,12
4,vote,12,9
4,vote,13,10
4,vote,14,15
4,vote,15,1
4,execute,15,VILLAGER
4,divine,5,11,WEREWOLF
4,guard,12,5,SEER
4,attackVote,11,5
4,attack,5,false
5,status,1,VILLAGER,ALIVE,MtAgent
5,status,2,WEREWOLF,DEAD,Sample9
5,status,3,WEREWOLF,DEAD,Sample12
5,status,4,POSSESSED,DEAD,Sample8
5,status,5,SEER,ALIVE,Sample11
5,status,6,MEDIUM,DEAD,Sample7
5,status,7,VILLAGER,ALIVE,Sample10
5,status,8,VILLAGER,ALIVE,Sample6
5,status,9,VILLAGER,ALIVE,Sample5
5,status,10,VILLAGER,ALIVE,Sample4
5,status,11,WEREWOLF,ALIVE,Sample3
5,status,12,BODYGUARD,ALIVE,Sample14
5,status,13,VILLAGER,ALIVE,Sample2
5,status,14,VILLAGER,ALIVE,Sample13
5,status,15,VILLAGER,DEAD,Sample1
5,talk,0,0,12,VOTE Agent[09]
5,talk,1,0,13,VOTE Agent[09]
5,talk,2,0,5,DIVINED Agent[11] WEREWOLF
5,talk,3,0,14,VOTE Agent[11]
5,talk,4,0,10,VOTE Agent[07]
5,talk,5,0,11,IDENTIFIED Agent[15] WEREWOLF
5,talk,6,0,7,VOTE Agent[14]
5,talk,7,0,8,VOTE Agent[12]
5,talk,8,0,1,VOTE Agent[05]
5,talk,9,0,9,VOTE Agent[08]
5,talk,10,1,11,ESTIMATE Agent[05] WEREWOLF
5,talk,11,1,14,Skip
5,talk,12,1,12,Skip
5,talk,13,1,7,Skip
5,talk,14,1,10,Skip
5,talk,15,1,1,VOTE Agent[07]
5,talk,16,1,13,Skip
5,talk,17,1,8,Skip
5,talk,18,1,5,REQUEST(VOTE Agent[11])
5,talk,19,1,9,Skip
5,talk,20,2,7,Skip
5,talk,21,2,11,VOTE Agent[05]
5,talk,22,2,8,Skip
5,talk,23,2,13,Skip
5,talk,24,2,12,Skip
5,talk,25,2,14,Skip
5,talk,26,2,10,Skip
5,talk,27,2,1,Skip
5,talk,28,2,9,Skip
5,talk,29,2,5,VOTE Agent[11]
5,talk,30,3,14,Over
5,talk,31,3,12,Over
5,talk,32,3,1,VOTE Agent[05]
5,talk,33,3,11,Skip
5,talk,34,3,9,Over
5,talk,35,3,7,Over
5,talk,36,3,5,Skip
5,talk,37,3,13,Over
5,talk,38,3,10,Over
5,talk,39,3,8,Over
5,talk,40,4,10,Over
5,talk,41,4,12,Over
5,talk,42,4,9,Over
5,talk,43,4,14,Over
5,talk,44,4,13,Over
5,talk,45,4,5,Skip
5,talk,46,4,11,Skip
5,talk,47,4,1,Skip
5,talk,48,4,7,Over
5,talk,49,4,8,Over
5,talk,50,5,10,Over
5,talk,51,5,9,Over
5,talk,52,5,1,Skip
5,talk,53,5,14,Over
5,talk,54,5,11,Over
5,talk,55,5,8,Over
5,talk,56,5,7,Over
5,talk,57,5,13,Over
5,talk,58,5,5,Over
5,talk,59,5,12,Over
5,talk,60,6,10,Over
5,talk,61,6,11,Over
5,talk,62,6,8,Over
5,talk,63,6,12,Over
5,talk,64,6,5,Over
5,talk,65,6,9,Over
5,talk,66,6,7,Over
5,talk,67,6,14,Over
5,talk,68,6,1,Over
5,talk,69,6,13,Over
5,vote,1,5
5,vote,5,11
5,vote,7,14
5,vote,8,12
5,vote,9,8
5,vote,10,7
5,vote,11,5
5,vote,12,9
5,vote,13,9
5,vote,14,11
5,vote,1,11
5,vote,5,11
5,vote,7,14
5,vote,8,12
5,vote,9,8
5,vote,10,7
5,vote,11,5
5,vote,12,9
5,vote,13,9
5,vote,14,11
5,execute,11,WEREWOLF
5,guard,12,5,SEER
6,status,1,VILLAGER,ALIVE,MtAgent
6,status,2,WEREWOLF,DEAD,Sample9
6,status,3,WEREWOLF,DEAD,Sample12
6,status,4,POSSESSED,DEAD,Sample8
6,status,5,SEER,ALIVE,Sample11
6,status,6,MEDIUM,DEAD,Sample7
6,status,7,VILLAGER,ALIVE,Sample10
6,status,8,VILLAGER,ALIVE,Sample6
6,status,9,VILLAGER,ALIVE,Sample5
6,status,10,VILLAGER,ALIVE,Sample4
6,status,11,WEREWOLF,DEAD,Sample3
6,status,12,BODYGUARD,ALIVE,Sample14
6,status,13,VILLAGER,ALIVE,Sample2
6,status,14,VILLAGER,ALIVE,Sample13
6,status,15,VILLAGER,DEAD,Sample1
6,result,9,0,VILLAGER
