0,status,1,VILLAGER,ALIVE,MtAgent
0,status,2,WEREWOLF,ALIVE,Sample9
0,status,3,VILLAGER,ALIVE,Sample12
0,status,4,VILLAGER,ALIVE,Sample8
0,status,5,SEER,ALIVE,Sample11
0,status,6,VILLAGER,ALIVE,Sample7
0,status,7,WEREWOLF,ALIVE,Sample10
0,status,8,BODYGUARD,ALIVE,Sample6
0,status,9,VILLAGER,ALIVE,Sample5
0,status,10,POSSESSED,ALIVE,Sample4
0,status,11,MEDIUM,ALIVE,Sample3
0,status,12,VILLAGER,ALIVE,Sample14
0,status,13,VILLAGER,ALIVE,Sample2
0,status,14,WEREWOLF,ALIVE,Sample13
0,status,15,VILLAGER,ALIVE,Sample1
0,whisper,0,0,2,COMINGOUT Agent[02] VILLAGER
0,whisper,1,0,14,COMINGOUT Agent[14] VILLAGER
0,whisper,2,0,7,COMINGOUT Agent[07] VILLAGER
0,whisper,3,1,7,ATTACK Agent[12]
0,whisper,4,1,14,ATTACK Agent[15]
0,whisper,5,1,2,ATTACK Agent[10]
0,whisper,6,2,7,ATTACK Agent[06]
0,whisper,7,2,14,ATTACK Agent[09]
0,whisper,8,2,2,ATTACK Agent[09]
0,whisper,9,3,14,ATTACK Agent[06]
0,whisper,10,3,7,ATTACK Agent[13]
0,whisper,11,3,2,ATTACK Agent[03]
0,whisper,12,4,14,ATTACK Agent[04]
0,whisper,13,4,7,ATTACK Agent[06]
0,whisper,14,4,2,ATTACK Agent[08]
0,whisper,15,5,2,ATTACK Agent[15]
0,whisper,16,5,7,ATTACK Agent[13]
0,whisper,17,5,14,ATTACK Agent[10]
0,whisper,18,6,2,ATTACK Agent[03]
0,whisper,19,6,7,ATTACK Agent[08]
0,whisper,20,6,14,ATTACK Agent[01]
0,whisper,21,7,7,ATTACK Agent[12]
0,whisper,22,7,14,ATTACK Agent[04]
0,whisper,23,7,2,ATTACK Agent[04]
0,whisper,24,8,14,ATTACK Agent[13]
0,whisper,25,8,2,ATTACK Agent[13]
0,whisper,26,8,7,ATTACK Agent[04]
0,whisper,27,9,7,ATTACK Agent[15]
0,whisper,28,9,2,ATTACK Agent[10]
0,whisper,29,9,14,ATTACK Agent[03]
0,whisper,30,10,14,Over
0,whisper,31,10,7,Over
0,whisper,32,10,2,Over
0,divine,5,8,HUMAN
1,status,1,VILLAGER,ALIVE,MtAgent
1,status,2,WEREWOLF,ALIVE,Sample9
1,status,3,VILLAGER,ALIVE,Sample12
1,status,4,VILLAGER,ALIVE,Sample8
1,status,5,SEER,ALIVE,Sample11
1,status,6,VILLAGER,ALIVE,Sample7
1,status,7,WEREWOLF,ALIVE,Sample10
1,status,8,BODYGUARD,ALIVE,Sample6
1,status,9,VILLAGER,ALIVE,Sample5
1,status,10,POSSESSED,ALIVE,Sample4
1,status,11,MEDIUM,ALIVE,Sample3
1,status,12,VILLAGER,ALIVE,Sample14
1,status,13,VILLAGER,ALIVE,Sample2
1,status,14,WEREWOLF,ALIVE,Sample13
1,status,15,VILLAGER,ALIVE,Sample1
1,talk,0,0,9,VOTE Agent[14]
1,talk,1,0,2,ESTIMATE Agent[06] WEREWOLF
1,talk,2,0,4,VOTE Agent[07]
1,talk,3,0,5,VOTE Agent[07]
1,talk,4,0,7,ESTIMATE Agent[03] WEREWOLF
1,talk,5,0,11,COMINGOUT Agent[11] MEDIUM
1,talk,6,0,14,ESTIMATE Agent[03] WEREWOLF
1,talk,7,0,8,VOTE Agent[10]
1,talk,8,0,15,VOTE Agent[04]
1,talk,9,0,1,VOTE Agent[06]
1,talk,10,0,13,VOTE Agent[09]
1,talk,11,0,10,COMINGOUT Agent[10] SEER
1,talk,12,0,6,VOTE Agent[04]
1,talk,13,0,3,VOTE Agent[07]
1,talk,14,0,12,VOTE Agent[06]
1,talk,15,1,13,Skip
1,talk,16,1,4,Skip
1,talk,17,1,11,VOTE Agent[14]
1,talk,18,1,12,Skip
1,talk,19,1,2,VOTE Agent[06]
1,talk,20,1,9,Skip
1,talk,21,1,10,DIVINED Agent[05] WEREWOLF
1,talk,22,1,8,Skip
1,talk,23,1,7,VOTE Agent[03]
1,talk,24,1,5,COMINGOUT Agent[05] SEER
1,talk,25,1,6,Skip
1,talk,26,1,3,Skip
1,talk,27,1,1,VOTE Agent[07]
1,talk,28,1,14,VOTE Agent[03]
1,talk,29,1,15,Skip
1,talk,30,2,3,Skip
1,talk,31,2,1,Skip
1,talk,32,2,12,Skip
1,talk,33,2,10,ESTIMATE Agent[05] WEREWOLF
1,talk,34,2,14,Skip
1,talk,35,2,5,DIVINED Agent[08] HUMAN
1,talk,36,2,6,Skip
1,talk,37,2,9,Skip
1,talk,38,2,8,Skip
1,talk,39,2,4,Skip
1,talk,40,2,13,Skip
1,talk,41,2,7,Skip
1,talk,42,2,15,Skip
1,talk,43,2,11,Skip
1,talk,44,2,2,Skip
1,talk,45,3,14,Skip
1,talk,46,3,15,Over
1,talk,47,3,1,Skip
1,talk,48,3,5,ESTIMATE Agent[10] WEREWOLF
1,talk,49,3,8,Over
1,talk,50,3,6,Over
1,talk,51,3,2,Skip
1,talk,52,3,3,Over
1,talk,53,3,10,REQUEST(DIVINATION Agent[05])
1,talk,54,3,12,Over
1,talk,55,3,7,Skip
1,talk,56,3,4,Over
1,talk,57,3,11,Skip
1,talk,58,3,13,Over
1,talk,59,3,9,Over
1,talk,60,4,6,Over
1,talk,61,4,13,Over
1,talk,62,4,2,Over
1,talk,63,4,11,Over
1,talk,64,4,7,Over
1,talk,65,4,12,Over
1,talk,66,4,8,Over
1,talk,67,4,1,Over
1,talk,68,4,3,Over
1,talk,69,4,9,Over
1,talk,70,4,10,VOTE Agent[05]
1,talk,71,4,15,Over
1,talk,72,4,14,Over
1,talk,73,4,5,VOTE Agent[10]
1,talk,74,4,4,Over
1,talk,75,5,15,Over
1,talk,76,5,6,Over
1,talk,77,5,9,Over
1,talk,78,5,14,Over
1,talk,79,5,3,Over
1,talk,80,5,5,Skip
1,talk,81,5,10,Skip
1,talk,82,5,4,Over
1,talk,83,5,11,Over
1,talk,84,5,7,Over
1,talk,85,5,13,Over
1,talk,86,5,1,VOTE Agent[04]
1,talk,87,5,2,Over
1,talk,88,5,12,Over
1,talk,89,5,8,Over
1,talk,90,6,13,Over
1,talk,91,6,15,Over
1,talk,92,6,8,Over
1,talk,93,6,5,Skip
1,talk,94,6,6,Over
1,talk,95,6,7,Over
1,talk,96,6,1,Skip
1,talk,97,6,4,Over
1,talk,98,6,3,Over
1,talk,99,6,2,Over
1,talk,100,6,11,Over
1,talk,101,6,14,Over
1,talk,102,6,12,Over
1,talk,103,6,10,Skip
1,talk,104,6,9,Over
1,talk,105,7,2,Over
1,talk,106,7,3,Over
1,talk,107,7,11,Over
1,talk,108,7,5,Over
1,talk,109,7,14,Over
1,talk,110,7,8,Over
1,talk,111,7,13,Over
1,talk,112,7,4,Over
1,talk,113,7,7,Over
1,talk,114,7,6,Over
1,talk,115,7,12,Over
1,talk,116,7,15,Over
1,talk,117,7,9,Over
1,talk,118,7,10,Over
1,talk,119,7,1,Skip
1,talk,120,8,5,Over
1,talk,121,8,2,Over
1,talk,122,8,3,Over
1,talk,123,8,13,Over
1,talk,124,8,10,Over
1,talk,125,8,9,Over
1,talk,126,8,14,Over
1,talk,127,8,8,Over
1,talk,128,8,15,Over
1,talk,129,8,11,Over
1,talk,130,8,1,Over
1,talk,131,8,12,Over
1,talk,132,8,4,Over
1,talk,133,8,6,Over
1,talk,134,8,7,Over
1,vote,1,4
1,vote,2,6
1,vote,3,7
1,vote,4,7
1,vote,5,10
1,vote,6,4
1,vote,7,3
1,vote,8,10
1,vote,9,14
1,vote,10,5
1,vote,11,14
1,vote,12,6
1,vote,13,9
1,vote,14,3
1,vote,15,4
1,execute,4,VILLAGER
1,divine,5,10,HUMAN
1,whisper,0,0,2,ESTIMATE Agent[10] POSSESSED
1,whisper,1,0,7,ESTIMATE Agent[10] POSSESSED
1,whisper,2,0,14,ESTIMATE Agent[10] POSSESSED
1,whisper,3,1,14,ATTACK Agent[05]
1,whisper,4,1,2,ATTACK Agent[05]
1,whisper,5,1,7,ATTACK Agent[11]
1,whisper,6,2,14,ATTACK Agent[11]
1,whisper,7,2,2,Skip
1,whisper,8,2,7,ATTACK Agent[05]
1,whisper,9,3,14,ATTACK Agent[05]
1,whisper,10,3,7,ATTACK Agent[11]
1,whisper,11,3,2,Skip
1,whisper,12,4,7,ATTACK Agent[05]
1,whisper,13,4,2,ATTACK Agent[11]
1,whisper,14,4,14,Skip
1,whisper,15,5,14,Skip
1,whisper,16,5,7,Skip
1,whisper,17,5,2,Skip
1,whisper,18,6,2,Skip
1,whisper,19,6,7,Skip
1,whisper,20,6,14,ATTACK Agent[11]
1,whisper,21,7,7,ATTACK Agent[11]
1,whisper,22,7,2,Over
1,whisper,23,7,14,ATTACK Agent[05]
1,whisper,24,8,2,ATTACK Agent[05]
1,whisper,25,8,7,Skip
1,whisper,26,8,14,ATTACK Agent[11]
1,whisper,27,9,2,ATTACK Agent[11]
1,whisper,28,9,7,ATTACK Agent[05]
1,whisper,29,9,14,ATTACK Agent[05]
1,whisper,30,10,7,Skip
1,whisper,31,10,14,Skip
1,whisper,32,10,2,ATTACK Agent[05]
1,whisper,33,11,14,Skip
1,whisper,34,11,2,Skip
1,whisper,35,11,7,Skip
1,whisper,36,12,7,Over
1,whisper,37,12,2,Skip
1,whisper,38,12,14,ATTACK Agent[11]
1,whisper,39,13,14,Skip
1,whisper,40,13,2,ATTACK Agent[11]
1,whisper,41,13,7,ATTACK Agent[11]
1,whisper,42,14,2,ATTACK Agent[05]
1,whisper,43,14,7,ATTACK Agent[05]
1,whisper,44,14,14,ATTACK Agent[05]
1,whisper,45,15,7,ATTACK Agent[11]
1,whisper,46,15,2,ATTACK Agent[11]
1,whisper,47,15,14,Over
1,whisper,48,16,2,Skip
1,whisper,49,16,7,Over
1,whisper,50,16,14,Over
1,whisper,51,17,2,ATTACK Agent[05]
1,whisper,52,17,14,Over
1,whisper,53,17,7,Over
1,whisper,54,18,2,Over
1,whisper,55,18,7,Over
1,whisper,56,18,14,Over
1,guard,8,5,SEER
1,attackVote,2,5
1,attackVote,7,11
1,attackVote,14,5
1,attack,5,false
2,status,1,VILLAGER,ALIVE,MtAgent
2,status,2,WEREWOLF,ALIVE,Sample9
2,status,3,VILLAGER,ALIVE,Sample12
2,status,4,VILLAGER,DEAD,Sample8
2,status,5,SEER,ALIVE,Sample11
2,status,6,VILLAGER,ALIVE,Sample7
2,status,7,WEREWOLF,ALIVE,Sample10
2,status,8,BODYGUARD,ALIVE,Sample6
2,status,9,VILLAGER,ALIVE,Sample5
2,status,10,POSSESSED,ALIVE,Sample4
2,status,11,MEDIUM,ALIVE,Sample3
2,status,12,VILLAGER,ALIVE,Sample14
2,status,13,VILLAGER,ALIVE,Sample2
2,status,14,WEREWOLF,ALIVE,Sample13
2,status,15,VILLAGER,ALIVE,Sample1
2,talk,0,0,5,DIVINED Agent[10] HUMAN
2,talk,1,0,11,IDENTIFIED Agent[04] HUMAN
2,talk,2,0,10,DIVINED Agent[03] HUMAN
2,talk,3,0,9,VOTE Agent[01]
2,talk,4,0,14,ESTIMATE Agent[08] WEREWOLF
2,talk,5,0,12,VOTE Agent[02]
2,talk,6,0,8,VOTE Agent[09]
2,talk,7,0,6,VOTE Agent[10]
2,talk,8,0,7,ESTIMATE Agent[03] WEREWOLF
2,talk,9,0,3,VOTE Agent[08]
2,talk,10,0,13,VOTE Agent[11]
2,talk,11,0,15,VOTE Agent[09]
2,talk,12,0,2,ESTIMATE Agent[09] WEREWOLF
2,talk,13,0,1,VOTE Agent[02]
2,talk,14,1,9,Skip
2,talk,15,1,7,VOTE Agent[03]
2,talk,16,1,14,VOTE Agent[08]
2,talk,17,1,2,VOTE Agent[09]
2,talk,18,1,15,Skip
2,talk,19,1,10,ESTIMATE Agent[05] WEREWOLF
2,talk,20,1,5,ESTIMATE Agent[10] POSSESSED
2,talk,21,1,1,Skip
2,talk,22,1,11,VOTE Agent[12]
2,talk,23,1,8,Skip
2,talk,24,1,13,Skip
2,talk,25,1,12,Skip
2,talk,26,1,3,Skip
2,talk,27,1,6,Skip
2,talk,28,2,6,Skip
2,talk,29,2,2,Skip
2,talk,30,2,14,Skip
2,talk,31,2,13,Skip
2,talk,32,2,10,REQUEST(DIVINATION Agent[05])
2,talk,33,2,8,Skip
2,talk,34,2,15,Skip
2,talk,35,2,1,Skip
2,talk,36,2,12,Skip
2,talk,37,2,7,Skip
2,talk,38,2,3,Skip
2,talk,39,2,9,Skip
2,talk,40,2,11,Skip
2,talk,41,2,5,VOTE Agent[13]
2,talk,42,3,15,Over
2,talk,43,3,7,Skip
2,talk,44,3,3,Over
2,talk,45,3,10,VOTE Agent[05]
2,talk,46,3,5,ESTIMATE Agent[10] POSSESSED
2,talk,47,3,11,Skip
2,talk,48,3,9,Over
2,talk,49,3,12,Over
2,talk,50,3,1,Over
2,talk,51,3,8,Over
2,talk,52,3,6,Over
2,talk,53,3,14,Skip
2,talk,54,3,13,Over
2,talk,55,3,2,Skip
2,talk,56,4,10,Skip
2,talk,57,4,13,Over
2,talk,58,4,14,Over
2,talk,59,4,3,Over
2,talk,60,4,12,Over
2,talk,61,4,6,Over
2,talk,62,4,1,Over
2,talk,63,4,7,Over
2,talk,64,4,8,Over
2,talk,65,4,5,ESTIMATE Agent[10] POSSESSED
2,talk,66,4,15,Over
2,talk,67,4,2,Over
2,talk,68,4,9,Over
2,talk,69,4,11,Over
2,talk,70,5,3,Over
2,talk,71,5,12,Over
2,talk,72,5,5,ESTIMATE Agent[10] POSSESSED
2,talk,73,5,10,Skip
2,talk,74,5,2,Over
2,talk,75,5,7,Over
2,talk,76,5,13,Over
2,talk,77,5,14,Over
2,talk,78,5,9,Over
2,talk,79,5,6,Over
2,talk,80,5,11,Over
2,talk,81,5,1,Over
2,talk,82,5,8,Over
2,talk,83,5,15,Over
2,talk,84,6,15,Over
2,talk,85,6,12,Over
2,talk,86,6,5,ESTIMATE Agent[10] POSSESSED
2,talk,87,6,2,Over
2,talk,88,6,3,Over
2,talk,89,6,14,Over
2,talk,90,6,6,Over
2,talk,91,6,11,Over
2,talk,92,6,9,Over
2,talk,93,6,10,Over
2,talk,94,6,1,Over
2,talk,95,6,13,Over
2,talk,96,6,7,Over
2,talk,97,6,8,Over
2,talk,98,7,7,Over
2,talk,99,7,2,Over
2,talk,100,7,6,Over
2,talk,101,7,11,Over
2,talk,102,7,10,Over
2,talk,103,7,15,Over
2,talk,104,7,9,Over
2,talk,105,7,3,Over
2,talk,106,7,8,Over
2,talk,107,7,5,ESTIMATE Agent[10] POSSESSED
2,talk,108,7,13,Over
2,talk,109,7,14,Over
2,talk,110,7,12,Over
2,talk,111,7,1,Over
2,talk,112,8,3,Over
2,talk,113,8,8,Over
2,talk,114,8,11,Over
2,talk,115,8,6,Over
2,talk,116,8,10,Over
2,talk,117,8,12,Over
2,talk,118,8,14,Over
2,talk,119,8,9,Over
2,talk,120,8,5,ESTIMATE Agent[10] POSSESSED
2,talk,121,8,1,Over
2,talk,122,8,13,Over
2,talk,123,8,15,Over
2,talk,124,8,2,Over
2,talk,125,8,7,Over
2,talk,126,9,11,Over
2,talk,127,9,8,Over
2,talk,128,9,13,Over
2,talk,129,9,5,ESTIMATE Agent[10] POSSESSED
2,talk,130,9,10,Over
2,talk,131,9,15,Over
2,talk,132,9,3,Over
2,talk,133,9,2,Over
2,talk,134,9,14,Over
2,talk,135,9,1,Over
2,talk,136,9,9,Over
2,talk,137,9,12,Over
2,talk,138,9,6,Over
2,talk,139,9,7,Over
2,talk,140,10,6,Over
2,talk,141,10,2,Over
2,talk,142,10,1,Over
2,talk,143,10,14,Over
2,talk,144,10,11,Over
2,talk,145,10,15,Over
2,talk,146,10,13,Over
2,talk,147,10,8,Over
2,talk,148,10,10,Over
2,talk,149,10,9,Over
2,talk,150,10,7,Over
2,talk,151,10,5,Over
2,talk,152,10,12,Over
2,talk,153,10,3,Over
2,vote,1,2
2,vote,2,9
2,vote,3,8
2,vote,5,13
2,vote,6,10
2,vote,7,3
2,vote,8,9
2,vote,9,1
2,vote,10,5
2,vote,11,12
2,vote,12,2
2,vote,13,11
2,vote,14,8
2,vote,15,9
2,execute,9,VILLAGER
2,divine,5,3,HUMAN
2,whisper,0,0,7,ATTACK Agent[05]
2,whisper,1,0,14,ATTACK Agent[11]
2,whisper,2,0,2,ATTACK Agent[05]
2,whisper,3,1,2,ATTACK Agent[11]
2,whisper,4,1,14,ATTACK Agent[05]
2,whisper,5,1,7,ATTACK Agent[11]
2,whisper,6,2,14,ATTACK Agent[11]
2,whisper,7,2,7,Skip
2,whisper,8,2,2,Skip
2,whisper,9,3,2,Skip
2,whisper,10,3,14,ATTACK Agent[05]
2,whisper,11,3,7,Skip
2,whisper,12,4,7,Over
2,whisper,13,4,2,Over
2,whisper,14,4,14,ATTACK Agent[11]
2,whisper,15,5,14,ATTACK Agent[05]
2,whisper,16,5,2,Over
2,whisper,17,5,7,ATTACK Agent[05]
2,whisper,18,6,14,ATTACK Agent[11]
2,whisper,19,6,2,Over
2,whisper,20,6,7,ATTACK Agent[11]
2,whisper,21,7,2,ATTACK Agent[05]
2,whisper,22,7,7,Skip
2,whisper,23,7,14,ATTACK Agent[05]
2,whisper,24,8,14,ATTACK Agent[11]
2,whisper,25,8,2,ATTACK Agent[11]
2,whisper,26,8,7,ATTACK Agent[05]
2,whisper,27,9,2,Skip
2,whisper,28,9,14,ATTACK Agent[05]
2,whisper,29,9,7,Skip
2,whisper,30,10,2,ATTACK Agent[05]
2,whisper,31,10,7,Skip
2,whisper,32,10,14,Over
2,whisper,33,11,7,Over
2,whisper,34,11,2,Skip
2,whisper,35,11,14,Over
2,whisper,36,12,2,Skip
2,whisper,37,12,7,ATTACK Agent[11]
2,whisper,38,12,14,Over
2,whisper,39,13,2,Over
2,whisper,40,13,7,ATTACK Agent[05]
2,whisper,41,13,14,Over
2,whisper,42,14,7,Skip
2,whisper,43,14,2,ATTACK Agent[11]
2,whisper,44,14,14,Over
2,whisper,45,15,2,ATTACK Agent[05]
2,whisper,46,15,14,Over
2,whisper,47,15,7,ATTACK Agent[11]
2,whisper,48,16,7,Skip
2,whisper,49,16,14,Over
2,whisper,50,16,2,ATTACK Agent[11]
2,whisper,51,17,7,Skip
2,whisper,52,17,14,Over
2,whisper,53,17,2,ATTACK Agent[05]
2,whisper,54,18,7,ATTACK Agent[05]
2,whisper,55,18,14,Over
2,whisper,56,18,2,Skip
2,whisper,57,19,7,Skip
2,whisper,58,19,14,Over
2,whisper,59,19,2,Skip
2,guard,8,5,SEER
2,attackVote,2,11
2,attackVote,7,5
2,attackVote,14,11
2,attack,11,true
3,status,1,VILLAGER,ALIVE,MtAgent
3,status,2,WEREWOLF,ALIVE,Sample9
3,status,3,VILLAGER,ALIVE,Sample12
3,status,4,VILLAGER,DEAD,Sample8
3,status,5,SEER,ALIVE,Sample11
3,status,6,VILLAGER,ALIVE,Sample7
3,status,7,WEREWOLF,ALIVE,Sample10
3,status,8,BODYGUARD,ALIVE,Sample6
3,status,9,VILLAGER,DEAD,Sample5
3,status,10,POSSESSED,ALIVE,Sample4
3,status,11,MEDIUM,DEAD,Sample3
3,status,12,VILLAGER,ALIVE,Sample14
3,status,13,VILLAGER,ALIVE,Sample2
3,status,14,WEREWOLF,ALIVE,Sample13
3,status,15,VILLAGER,ALIVE,Sample1
3,talk,0,0,8,VOTE Agent[03]
3,talk,1,0,5,DIVINED Agent[03] HUMAN
3,talk,2,0,2,ESTIMATE Agent[12] WEREWOLF
3,talk,3,0,6,VOTE Agent[01]
3,talk,4,0,14,ESTIMATE Agent[15] WEREWOLF
3,talk,5,0,7,ESTIMATE Agent[15] WEREWOLF
3,talk,6,0,10,DIVINED Agent[07] HUMAN
3,talk,7,0,15,VOTE Agent[05]
3,talk,8,0,3,VOTE Agent[06]
3,talk,9,0,12,VOTE Agent[06]
3,talk,10,0,1,VOTE Agent[02]
3,talk,11,0,13,VOTE Agent[03]
3,talk,12,1,2,VOTE Agent[12]
3,talk,13,1,5,ESTIMATE Agent[10] POSSESSED
3,talk,14,1,3,Skip
3,talk,15,1,12,Skip
3,talk,16,1,7,VOTE Agent[15]
3,talk,17,1,14,VOTE Agent[15]
3,talk,18,1,8,Skip
3,talk,19,1,6,Skip
3,talk,20,1,1,Skip
3,talk,21,1,13,Skip
3,talk,22,1,15,Skip
3,talk,23,1,10,ESTIMATE Agent[05] WEREWOLF
3,talk,24,2,12,Skip
3,talk,25,2,15,Skip
3,talk,26,2,2,Skip
3,talk,27,2,8,Skip
3,talk,28,2,1,VOTE Agent[15]
3,talk,29,2,3,Skip
3,talk,30,2,7,Skip
3,talk,31,2,10,REQUEST(DIVINATION Agent[05])
3,talk,32,2,5,VOTE Agent[03]
3,talk,33,2,6,Skip
3,talk,34,2,13,Skip
3,talk,35,2,14,Skip
3,talk,36,3,7,Skip
3,talk,37,3,6,Over
3,talk,38,3,12,Over
3,talk,39,3,8,Over
3,talk,40,3,10,VOTE Agent[05]
3,talk,41,3,1,Skip
3,talk,42,3,2,Skip
3,talk,43,3,5,ESTIMATE Agent[10] POSSESSED
3,talk,44,3,15,Over
3,talk,45,3,13,Over
3,talk,46,3,3,Over
3,talk,47,3,14,Skip
3,talk,48,4,14,Over
3,talk,49,4,15,Over
3,talk,50,4,10,Skip
3,talk,51,4,12,Over
3,talk,52,4,5,ESTIMATE Agent[10] POSSESSED
3,talk,53,4,2,Over
3,talk,54,4,6,Over
3,talk,55,4,13,Over
3,talk,56,4,1,Skip
3,talk,57,4,3,Over
3,talk,58,4,8,Over
3,talk,59,4,7,Over
3,talk,60,5,3,Over
3,talk,61,5,15,Over
3,talk,62,5,6,Over
3,talk,63,5,10,Skip
3,talk,64,5,12,Over
3,talk,65,5,14,Over
3,talk,66,5,5,ESTIMATE Agent[10] POSSESSED
3,talk,67,5,13,Over
3,talk,68,5,1,Over
3,talk,69,5,2,Over
3,talk,70,5,7,Over
3,talk,71,5,8,Over
3,talk,72,6,15,Over
3,talk,73,6,12,Over
3,talk,74,6,14,Over
3,talk,75,6,13,Over
3,talk,76,6,8,Over
3,talk,77,6,1,Over
3,talk,78,6,3,Over
3,talk,79,6,6,Over
3,talk,80,6,5,ESTIMATE Agent[10] POSSESSED
3,talk,81,6,10,Over
3,talk,82,6,7,Over
3,talk,83,6,2,Over
3,talk,84,7,14,Over
3,talk,85,7,13,Over
3,talk,86,7,1,Over
3,talk,87,7,5,ESTIMATE Agent[10] POSSESSED
3,talk,88,7,15,Over
3,talk,89,7,10,Over
3,talk,90,7,6,Over
3,talk,91,7,7,Over
3,talk,92,7,3,Over
3,talk,93,7,8,Over
3,talk,94,7,12,Over
3,talk,95,7,2,Over
3,talk,96,8,6,Over
3,talk,97,8,10,Over
3,talk,98,8,7,Over
3,talk,99,8,14,Over
3,talk,100,8,1,Over
3,talk,101,8,12,Over
3,talk,102,8,8,Over
3,talk,103,8,15,Over
3,talk,104,8,3,Over
3,talk,105,8,5,ESTIMATE Agent[10] POSSESSED
3,talk,106,8,13,Over
3,talk,107,8,2,Over
3,talk,108,9,15,Over
3,talk,109,9,5,ESTIMATE Agent[10] POSSESSED
3,talk,110,9,1,Over
3,talk,111,9,8,Over
3,talk,112,9,6,Over
3,talk,113,9,14,Over
3,talk,114,9,10,Over
3,talk,115,9,7,Over
3,talk,116,9,2,Over
3,talk,117,9,12,Over
3,talk,118,9,13,Over
3,talk,119,9,3,Over
3,talk,120,10,15,Over
3,talk,121,10,14,Over
3,talk,122,10,12,Over
3,talk,123,10,6,Over
3,talk,124,10,8,Over
3,talk,125,10,1,Over
3,talk,126,10,3,Over
3,talk,127,10,2,Over
3,talk,128,10,13,Over
3,talk,129,10,5,Over
3,talk,130,10,10,Over
3,talk,131,10,7,Over
3,vote,1,15
3,vote,2,12
3,vote,3,6
3,vote,5,3
3,vote,6,1
3,vote,7,15
3,vote,8,3
3,vote,10,5
3,vote,12,6
3,vote,13,3
3,vote,14,15
3,vote,15,5
3,vote,1,15
3,vote,2,12
3,vote,3,6
3,vote,5,3
3,vote,6,1
3,vote,7,15
3,vote,8,3
3,vote,10,5
3,vote,12,6
3,vote,13,3
3,vote,14,15
3,vote,15,5
3,execute,3,VILLAGER
3,divine,5,1,HUMAN
3,whisper,0,0,2,ATTACK Agent[05]
3,whisper,1,0,7,ATTACK Agent[05]
3,whisper,2,0,14,ATTACK Agent[05]
3,whisper,3,1,14,Skip
3,whisper,4,1,2,Skip
3,whisper,5,1,7,Skip
3,whisper,6,2,14,Skip
3,whisper,7,2,7,Skip
3,whisper,8,2,2,Skip
3,whisper,9,3,2,Over
3,whisper,10,3,14,Over
3,whisper,11,3,7,Over
3,guard,8,5,SEER
3,attackVote,2,5
3,attackVote,7,5
3,attackVote,14,5
3,attack,5,false
4,status,1,VILLAGER,ALIVE,MtAgent
4,status,2,WEREWOLF,ALIVE,Sample9
4,status,3,VILLAGER,DEAD,Sample12
4,status,4,VILLAGER,DEAD,Sample8
4,status,5,SEER,ALIVE,Sample11
4,status,6,VILLAGER,ALIVE,Sample7
4,status,7,WEREWOLF,ALIVE,Sample10
4,status,8,BODYGUARD,ALIVE,Sample6
4,status,9,VILLAGER,DEAD,Sample5
4,status,10,POSSESSED,ALIVE,Sample4
4,status,11,MEDIUM,DEAD,Sample3
4,status,12,VILLAGER,ALIVE,Sample14
4,status,13,VILLAGER,ALIVE,Sample2
4,status,14,WEREWOLF,ALIVE,Sample13
4,status,15,VILLAGER,ALIVE,Sample1
4,talk,0,0,13,VOTE Agent[02]
4,talk,1,0,15,VOTE Agent[13]
4,talk,2,0,6,VOTE Agent[15]
4,talk,3,0,12,VOTE Agent[07]
4,talk,4,0,7,ESTIMATE Agent[13] WEREWOLF
4,talk,5,0,2,ESTIMATE Agent[05] WEREWOLF
4,talk,6,0,1,VOTE Agent[02]
4,talk,7,0,14,ESTIMATE Agent[15] WEREWOLF
4,talk,8,0,10,DIVINED Agent[08] HUMAN
4,talk,9,0,8,VOTE Agent[10]
4,talk,10,0,5,DIVINED Agent[01] HUMAN
4,talk,11,1,14,VOTE Agent[15]
4,talk,12,1,7,VOTE Agent[13]
4,talk,13,1,13,Skip
4,talk,14,1,10,ESTIMATE Agent[05] WEREWOLF
4,talk,15,1,6,Skip
4,talk,16,1,15,Skip
4,talk,17,1,8,Skip
4,talk,18,1,5,ESTIMATE Agent[10] POSSESSED
4,talk,19,1,12,Skip
4,talk,20,1,2,VOTE Agent[05]
4,talk,21,1,1,Skip
4,talk,22,2,6,Skip
4,talk,23,2,12,Skip
4,talk,24,2,8,Skip
4,talk,25,2,2,Skip
4,talk,26,2,5,VOTE Agent[08]
4,talk,27,2,1,Skip
4,talk,28,2,14,Skip
4,talk,29,2,10,REQUEST(DIVINATION Agent[05])
4,talk,30,2,13,Skip
4,talk,31,2,7,Skip
4,talk,32,2,15,Skip
4,talk,33,3,2,Skip
4,talk,34,3,13,Over
4,talk,35,3,7,Skip
4,talk,36,3,12,Over
4,talk,37,3,15,Over
4,talk,38,3,10,VOTE Agent[05]
4,talk,39,3,6,Over
4,talk,40,3,1,Over
4,talk,41,3,5,ESTIMATE Agent[10] POSSESSED
4,talk,42,3,14,Skip
4,talk,43,3,8,Over
4,talk,44,4,6,Over
4,talk,45,4,14,Over
4,talk,46,4,8,Over
4,talk,47,4,10,Skip
4,talk,48,4,2,Over
4,talk,49,4,7,Over
4,talk,50,4,15,Over
4,talk,51,4,1,Over
4,talk,52,4,12,Over
4,talk,53,4,5,ESTIMATE Agent[10] POSSESSED
4,talk,54,4,13,Over
4,talk,55,5,8,Over
4,talk,56,5,2,Over
4,talk,57,5,14,Over
4,talk,58,5,12,Over
4,talk,59,5,1,Over
4,talk,60,5,15,Over
4,talk,61,5,10,Skip
4,talk,62,5,6,Over
4,talk,63,5,13,Over
4,talk,64,5,7,Over
4,talk,65,5,5,ESTIMATE Agent[10] POSSESSED
4,talk,66,6,7,Over
4,talk,67,6,5,ESTIMATE Agent[10] POSSESSED
4,talk,68,6,15,Over
4,talk,69,6,2,Over
4,talk,70,6,13,Over
4,talk,71,6,12,Over
4,talk,72,6,14,Over
4,talk,73,6,1,Over
4,talk,74,6,10,Over
4,talk,75,6,8,Over
4,talk,76,6,6,Over
4,talk,77,7,1,Over
4,talk,78,7,7,Over
4,talk,79,7,2,Over
4,talk,80,7,5,ESTIMATE Agent[10] POSSESSED
4,talk,81,7,12,Over
4,talk,82,7,14,Over
4,talk,83,7,13,Over
4,talk,84,7,8,Over
4,talk,85,7,6,Over
4,talk,86,7,15,Over
4,talk,87,7,10,Over
4,talk,88,8,7,Over
4,talk,89,8,13,Over
4,talk,90,8,10,Over
4,talk,91,8,1,Over
4,talk,92,8,14,Over
4,talk,93,8,5,ESTIMATE Agent[10] POSSESSED
4,talk,94,8,8,Over
4,talk,95,8,2,Over
4,talk,96,8,12,Over
4,talk,97,8,15,Over
4,talk,98,8,6,Over
4,talk,99,9,15,Over
4,talk,100,9,6,Over
4,talk,101,9,7,Over
4,talk,102,9,14,Over
4,talk,103,9,5,ESTIMATE Agent[10] POSSESSED
4,talk,104,9,12,Over
4,talk,105,9,13,Over
4,talk,106,9,8,Over
4,talk,107,9,1,Over
4,talk,108,9,2,Over
4,talk,109,9,10,Over
4,talk,110,10,14,Over
4,talk,111,10,6,Over
4,talk,112,10,10,Over
4,talk,113,10,2,Over
4,talk,114,10,7,Over
4,talk,115,10,8,Over
4,talk,116,10,12,Over
4,talk,117,10,1,Over
4,talk,118,10,15,Over
4,talk,119,10,13,Over
4,talk,120,10,5,Over
4,vote,1,2
4,vote,2,5
4,vote,5,8
4,vote,6,15
4,vote,7,13
4,vote,8,10
4,vote,10,5
4,vote,12,7
4,vote,13,2
4,vote,14,15
4,vote,15,13
4,vote,1,2
4,vote,2,5
4,vote,5,8
4,vote,6,15
4,vote,7,13
4,vote,8,10
4,vote,10,5
4,vote,12,7
4,vote,13,2
4,vote,14,15
4,vote,15,13
4,execute,15,VILLAGER
4,divine,5,7,WEREWOLF
4,whisper,0,0,14,ATTACK Agent[05]
4,whisper,1,0,2,ATTACK Agent[05]
4,whisper,2,0,7,ATTACK Agent[05]
4,whisper,3,1,2,Skip
4,whisper,4,1,7,Skip
4,whisper,5,1,14,Skip
4,whisper,6,2,7,Skip
4,whisper,7,2,2,Skip
4,whisper,8,2,14,Skip
4,whisper,9,3,2,Over
4,whisper,10,3,7,Over
4,whisper,11,3,14,Over
4,guard,8,5,SEER
4,attackVote,2,5
4,attackVote,7,5
4,attackVote,14,5
4,attack,5,false
5,status,1,VILLAGER,ALIVE,MtAgent
5,status,2,WEREWOLF,ALIVE,Sample9
5,status,3,VILLAGER,DEAD,Sample12
5,status,4,VILLAGER,DEAD,Sample8
5,status,5,SEER,ALIVE,Sample11
5,status,6,VILLAGER,ALIVE,Sample7
5,status,7,WEREWOLF,ALIVE,Sample10
5,status,8,BODYGUARD,ALIVE,Sample6
5,status,9,VILLAGER,DEAD,Sample5
5,status,10,POSSESSED,ALIVE,Sample4
5,status,11,MEDIUM,DEAD,Sample3
5,status,12,VILLAGER,ALIVE,Sample14
5,status,13,VILLAGER,ALIVE,Sample2
5,status,14,WEREWOLF,ALIVE,Sample13
5,status,15,VILLAGER,DEAD,Sample1
5,talk,0,0,13,VOTE Agent[02]
5,talk,1,0,2,ESTIMATE Agent[13] WEREWOLF
5,talk,2,0,10,DIVINED Agent[01] HUMAN
5,talk,3,0,1,VOTE Agent[02]
5,talk,4,0,8,VOTE Agent[14]
5,talk,5,0,12,VOTE Agent[08]
5,talk,6,0,5,DIVINED Agent[07] WEREWOLF
5,talk,7,0,14,ESTIMATE Agent[06] WEREWOLF
5,talk,8,0,6,VOTE Agent[13]
5,talk,9,0,7,ESTIMATE Agent[13] WEREWOLF
5,talk,10,1,1,Skip
5,talk,11,1,8,Skip
5,talk,12,1,12,Skip
5,talk,13,1,7,VOTE Agent[13]
5,talk,14,1,13,Skip
5,talk,15,1,6,Skip
5,talk,16,1,10,ESTIMATE Agent[05] WEREWOLF
5,talk,17,1,14,VOTE Agent[06]
5,talk,18,1,2,VOTE Agent[13]
5,talk,19,1,5,REQUEST(VOTE Agent[07])
5,talk,20,2,8,Skip
5,talk,21,2,5,VOTE Agent[07]
5,talk,22,2,12,Skip
5,talk,23,2,1,Skip
5,talk,24,2,13,Skip
5,talk,25,2,6,Skip
5,talk,26,2,14,Skip
5,talk,27,2,10,REQUEST(DIVINATION Agent[05])
5,talk,28,2,2,Skip
5,talk,29,2,7,Skip
5,talk,30,3,8,Over
5,talk,31,3,2,Skip
5,talk,32,3,10,VOTE Agent[05]
5,talk,33,3,14,Skip
5,talk,34,3,7,Skip
5,talk,35,3,1,Over
5,talk,36,3,6,Over
5,talk,37,3,5,Skip
5,talk,38,3,12,Over
5,talk,39,3,13,Over
5,talk,40,4,14,Over
5,talk,41,4,12,Over
5,talk,42,4,7,Over
5,talk,43,4,13,Over
5,talk,44,4,8,Over
5,talk,45,4,1,Over
5,talk,46,4,2,Over
5,talk,47,4,5,Skip
5,talk,48,4,10,Skip
5,talk,49,4,6,Over
5,talk,50,5,10,Skip
5,talk,51,5,1,Over
5,talk,52,5,12,Over
5,talk,53,5,13,Over
5,talk,54,5,14,Over
5,talk,55,5,5,Over
5,talk,56,5,8,Over
5,talk,57,5,7,Over
5,talk,58,5,6,Over
5,talk,59,5,2,Over
5,talk,60,6,6,Over
5,talk,61,6,5,Over
5,talk,62,6,12,Over
5,talk,63,6,14,Over
5,talk,64,6,2,Over
5,talk,65,6,10,Over
5,talk,66,6,7,Over
5,talk,67,6,1,Over
5,talk,68,6,13,Over
5,talk,69,6,8,Over
5,vote,1,2
5,vote,2,13
5,vote,5,7
5,vote,6,13
5,vote,7,13
5,vote,8,14
5,vote,10,5
5,vote,12,8
5,vote,13,2
5,vote,14,6
5,execute,13,VILLAGER
5,divine,5,2,WEREWOLF
5,whisper,0,0,14,ATTACK Agent[05]
5,whisper,1,0,2,ATTACK Agent[05]
5,whisper,2,0,7,ATTACK Agent[05]
5,whisper,3,1,14,Skip
5,whisper,4,1,2,Skip
5,whisper,5,1,7,Skip
5,whisper,6,2,14,Skip
5,whisper,7,2,2,Skip
5,whisper,8,2,7,Skip
5,whisper,9,3,7,Over
5,whisper,10,3,2,Over
5,whisper,11,3,14,Over
5,guard,8,5,SEER
5,attackVote,2,5
5,attackVote,7,5
5,attackVote,14,5
5,attack,5,false
6,status,1,VILLAGER,ALIVE,MtAgent
6,status,2,WEREWOLF,ALIVE,Sample9
6,status,3,VILLAGER,DEAD,Sample12
6,status,4,VILLAGER,DEAD,Sample8
6,status,5,SEER,ALIVE,Sample11
6,status,6,VILLAGER,ALIVE,Sample7
6,status,7,WEREWOLF,ALIVE,Sample10
6,status,8,BODYGUARD,ALIVE,Sample6
6,status,9,VILLAGER,DEAD,Sample5
6,status,10,POSSESSED,ALIVE,Sample4
6,status,11,MEDIUM,DEAD,Sample3
6,status,12,VILLAGER,ALIVE,Sample14
6,status,13,VILLAGER,DEAD,Sample2
6,status,14,WEREWOLF,ALIVE,Sample13
6,status,15,VILLAGER,DEAD,Sample1
6,talk,0,0,12,VOTE Agent[02]
6,talk,1,0,1,VOTE Agent[02]
6,talk,2,0,8,VOTE Agent[07]
6,talk,3,0,6,VOTE Agent[01]
6,talk,4,0,2,ESTIMATE Agent[12] WEREWOLF
6,talk,5,0,7,ESTIMATE Agent[08] WEREWOLF
6,talk,6,0,14,ESTIMATE Agent[12] WEREWOLF
6,talk,7,0,5,DIVINED Agent[02] WEREWOLF
6,talk,8,0,10,DIVINED Agent[12] HUMAN
6,talk,9,1,7,VOTE Agent[08]
6,talk,10,1,6,Skip
6,talk,11,1,2,VOTE Agent[12]
6,talk,12,1,14,VOTE Agent[12]
6,talk,13,1,12,Skip
6,talk,14,1,10,ESTIMATE Agent[05] WEREWOLF
6,talk,15,1,1,Skip
6,talk,16,1,5,REQUEST(VOTE Agent[07])
6,talk,17,1,8,Skip
6,talk,18,2,7,Skip
6,talk,19,2,14,Skip
6,talk,20,2,5,VOTE Agent[07]
6,talk,21,2,10,REQUEST(DIVINATION Agent[05])
6,talk,22,2,2,Skip
6,talk,23,2,12,Skip
6,talk,24,2,6,Skip
6,talk,25,2,1,Skip
6,talk,26,2,8,Skip
6,talk,27,3,14,Skip
6,talk,28,3,1,Over
6,talk,29,3,7,Skip
6,talk,30,3,12,Over
6,talk,31,3,6,Over
6,talk,32,3,5,Skip
6,talk,33,3,2,Skip
6,talk,34,3,10,VOTE Agent[05]
6,talk,35,3,8,Over
6,talk,36,4,7,Over
6,talk,37,4,2,Over
6,talk,38,4,6,Over
6,talk,39,4,5,Skip
6,talk,40,4,14,Over
6,talk,41,4,10,Skip
6,talk,42,4,1,Over
6,talk,43,4,8,Over
6,talk,44,4,12,Over
6,talk,45,5,2,Over
6,talk,46,5,1,Over
6,talk,47,5,14,Over
6,talk,48,5,5,Over
6,talk,49,5,10,Skip
6,talk,50,5,7,Over
6,talk,51,5,6,Over
6,talk,52,5,12,Over
6,talk,53,5,8,Over
6,talk,54,6,10,Over
6,talk,55,6,12,Over
6,talk,56,6,8,Over
6,talk,57,6,2,Over
6,talk,58,6,7,Over
6,talk,59,6,6,Over
6,talk,60,6,1,Over
6,talk,61,6,5,Over
6,talk,62,6,14,Over
6,vote,1,2
6,vote,2,12
6,vote,5,7
6,vote,6,1
6,vote,7,8
6,vote,8,7
6,vote,10,5
6,vote,12,2
6,vote,14,12
6,vote,1,2
6,vote,2,12
6,vote,5,7
6,vote,6,1
6,vote,7,8
6,vote,8,7
6,vote,10,5
6,vote,12,2
6,vote,14,12
6,execute,2,WEREWOLF
6,divine,5,14,WEREWOLF
6,whisper,0,0,14,ATTACK Agent[05]
6,whisper,1,0,7,ATTACK Agent[05]
6,whisper,2,1,14,Skip
6,whisper,3,1,7,Skip
6,whisper,4,2,14,Skip
6,whisper,5,2,7,Skip
6,whisper,6,3,14,Over
6,whisper,7,3,7,Over
6,guard,8,5,SEER
6,attackVote,7,5
6,attackVote,14,5
6,attack,5,false
7,status,1,VILLAGER,ALIVE,MtAgent
7,status,2,WEREWOLF,DEAD,Sample9
7,status,3,VILLAGER,DEAD,Sample12
7,status,4,VILLAGER,DEAD,Sample8
7,status,5,SEER,ALIVE,Sample11
7,status,6,VILLAGER,ALIVE,Sample7
7,status,7,WEREWOLF,ALIVE,Sample10
7,status,8,BODYGUARD,ALIVE,Sample6
7,status,9,VILLAGER,DEAD,Sample5
7,status,10,POSSESSED,ALIVE,Sample4
7,status,11,MEDIUM,DEAD,Sample3
7,status,12,VILLAGER,ALIVE,Sample14
7,status,13,VILLAGER,DEAD,Sample2
7,status,14,WEREWOLF,ALIVE,Sample13
7,status,15,VILLAGER,DEAD,Sample1
7,talk,0,0,12,VOTE Agent[08]
7,talk,1,0,1,VOTE Agent[10]
7,talk,2,0,7,ESTIMATE Agent[08] WEREWOLF
7,talk,3,0,14,ESTIMATE Agent[01] WEREWOLF
7,talk,4,0,5,DIVINED Agent[14] WEREWOLF
7,talk,5,0,8,VOTE Agent[05]
7,talk,6,0,6,VOTE Agent[01]
7,talk,7,0,10,DIVINED Agent[14] HUMAN
7,talk,8,1,12,Skip
7,talk,9,1,6,Skip
7,talk,10,1,10,ESTIMATE Agent[05] WEREWOLF
7,talk,11,1,14,VOTE Agent[01]
7,talk,12,1,7,VOTE Agent[08]
7,talk,13,1,1,Skip
7,talk,14,1,8,Skip
7,talk,15,1,5,REQUEST(VOTE Agent[14])
7,talk,16,2,5,VOTE Agent[14]
7,talk,17,2,14,Skip
7,talk,18,2,12,Skip
7,talk,19,2,8,Skip
7,talk,20,2,6,Skip
7,talk,21,2,10,REQUEST(DIVINATION Agent[05])
7,talk,22,2,7,Skip
7,talk,23,2,1,VOTE Agent[05]
7,talk,24,3,10,VOTE Agent[05]
7,talk,25,3,8,Over
7,talk,26,3,5,Skip
7,talk,27,3,7,Skip
7,talk,28,3,1,Skip
7,talk,29,3,14,Skip
7,talk,30,3,12,Over
7,talk,31,3,6,Over
7,talk,32,4,5,Skip
7,talk,33,4,8,Over
7,talk,34,4,7,Over
7,talk,35,4,12,Over
7,talk,36,4,14,Over
7,talk,37,4,10,Skip
7,talk,38,4,1,Skip
7,talk,39,4,6,Over
7,talk,40,5,7,Over
7,talk,41,5,12,Over
7,talk,42,5,5,Over
7,talk,43,5,1,Over
7,talk,44,5,14,Over
7,talk,45,5,8,Over
7,talk,46,5,10,Skip
7,talk,47,5,6,Over
7,talk,48,6,8,Over
7,talk,49,6,14,Over
7,talk,50,6,12,Over
7,talk,51,6,6,Over
7,talk,52,6,7,Over
7,talk,53,6,10,Over
7,talk,54,6,1,Over
7,talk,55,6,5,Over
7,vote,1,5
7,vote,5,14
7,vote,6,1
7,vote,7,8
7,vote,8,5
7,vote,10,5
7,vote,12,8
7,vote,14,1
7,execute,5,SEER
7,whisper,0,0,14,ATTACK Agent[01]
7,whisper,1,0,7,ATTACK Agent[01]
7,whisper,2,1,14,ATTACK Agent[12]
7,whisper,3,1,7,Skip
7,whisper,4,2,7,ATTACK Agent[08]
7,whisper,5,2,14,Skip
7,whisper,6,3,7,ATTACK Agent[01]
7,whisper,7,3,14,Skip
7,whisper,8,4,14,ATTACK Agent[06]
7,whisper,9,4,7,ATTACK Agent[06]
7,whisper,10,5,14,ATTACK Agent[01]
7,whisper,11,5,7,ATTACK Agent[01]
7,whisper,12,6,7,Skip
7,whisper,13,6,14,ATTACK Agent[12]
7,whisper,14,7,7,ATTACK Agent[12]
7,whisper,15,7,14,ATTACK Agent[08]
7,whisper,16,8,7,Skip
7,whisper,17,8,14,ATTACK Agent[01]
7,whisper,18,9,7,ATTACK Agent[01]
7,whisper,19,9,14,ATTACK Agent[12]
7,whisper,20,10,14,ATTACK Agent[08]
7,whisper,21,10,7,ATTACK Agent[08]
7,whisper,22,11,14,Skip
7,whisper,23,11,7,Skip
7,whisper,24,12,14,ATTACK Agent[12]
7,whisper,25,12,7,ATTACK Agent[06]
7,whisper,26,13,7,ATTACK Agent[12]
7,whisper,27,13,14,Over
7,whisper,28,14,7,Over
7,whisper,29,14,14,Over
7,guard,8,10,POSSESSED
7,attackVote,7,12
7,attackVote,14,8
7,attackVote,7,1
7,attackVote,14,1
7,attack,1,true
8,status,1,VILLAGER,DEAD,MtAgent
8,status,2,WEREWOLF,DEAD,Sample9
8,status,3,VILLAGER,DEAD,Sample12
8,status,4,VILLAGER,DEAD,Sample8
8,status,5,SEER,DEAD,Sample11
8,status,6,VILLAGER,ALIVE,Sample7
8,status,7,WEREWOLF,ALIVE,Sample10
8,status,8,BODYGUARD,ALIVE,Sample6
8,status,9,VILLAGER,DEAD,Sample5
8,status,10,POSSESSED,ALIVE,Sample4
8,status,11,MEDIUM,DEAD,Sample3
8,status,12,VILLAGER,ALIVE,Sample14
8,status,13,VILLAGER,DEAD,Sample2
8,status,14,WEREWOLF,ALIVE,Sample13
8,status,15,VILLAGER,DEAD,Sample1
8,talk,0,0,7,ESTIMATE Agent[06] WEREWOLF
8,talk,1,0,6,VOTE Agent[08]
8,talk,2,0,14,ESTIMATE Agent[08] WEREWOLF
8,talk,3,0,12,VOTE Agent[10]
8,talk,4,0,10,DIVINED Agent[06] HUMAN
8,talk,5,0,8,VOTE Agent[06]
8,talk,6,1,14,VOTE Agent[08]
8,talk,7,1,6,Skip
8,talk,8,1,12,Skip
8,talk,9,1,7,VOTE Agent[06]
8,talk,10,1,8,Skip
8,talk,11,1,10,ESTIMATE Agent[05] WEREWOLF
8,talk,12,2,12,Skip
8,talk,13,2,14,Skip
8,talk,14,2,7,Skip
8,talk,15,2,8,Skip
8,talk,16,2,10,REQUEST(DIVINATION Agent[05])
8,talk,17,2,6,Skip
8,talk,18,3,6,Over
8,talk,19,3,14,Skip
8,talk,20,3,10,VOTE Agent[05]
8,talk,21,3,8,Over
8,talk,22,3,7,Skip
8,talk,23,3,12,Over
8,talk,24,4,8,Over
8,talk,25,4,7,Over
8,talk,26,4,14,Over
8,talk,27,4,12,Over
8,talk,28,4,6,Over
8,talk,29,4,10,Skip
8,talk,30,5,8,Over
8,talk,31,5,6,Over
8,talk,32,5,10,Skip
8,talk,33,5,14,Over
8,talk,34,5,7,Over
8,talk,35,5,12,Over
8,talk,36,6,7,Over
8,talk,37,6,12,Over
8,talk,38,6,10,Over
8,talk,39,6,8,Over
8,talk,40,6,6,Over
8,talk,41,6,14,Over
8,vote,6,8
8,vote,7,6
8,vote,8,6
8,vote,10,12
8,vote,12,10
8,vote,14,8
8,vote,6,8
8,vote,7,6
8,vote,8,6
8,vote,10,8
8,vote,12,10
8,vote,14,8
8,execute,8,BODYGUARD
8,whisper,0,0,14,ATTACK Agent[06]
8,whisper,1,0,7,ATTACK Agent[12]
8,whisper,2,1,14,ATTACK Agent[12]
8,whisper,3,1,7,ATTACK Agent[06]
8,whisper,4,2,7,Skip
8,whisper,5,2,14,ATTACK Agent[06]
8,whisper,6,3,7,ATTACK Agent[12]
8,whisper,7,3,14,Skip
8,whisper,8,4,14,Skip
8,whisper,9,4,7,ATTACK Agent[06]
8,whisper,10,5,7,Skip
8,whisper,11,5,14,Over
8,whisper,12,6,14,Over
8,whisper,13,6,7,Skip
8,whisper,14,7,7,Over
8,whisper,15,7,14,Over
8,attackVote,7,12
8,attackVote,14,12
8,attack,12,true
9,status,1,VILLAGER,DEAD,MtAgent
9,status,2,WEREWOLF,DEAD,Sample9
9,status,3,VILLAGER,DEAD,Sample12
9,status,4,VILLAGER,DEAD,Sample8
9,status,5,SEER,DEAD,Sample11
9,status,6,VILLAGER,ALIVE,Sample7
9,status,7,WEREWOLF,ALIVE,Sample10
9,status,8,BODYGUARD,DEAD,Sample6
9,status,9,VILLAGER,DEAD,Sample5
9,status,10,POSSESSED,ALIVE,Sample4
9,status,11,MEDIUM,DEAD,Sample3
9,status,12,VILLAGER,DEAD,Sample14
9,status,13,VILLAGER,DEAD,Sample2
9,status,14,WEREWOLF,ALIVE,Sample13
9,status,15,VILLAGER,DEAD,Sample1
9,result,2,2,WEREWOLF
