0,status,1,MEDIUM,ALIVE,MtAgent
0,status,2,WEREWOLF,ALIVE,Sample9
0,status,3,VILLAGER,ALIVE,Sample12
0,status,4,WEREWOLF,ALIVE,Sample8
0,status,5,VILLAGER,ALIVE,Sample11
0,status,6,VILLAGER,ALIVE,Sample7
0,status,7,VILLAGER,ALIVE,Sample10
0,status,8,BODYGUARD,ALIVE,Sample6
0,status,9,VILLAGER,ALIVE,Sample5
0,status,10,VILLAGER,ALIVE,Sample4
0,status,11,WEREWOLF,ALIVE,Sample3
0,status,12,SEER,ALIVE,Sample14
0,status,13,VILLAGER,ALIVE,Sample2
0,status,14,VILLAGER,ALIVE,Sample13
0,status,15,POSSESSED,ALIVE,Sample1
0,whisper,0,0,4,COMINGOUT Agent[04] VILLAGER
0,whisper,1,0,11,COMINGOUT Agent[11] MEDIUM
0,whisper,2,0,2,COMINGOUT Agent[02] VILLAGER
0,whisper,3,1,11,ATTACK Agent[05]
0,whisper,4,1,2,ATTACK Agent[06]
0,whisper,5,1,4,ATTACK Agent[08]
0,whisper,6,2,2,ATTACK Agent[03]
0,whisper,7,2,4,ATTACK Agent[03]
0,whisper,8,2,11,ATTACK Agent[12]
0,whisper,9,3,11,ATTACK Agent[09]
0,whisper,10,3,2,ATTACK Agent[06]
0,whisper,11,3,4,ATTACK Agent[15]
0,whisper,12,4,11,ATTACK Agent[13]
0,whisper,13,4,2,ATTACK Agent[12]
0,whisper,14,4,4,ATTACK Agent[13]
0,whisper,15,5,11,ATTACK Agent[14]
0,whisper,16,5,2,ATTACK Agent[15]
0,whisper,17,5,4,ATTACK Agent[15]
0,whisper,18,6,11,ATTACK Agent[13]
0,whisper,19,6,4,ATTACK Agent[10]
0,whisper,20,6,2,ATTACK Agent[14]
0,whisper,21,7,4,ATTACK Agent[14]
0,whisper,22,7,11,ATTACK Agent[09]
0,whisper,23,7,2,ATTACK Agent[13]
0,whisper,24,8,4,ATTACK Agent[05]
0,whisper,25,8,11,ATTACK Agent[08]
0,whisper,26,8,2,ATTACK Agent[06]
0,whisper,27,9,4,ATTACK Agent[10]
0,whisper,28,9,2,ATTACK Agent[14]
0,whisper,29,9,11,ATTACK Agent[06]
0,whisper,30,10,11,Over
0,whisper,31,10,4,Over
0,whisper,32,10,2,Over
0,divine,12,9,HUMAN
1,status,1,MEDIUM,ALIVE,MtAgent
1,status,2,WEREWOLF,ALIVE,Sample9
1,status,3,VILLAGER,ALIVE,Sample12
1,status,4,WEREWOLF,ALIVE,Sample8
1,status,5,VILLAGER,ALIVE,Sample11
1,status,6,VILLAGER,ALIVE,Sample7
1,status,7,VILLAGER,ALIVE,Sample10
1,status,8,BODYGUARD,ALIVE,Sample6
1,status,9,VILLAGER,ALIVE,Sample5
1,status,10,VILLAGER,ALIVE,Sample4
1,status,11,WEREWOLF,ALIVE,Sample3
1,status,12,SEER,ALIVE,Sample14
1,status,13,VILLAGER,ALIVE,Sample2
1,status,14,VILLAGER,ALIVE,Sample13
1,status,15,POSSESSED,ALIVE,Sample1
1,talk,0,0,1,COMINGOUT Agent[01] MEDIUM
1,talk,1,0,10,VOTE Agent[01]
1,talk,2,0,15,COMINGOUT Agent[15] SEER
1,talk,3,0,8,VOTE Agent[05]
1,talk,4,0,6,VOTE Agent[13]
1,talk,5,0,7,VOTE Agent[11]
1,talk,6,0,11,ESTIMATE Agent[14] WEREWOLF
1,talk,7,0,3,VOTE Agent[12]
1,talk,8,0,2,ESTIMATE Agent[13] WEREWOLF
1,talk,9,0,12,VOTE Agent[13]
1,talk,10,0,13,VOTE Agent[08]
1,talk,11,0,9,VOTE Agent[11]
1,talk,12,0,4,ESTIMATE Agent[14] WEREWOLF
1,talk,13,0,5,VOTE Agent[06]
1,talk,14,0,14,VOTE Agent[06]
1,talk,15,1,3,Skip
1,talk,16,1,5,Skip
1,talk,17,1,2,VOTE Agent[13]
1,talk,18,1,12,COMINGOUT Agent[12] SEER
1,talk,19,1,15,DIVINED Agent[03] HUMAN
1,talk,20,1,7,Skip
1,talk,21,1,6,Skip
1,talk,22,1,8,Skip
1,talk,23,1,9,Skip
1,talk,24,1,1,VOTE Agent[02]
1,talk,25,1,10,Skip
1,talk,26,1,14,Skip
1,talk,27,1,11,VOTE Agent[14]
1,talk,28,1,13,Skip
1,talk,29,1,4,VOTE Agent[14]
1,talk,30,2,4,Skip
1,talk,31,2,10,Skip
1,talk,32,2,11,ESTIMATE Agent[01] WEREWOLF
1,talk,33,2,1,VOTE Agent[11]
1,talk,34,2,6,Skip
1,talk,35,2,7,Skip
1,talk,36,2,3,Skip
1,talk,37,2,14,Skip
1,talk,38,2,8,Skip
1,talk,39,2,5,Skip
1,talk,40,2,2,Skip
1,talk,41,2,12,DIVINED Agent[09] HUMAN
1,talk,42,2,9,Skip
1,talk,43,2,13,Skip
1,talk,44,2,15,ESTIMATE Agent[01] WEREWOLF
1,talk,45,3,10,Over
1,talk,46,3,1,Skip
1,talk,47,3,4,Skip
1,talk,48,3,9,Over
1,talk,49,3,13,Over
1,talk,50,3,3,Over
1,talk,51,3,6,Over
1,talk,52,3,11,VOTE Agent[01]
1,talk,53,3,7,Over
1,talk,54,3,2,Skip
1,talk,55,3,8,Over
1,talk,56,3,5,Over
1,talk,57,3,15,REQUEST(DIVINATION Agent[01])
1,talk,58,3,12,ESTIMATE Agent[15] WEREWOLF
1,talk,59,3,14,Over
1,talk,60,4,8,Over
1,talk,61,4,12,VOTE Agent[15]
1,talk,62,4,9,Over
1,talk,63,4,4,Over
1,talk,64,4,6,Over
1,talk,65,4,10,Over
1,talk,66,4,13,Over
1,talk,67,4,1,Skip
1,talk,68,4,2,Over
1,talk,69,4,3,Over
1,talk,70,4,7,Over
1,talk,71,4,14,Over
1,talk,72,4,15,VOTE Agent[01]
1,talk,73,4,11,COMINGOUT Agent[11] MEDIUM
1,talk,74,4,5,Over
1,talk,75,5,10,Over
1,talk,76,5,14,Over
1,talk,77,5,15,ESTIMATE Agent[12] WEREWOLF
1,talk,78,5,8,Over
1,talk,79,5,13,Over
1,talk,80,5,9,Over
1,talk,81,5,3,Over
1,talk,82,5,4,Over
1,talk,83,5,12,Skip
1,talk,84,5,1,Over
1,talk,85,5,7,Over
1,talk,86,5,5,Over
1,talk,87,5,6,Over
1,talk,88,5,2,Over
1,talk,89,5,11,Skip
1,talk,90,6,1,Over
1,talk,91,6,2,Over
1,talk,92,6,5,Over
1,talk,93,6,3,Over
1,talk,94,6,13,Over
1,talk,95,6,9,Over
1,talk,96,6,6,Over
1,talk,97,6,12,Skip
1,talk,98,6,4,Over
1,talk,99,6,14,Over
1,talk,100,6,15,REQUEST(DIVINATION Agent[12])
1,talk,101,6,11,Skip
1,talk,102,6,10,Over
1,talk,103,6,7,Over
1,talk,104,6,8,Over
1,talk,105,7,10,Over
1,talk,106,7,8,Over
1,talk,107,7,14,Over
1,talk,108,7,4,Over
1,talk,109,7,2,Over
1,talk,110,7,11,Over
1,talk,111,7,7,Over
1,talk,112,7,1,Over
1,talk,113,7,9,Over
1,talk,114,7,13,Over
1,talk,115,7,15,VOTE Agent[12]
1,talk,116,7,3,Over
1,talk,117,7,5,Over
1,talk,118,7,12,Over
1,talk,119,7,6,Over
1,talk,120,8,15,Skip
1,talk,121,8,11,Over
1,talk,122,8,3,Over
1,talk,123,8,2,Over
1,talk,124,8,7,Over
1,talk,125,8,4,Over
1,talk,126,8,8,Over
1,talk,127,8,9,Over
1,talk,128,8,12,Over
1,talk,129,8,5,Over
1,talk,130,8,13,Over
1,talk,131,8,6,Over
1,talk,132,8,10,Over
1,talk,133,8,1,Over
1,talk,134,8,14,Over
1,talk,135,9,10,Over
1,talk,136,9,14,Over
1,talk,137,9,7,Over
1,talk,138,9,8,Over
1,talk,139,9,4,Over
1,talk,140,9,3,Over
1,talk,141,9,5,Over
1,talk,142,9,13,Over
1,talk,143,9,9,Over
1,talk,144,9,2,Over
1,talk,145,9,1,Over
1,talk,146,9,11,Over
1,talk,147,9,15,Skip
1,talk,148,9,12,Over
1,talk,149,9,6,Over
1,talk,150,10,9,Over
1,talk,151,10,11,Over
1,talk,152,10,5,Over
1,talk,153,10,14,Over
1,talk,154,10,10,Over
1,talk,155,10,1,Over
1,talk,156,10,3,Over
1,talk,157,10,15,Over
1,talk,158,10,4,Over
1,talk,159,10,6,Over
1,talk,160,10,12,Over
1,talk,161,10,7,Over
1,talk,162,10,13,Over
1,talk,163,10,2,Over
1,talk,164,10,8,Over
1,vote,1,11
1,vote,2,13
1,vote,3,12
1,vote,4,14
1,vote,5,6
1,vote,6,13
1,vote,7,11
1,vote,8,5
1,vote,9,11
1,vote,10,1
1,vote,11,1
1,vote,12,15
1,vote,13,8
1,vote,14,6
1,vote,15,12
1,execute,11,WEREWOLF
1,divine,12,15,HUMAN
1,whisper,0,0,4,ATTACK Agent[15]
1,whisper,1,0,2,ATTACK Agent[15]
1,whisper,2,1,2,ATTACK Agent[01]
1,whisper,3,1,4,ATTACK Agent[01]
1,whisper,4,2,2,ATTACK Agent[15]
1,whisper,5,2,4,Skip
1,whisper,6,3,4,Skip
1,whisper,7,3,2,ATTACK Agent[01]
1,whisper,8,4,4,Over
1,whisper,9,4,2,ATTACK Agent[12]
1,whisper,10,5,2,Skip
1,whisper,11,5,4,Over
1,whisper,12,6,4,Over
1,whisper,13,6,2,ATTACK Agent[01]
1,whisper,14,7,4,ATTACK Agent[15]
1,whisper,15,7,2,ATTACK Agent[12]
1,whisper,16,8,4,Skip
1,whisper,17,8,2,ATTACK Agent[15]
1,whisper,18,9,4,ATTACK Agent[01]
1,whisper,19,9,2,ATTACK Agent[01]
1,whisper,20,10,4,ATTACK Agent[12]
1,whisper,21,10,2,Skip
1,whisper,22,11,2,Skip
1,whisper,23,11,4,ATTACK Agent[15]
1,whisper,24,12,4,ATTACK Agent[12]
1,whisper,25,12,2,ATTACK Agent[15]
1,whisper,26,13,2,Over
1,whisper,27,13,4,ATTACK Agent[01]
1,whisper,28,14,2,Over
1,whisper,29,14,4,ATTACK Agent[15]
1,whisper,30,15,2,Over
1,whisper,31,15,4,Skip
1,whisper,32,16,2,Over
1,whisper,33,16,4,Skip
1,whisper,34,17,2,Over
1,whisper,35,17,4,ATTACK Agent[01]
1,whisper,36,18,2,Over
1,whisper,37,18,4,Over
1,guard,8,12,SEER
1,attackVote,2,12
1,attackVote,4,1
1,attackVote,2,12
1,attackVote,4,15
1,attack,12,false
2,status,1,MEDIUM,ALIVE,MtAgent
2,status,2,WEREWOLF,ALIVE,Sample9
2,status,3,VILLAGER,ALIVE,Sample12
2,status,4,WEREWOLF,ALIVE,Sample8
2,status,5,VILLAGER,ALIVE,Sample11
2,status,6,VILLAGER,ALIVE,Sample7
2,status,7,VILLAGER,ALIVE,Sample10
2,status,8,BODYGUARD,ALIVE,Sample6
2,status,9,VILLAGER,ALIVE,Sample5
2,status,10,VILLAGER,ALIVE,Sample4
2,status,11,WEREWOLF,DEAD,Sample3
2,status,12,SEER,ALIVE,Sample14
2,status,13,VILLAGER,ALIVE,Sample2
2,status,14,VILLAGER,ALIVE,Sample13
2,status,15,POSSESSED,ALIVE,Sample1
2,talk,0,0,10,VOTE Agent[07]
2,talk,1,0,3,VOTE Agent[01]
2,talk,2,0,8,VOTE Agent[14]
2,talk,3,0,9,VOTE Agent[07]
2,talk,4,0,15,DIVINED Agent[10] HUMAN
2,talk,5,0,5,VOTE Agent[03]
2,talk,6,0,1,IDENTIFIED Agent[11] WEREWOLF
2,talk,7,0,14,VOTE Agent[08]
2,talk,8,0,13,VOTE Agent[10]
2,talk,9,0,6,VOTE Agent[04]
2,talk,10,0,2,ESTIMATE Agent[15] WEREWOLF
2,talk,11,0,12,DIVINED Agent[15] HUMAN
2,talk,12,0,7,VOTE Agent[08]
2,talk,13,0,4,ESTIMATE Agent[15] WEREWOLF
2,talk,14,1,14,Skip
2,talk,15,1,15,ESTIMATE Agent[12] WEREWOLF
2,talk,16,1,2,VOTE Agent[15]
2,talk,17,1,6,Skip
2,talk,18,1,13,Skip
2,talk,19,1,3,Skip
2,talk,20,1,7,Skip
2,talk,21,1,5,Skip
2,talk,22,1,4,VOTE Agent[15]
2,talk,23,1,12,ESTIMATE Agent[15] POSSESSED
2,talk,24,1,1,VOTE Agent[02]
2,talk,25,1,9,Skip
2,talk,26,1,8,Skip
2,talk,27,1,10,Skip
2,talk,28,2,7,Skip
2,talk,29,2,10,Skip
2,talk,30,2,9,Skip
2,talk,31,2,12,VOTE Agent[14]
2,talk,32,2,6,Skip
2,talk,33,2,4,Skip
2,talk,34,2,13,Skip
2,talk,35,2,15,REQUEST(DIVINATION Agent[12])
2,talk,36,2,14,Skip
2,talk,37,2,2,Skip
2,talk,38,2,5,Skip
2,talk,39,2,3,Skip
2,talk,40,2,8,Skip
2,talk,41,2,1,VOTE Agent[04]
2,talk,42,3,7,Over
2,talk,43,3,12,ESTIMATE Agent[15] POSSESSED
2,talk,44,3,3,Over
2,talk,45,3,2,Skip
2,talk,46,3,1,Skip
2,talk,47,3,13,Over
2,talk,48,3,5,Over
2,talk,49,3,10,Over
2,talk,50,3,8,Over
2,talk,51,3,6,Over
2,talk,52,3,15,VOTE Agent[12]
2,talk,53,3,4,Skip
2,talk,54,3,9,Over
2,talk,55,3,14,Over
2,talk,56,4,1,Skip
2,talk,57,4,15,Skip
2,talk,58,4,14,Over
2,talk,59,4,10,Over
2,talk,60,4,8,Over
2,talk,61,4,5,Over
2,talk,62,4,7,Over
2,talk,63,4,2,Over
2,talk,64,4,9,Over
2,talk,65,4,3,Over
2,talk,66,4,13,Over
2,talk,67,4,6,Over
2,talk,68,4,4,Over
2,talk,69,4,12,ESTIMATE Agent[15] POSSESSED
2,talk,70,5,14,Over
2,talk,71,5,15,Skip
2,talk,72,5,7,Over
2,talk,73,5,8,Over
2,talk,74,5,9,Over
2,talk,75,5,3,Over
2,talk,76,5,4,Over
2,talk,77,5,12,ESTIMATE Agent[15] POSSESSED
2,talk,78,5,2,Over
2,talk,79,5,13,Over
2,talk,80,5,5,Over
2,talk,81,5,10,Over
2,talk,82,5,1,Over
2,talk,83,5,6,Over
2,talk,84,6,7,Over
2,talk,85,6,10,Over
2,talk,86,6,14,Over
2,talk,87,6,13,Over
2,talk,88,6,1,Over
2,talk,89,6,5,Over
2,talk,90,6,15,Over
2,talk,91,6,2,Over
2,talk,92,6,6,Over
2,talk,93,6,4,Over
2,talk,94,6,3,Over
2,talk,95,6,9,Over
2,talk,96,6,8,Over
2,talk,97,6,12,ESTIMATE Agent[15] POSSESSED
2,talk,98,7,4,Over
2,talk,99,7,9,Over
2,talk,100,7,3,Over
2,talk,101,7,6,Over
2,talk,102,7,14,Over
2,talk,103,7,10,Over
2,talk,104,7,1,VOTE Agent[08]
2,talk,105,7,2,Over
2,talk,106,7,7,Over
2,talk,107,7,8,Over
2,talk,108,7,12,ESTIMATE Agent[15] POSSESSED
2,talk,109,7,5,Over
2,talk,110,7,15,Over
2,talk,111,7,13,Over
2,talk,112,8,4,Over
2,talk,113,8,12,ESTIMATE Agent[15] POSSESSED
2,talk,114,8,6,Over
2,talk,115,8,3,Over
2,talk,116,8,5,Over
2,talk,117,8,10,Over
2,talk,118,8,7,Over
2,talk,119,8,9,Over
2,talk,120,8,15,Over
2,talk,121,8,2,Over
2,talk,122,8,8,Over
2,talk,123,8,14,Over
2,talk,124,8,13,Over
2,talk,125,8,1,VOTE Agent[04]
2,talk,126,9,10,Over
2,talk,127,9,9,Over
2,talk,128,9,8,Over
2,talk,129,9,4,Over
2,talk,130,9,12,ESTIMATE Agent[15] POSSESSED
2,talk,131,9,1,Skip
2,talk,132,9,6,Over
2,talk,133,9,13,Over
2,talk,134,9,3,Over
2,talk,135,9,5,Over
2,talk,136,9,7,Over
2,talk,137,9,2,Over
2,talk,138,9,14,Over
2,talk,139,9,15,Over
2,talk,140,10,14,Over
2,talk,141,10,6,Over
2,talk,142,10,12,Over
2,talk,143,10,7,Over
2,talk,144,10,10,Over
2,talk,145,10,15,Over
2,talk,146,10,3,Over
2,talk,147,10,9,Over
2,talk,148,10,8,Over
2,talk,149,10,13,Over
2,talk,150,10,4,Over
2,talk,151,10,1,Skip
2,talk,152,10,5,Over
2,talk,153,10,2,Over
2,talk,154,11,13,Over
2,talk,155,11,6,Over
2,talk,156,11,14,Over
2,talk,157,11,5,Over
2,talk,158,11,8,Over
2,talk,159,11,2,Over
2,talk,160,11,4,Over
2,talk,161,11,1,Over
2,talk,162,11,12,Over
2,talk,163,11,7,Over
2,talk,164,11,15,Over
2,talk,165,11,10,Over
2,talk,166,11,3,Over
2,talk,167,11,9,Over
2,vote,1,4
2,vote,2,15
2,vote,3,1
2,vote,4,15
2,vote,5,3
2,vote,6,4
2,vote,7,8
2,vote,8,14
2,vote,9,7
2,vote,10,7
2,vote,12,14
2,vote,13,10
2,vote,14,8
2,vote,15,12
2,vote,1,4
2,vote,2,15
2,vote,3,1
2,vote,4,15
2,vote,5,3
2,vote,6,4
2,vote,7,8
2,vote,8,14
2,vote,9,7
2,vote,10,7
2,vote,12,14
2,vote,13,10
2,vote,14,8
2,vote,15,12
2,execute,14,VILLAGER
2,divine,12,10,HUMAN
2,whisper,0,0,2,ATTACK Agent[12]
2,whisper,1,0,4,ATTACK Agent[12]
2,whisper,2,1,2,ATTACK Agent[15]
2,whisper,3,1,4,ATTACK Agent[01]
2,whisper,4,2,2,Skip
2,whisper,5,2,4,ATTACK Agent[12]
2,whisper,6,3,4,ATTACK Agent[01]
2,whisper,7,3,2,ATTACK Agent[01]
2,whisper,8,4,2,ATTACK Agent[15]
2,whisper,9,4,4,ATTACK Agent[15]
2,whisper,10,5,4,ATTACK Agent[12]
2,whisper,11,5,2,Skip
2,whisper,12,6,4,Skip
2,whisper,13,6,2,Skip
2,whisper,14,7,2,Over
2,whisper,15,7,4,ATTACK Agent[01]
2,whisper,16,8,2,ATTACK Agent[01]
2,whisper,17,8,4,ATTACK Agent[15]
2,whisper,18,9,4,ATTACK Agent[01]
2,whisper,19,9,2,ATTACK Agent[15]
2,whisper,20,10,4,ATTACK Agent[15]
2,whisper,21,10,2,Skip
2,whisper,22,11,2,Skip
2,whisper,23,11,4,Over
2,whisper,24,12,4,Over
2,whisper,25,12,2,ATTACK Agent[12]
2,whisper,26,13,4,Over
2,whisper,27,13,2,Skip
2,whisper,28,14,4,Over
2,whisper,29,14,2,ATTACK Agent[15]
2,whisper,30,15,4,Over
2,whisper,31,15,2,Skip
2,whisper,32,16,4,Over
2,whisper,33,16,2,ATTACK Agent[01]
2,whisper,34,17,4,Over
2,whisper,35,17,2,ATTACK Agent[12]
2,whisper,36,18,2,Over
2,whisper,37,18,4,Over
2,guard,8,12,SEER
2,attackVote,2,1
2,attackVote,4,12
2,attackVote,2,12
2,attackVote,4,12
2,attack,12,false
3,status,1,MEDIUM,ALIVE,MtAgent
3,status,2,WEREWOLF,ALIVE,Sample9
3,status,3,VILLAGER,ALIVE,Sample12
3,status,4,WEREWOLF,ALIVE,Sample8
3,status,5,VILLAGER,ALIVE,Sample11
3,status,6,VILLAGER,ALIVE,Sample7
3,status,7,VILLAGER,ALIVE,Sample10
3,status,8,BODYGUARD,ALIVE,Sample6
3,status,9,VILLAGER,ALIVE,Sample5
3,status,10,VILLAGER,ALIVE,Sample4
3,status,11,WEREWOLF,DEAD,Sample3
3,status,12,SEER,ALIVE,Sample14
3,status,13,VILLAGER,ALIVE,Sample2
3,status,14,VILLAGER,DEAD,Sample13
3,status,15,POSSESSED,ALIVE,Sample1
3,talk,0,0,9,VOTE Agent[15]
3,talk,1,0,12,DIVINED Agent[10] HUMAN
3,talk,2,0,2,ESTIMATE Agent[13] WEREWOLF
3,talk,3,0,15,DIVINED Agent[05] HUMAN
3,talk,4,0,10,VOTE Agent[12]
3,talk,5,0,3,VOTE Agent[05]
3,talk,6,0,7,VOTE Agent[01]
3,talk,7,0,6,VOTE Agent[08]
3,talk,8,0,1,IDENTIFIED Agent[14] HUMAN
3,talk,9,0,4,ESTIMATE Agent[03] WEREWOLF
3,talk,10,0,8,VOTE Agent[04]
3,talk,11,0,13,VOTE Agent[08]
3,talk,12,0,5,VOTE Agent[06]
3,talk,13,1,12,ESTIMATE Agent[15] POSSESSED
3,talk,14,1,4,VOTE Agent[03]
3,talk,15,1,9,Skip
3,talk,16,1,6,Skip
3,talk,17,1,5,Skip
3,talk,18,1,15,ESTIMATE Agent[12] WEREWOLF
3,talk,19,1,8,Skip
3,talk,20,1,13,Skip
3,talk,21,1,7,Skip
3,talk,22,1,2,VOTE Agent[13]
3,talk,23,1,10,Skip
3,talk,24,1,1,VOTE Agent[02]
3,talk,25,1,3,Skip
3,talk,26,2,6,Skip
3,talk,27,2,4,Skip
3,talk,28,2,10,Skip
3,talk,29,2,5,Skip
3,talk,30,2,15,REQUEST(DIVINATION Agent[12])
3,talk,31,2,1,VOTE Agent[04]
3,talk,32,2,3,Skip
3,talk,33,2,13,Skip
3,talk,34,2,2,Skip
3,talk,35,2,7,Skip
3,talk,36,2,8,Skip
3,talk,37,2,9,Skip
3,talk,38,2,12,VOTE Agent[03]
3,talk,39,3,3,Over
3,talk,40,3,7,Over
3,talk,41,3,6,Over
3,talk,42,3,10,Over
3,talk,43,3,1,Skip
3,talk,44,3,13,Over
3,talk,45,3,8,Over
3,talk,46,3,4,Skip
3,talk,47,3,15,VOTE Agent[12]
3,talk,48,3,5,Over
3,talk,49,3,2,Skip
3,talk,50,3,9,Over
3,talk,51,3,12,ESTIMATE Agent[15] POSSESSED
3,talk,52,4,2,Over
3,talk,53,4,7,Over
3,talk,54,4,4,Over
3,talk,55,4,5,Over
3,talk,56,4,1,Skip
3,talk,57,4,13,Over
3,talk,58,4,6,Over
3,talk,59,4,8,Over
3,talk,60,4,10,Over
3,talk,61,4,9,Over
3,talk,62,4,3,Over
3,talk,63,4,15,Skip
3,talk,64,4,12,ESTIMATE Agent[15] POSSESSED
3,talk,65,5,12,ESTIMATE Agent[15] POSSESSED
3,talk,66,5,7,Over
3,talk,67,5,3,Over
3,talk,68,5,5,Over
3,talk,69,5,15,Skip
3,talk,70,5,9,Over
3,talk,71,5,2,Over
3,talk,72,5,8,Over
3,talk,73,5,1,Over
3,talk,74,5,4,Over
3,talk,75,5,6,Over
3,talk,76,5,10,Over
3,talk,77,5,13,Over
3,talk,78,6,7,Over
3,talk,79,6,9,Over
3,talk,80,6,10,Over
3,talk,81,6,4,Over
3,talk,82,6,12,ESTIMATE Agent[15] POSSESSED
3,talk,83,6,8,Over
3,talk,84,6,5,Over
3,talk,85,6,1,Over
3,talk,86,6,2,Over
3,talk,87,6,15,Over
3,talk,88,6,3,Over
3,talk,89,6,6,Over
3,talk,90,6,13,Over
3,talk,91,7,1,Over
3,talk,92,7,3,Over
3,talk,93,7,12,ESTIMATE Agent[15] POSSESSED
3,talk,94,7,8,Over
3,talk,95,7,9,Over
3,talk,96,7,15,Over
3,talk,97,7,13,Over
3,talk,98,7,6,Over
3,talk,99,7,2,Over
3,talk,100,7,10,Over
3,talk,101,7,4,Over
3,talk,102,7,5,Over
3,talk,103,7,7,Over
3,talk,104,8,4,Over
3,talk,105,8,9,Over
3,talk,106,8,13,Over
3,talk,107,8,1,Over
3,talk,108,8,5,Over
3,talk,109,8,6,Over
3,talk,110,8,8,Over
3,talk,111,8,7,Over
3,talk,112,8,15,Over
3,talk,113,8,10,Over
3,talk,114,8,3,Over
3,talk,115,8,2,Over
3,talk,116,8,12,ESTIMATE Agent[15] POSSESSED
3,talk,117,9,7,Over
3,talk,118,9,5,Over
3,talk,119,9,13,Over
3,talk,120,9,3,Over
3,talk,121,9,6,Over
3,talk,122,9,10,Over
3,talk,123,9,12,ESTIMATE Agent[15] POSSESSED
3,talk,124,9,4,Over
3,talk,125,9,1,Over
3,talk,126,9,8,Over
3,talk,127,9,9,Over
3,talk,128,9,15,Over
3,talk,129,9,2,Over
3,talk,130,10,9,Over
3,talk,131,10,7,Over
3,talk,132,10,10,Over
3,talk,133,10,15,Over
3,talk,134,10,3,Over
3,talk,135,10,8,Over
3,talk,136,10,2,Over
3,talk,137,10,1,Over
3,talk,138,10,4,Over
3,talk,139,10,6,Over
3,talk,140,10,5,Over
3,talk,141,10,12,Over
3,talk,142,10,13,Over
3,vote,1,4
3,vote,2,13
3,vote,3,5
3,vote,4,3
3,vote,5,6
3,vote,6,8
3,vote,7,1
3,vote,8,4
3,vote,9,15
3,vote,10,12
3,vote,12,3
3,vote,13,8
3,vote,15,12
3,vote,1,4
3,vote,2,13
3,vote,3,5
3,vote,4,3
3,vote,5,6
3,vote,6,8
3,vote,7,1
3,vote,8,4
3,vote,9,15
3,vote,10,12
3,vote,12,3
3,vote,13,8
3,vote,15,12
3,execute,3,VILLAGER
3,divine,12,13,HUMAN
3,whisper,0,0,2,ATTACK Agent[15]
3,whisper,1,0,4,ATTACK Agent[01]
3,whisper,2,1,2,ATTACK Agent[12]
3,whisper,3,1,4,ATTACK Agent[15]
3,whisper,4,2,4,Skip
3,whisper,5,2,2,Skip
3,whisper,6,3,4,ATTACK Agent[01]
3,whisper,7,3,2,Skip
3,whisper,8,4,4,ATTACK Agent[15]
3,whisper,9,4,2,Over
3,whisper,10,5,2,Over
3,whisper,11,5,4,ATTACK Agent[12]
3,whisper,12,6,2,ATTACK Agent[01]
3,whisper,13,6,4,Skip
3,whisper,14,7,2,Skip
3,whisper,15,7,4,ATTACK Agent[15]
3,whisper,16,8,4,ATTACK Agent[01]
3,whisper,17,8,2,ATTACK Agent[15]
3,whisper,18,9,4,ATTACK Agent[12]
3,whisper,19,9,2,Skip
3,whisper,20,10,2,ATTACK Agent[12]
3,whisper,21,10,4,Skip
3,whisper,22,11,2,ATTACK Agent[15]
3,whisper,23,11,4,ATTACK Agent[01]
3,whisper,24,12,2,ATTACK Agent[01]
3,whisper,25,12,4,ATTACK Agent[12]
3,whisper,26,13,2,ATTACK Agent[12]
3,whisper,27,13,4,Over
3,whisper,28,14,4,Over
3,whisper,29,14,2,ATTACK Agent[15]
3,whisper,30,15,2,Skip
3,whisper,31,15,4,Over
3,whisper,32,16,2,ATTACK Agent[12]
3,whisper,33,16,4,Over
3,whisper,34,17,2,Over
3,whisper,35,17,4,Over
3,guard,8,12,SEER
3,attackVote,2,12
3,attackVote,4,15
3,attackVote,2,15
3,attackVote,4,12
3,attack,12,false
4,status,1,MEDIUM,ALIVE,MtAgent
4,status,2,WEREWOLF,ALIVE,Sample9
4,status,3,VILLAGER,DEAD,Sample12
4,status,4,WEREWOLF,ALIVE,Sample8
4,status,5,VILLAGER,ALIVE,Sample11
4,status,6,VILLAGER,ALIVE,Sample7
4,status,7,VILLAGER,ALIVE,Sample10
4,status,8,BODYGUARD,ALIVE,Sample6
4,status,9,VILLAGER,ALIVE,Sample5
4,status,10,VILLAGER,ALIVE,Sample4
4,status,11,WEREWOLF,DEAD,Sample3
4,status,12,SEER,ALIVE,Sample14
4,status,13,VILLAGER,ALIVE,Sample2
4,status,14,VILLAGER,DEAD,Sample13
4,status,15,POSSESSED,ALIVE,Sample1
4,talk,0,0,6,VOTE Agent[08]
4,talk,1,0,9,VOTE Agent[05]
4,talk,2,0,1,IDENTIFIED Agent[03] HUMAN
4,talk,3,0,13,VOTE Agent[02]
4,talk,4,0,10,VOTE Agent[08]
4,talk,5,0,5,VOTE Agent[13]
4,talk,6,0,2,ESTIMATE Agent[09] WEREWOLF
4,talk,7,0,12,DIVINED Agent[13] HUMAN
4,talk,8,0,4,ESTIMATE Agent[10] WEREWOLF
4,talk,9,0,8,VOTE Agent[01]
4,talk,10,0,7,VOTE Agent[13]
4,talk,11,0,15,DIVINED Agent[08] HUMAN
4,talk,12,1,15,ESTIMATE Agent[12] WEREWOLF
4,talk,13,1,13,Skip
4,talk,14,1,4,VOTE Agent[10]
4,talk,15,1,5,Skip
4,talk,16,1,7,Skip
4,talk,17,1,1,VOTE Agent[02]
4,talk,18,1,8,Skip
4,talk,19,1,2,VOTE Agent[09]
4,talk,20,1,6,Skip
4,talk,21,1,10,Skip
4,talk,22,1,9,Skip
4,talk,23,1,12,ESTIMATE Agent[15] POSSESSED
4,talk,24,2,2,Skip
4,talk,25,2,12,VOTE Agent[04]
4,talk,26,2,4,Skip
4,talk,27,2,1,Skip
4,talk,28,2,6,Skip
4,talk,29,2,7,Skip
4,talk,30,2,9,Skip
4,talk,31,2,10,Skip
4,talk,32,2,8,Skip
4,talk,33,2,15,REQUEST(DIVINATION Agent[12])
4,talk,34,2,13,Skip
4,talk,35,2,5,Skip
4,talk,36,3,1,Skip
4,talk,37,3,4,Skip
4,talk,38,3,5,Over
4,talk,39,3,15,VOTE Agent[12]
4,talk,40,3,12,ESTIMATE Agent[15] POSSESSED
4,talk,41,3,7,Over
4,talk,42,3,10,Over
4,talk,43,3,9,Over
4,talk,44,3,8,Over
4,talk,45,3,2,Skip
4,talk,46,3,13,Over
4,talk,47,3,6,Over
4,talk,48,4,1,Over
4,talk,49,4,5,Over
4,talk,50,4,9,Over
4,talk,51,4,10,Over
4,talk,52,4,4,Over
4,talk,53,4,2,Over
4,talk,54,4,8,Over
4,talk,55,4,12,ESTIMATE Agent[15] POSSESSED
4,talk,56,4,13,Over
4,talk,57,4,15,Skip
4,talk,58,4,6,Over
4,talk,59,4,7,Over
4,talk,60,5,8,Over
4,talk,61,5,4,Over
4,talk,62,5,1,Over
4,talk,63,5,12,ESTIMATE Agent[15] POSSESSED
4,talk,64,5,2,Over
4,talk,65,5,13,Over
4,talk,66,5,15,Skip
4,talk,67,5,6,Over
4,talk,68,5,10,Over
4,talk,69,5,5,Over
4,talk,70,5,9,Over
4,talk,71,5,7,Over
4,talk,72,6,4,Over
4,talk,73,6,6,Over
4,talk,74,6,10,Over
4,talk,75,6,13,Over
4,talk,76,6,9,Over
4,talk,77,6,8,Over
4,talk,78,6,15,Over
4,talk,79,6,7,Over
4,talk,80,6,2,Over
4,talk,81,6,5,Over
4,talk,82,6,12,ESTIMATE Agent[15] POSSESSED
4,talk,83,6,1,Over
4,talk,84,7,2,Over
4,talk,85,7,8,Over
4,talk,86,7,6,Over
4,talk,87,7,12,ESTIMATE Agent[15] POSSESSED
4,talk,88,7,13,Over
4,talk,89,7,4,Over
4,talk,90,7,10,Over
4,talk,91,7,1,Over
4,talk,92,7,9,Over
4,talk,93,7,15,Over
4,talk,94,7,5,Over
4,talk,95,7,7,Over
4,talk,96,8,8,Over
4,talk,97,8,7,Over
4,talk,98,8,5,Over
4,talk,99,8,9,Over
4,talk,100,8,10,Over
4,talk,101,8,15,Over
4,talk,102,8,13,Over
4,talk,103,8,6,Over
4,talk,104,8,2,Over
4,talk,105,8,4,Over
4,talk,106,8,1,Over
4,talk,107,8,12,ESTIMATE Agent[15] POSSESSED
4,talk,108,9,1,Over
4,talk,109,9,7,Over
4,talk,110,9,9,Over
4,talk,111,9,8,Over
4,talk,112,9,5,Over
4,talk,113,9,13,Over
4,talk,114,9,2,Over
4,talk,115,9,12,ESTIMATE Agent[15] POSSESSED
4,talk,116,9,4,Over
4,talk,117,9,15,Over
4,talk,118,9,10,Over
4,talk,119,9,6,Over
4,talk,120,10,2,Over
4,talk,121,10,12,Over
4,talk,122,10,5,Over
4,talk,123,10,1,Over
4,talk,124,10,7,Over
4,talk,125,10,6,Over
4,talk,126,10,15,Over
4,talk,127,10,9,Over
4,talk,128,10,13,Over
4,talk,129,10,8,Over
4,talk,130,10,10,Over
4,talk,131,10,4,Over
4,vote,1,2
4,vote,2,9
4,vote,4,10
4,vote,5,13
4,vote,6,8
4,vote,7,13
4,vote,8,1
4,vote,9,5
4,vote,10,8
4,vote,12,4
4,vote,13,2
4,vote,15,12
4,vote,1,2
4,vote,2,9
4,vote,4,10
4,vote,5,13
4,vote,6,8
4,vote,7,13
4,vote,8,1
4,vote,9,5
4,vote,10,8
4,vote,12,4
4,vote,13,2
4,vote,15,12
4,execute,2,WEREWOLF
4,divine,12,5,HUMAN
4,guard,8,12,SEER
4,attackVote,4,12
4,attack,12,false
5,status,1,MEDIUM,ALIVE,MtAgent
5,status,2,WEREWOLF,DEAD,Sample9
5,status,3,VILLAGER,DEAD,Sample12
5,status,4,WEREWOLF,ALIVE,Sample8
5,status,5,VILLAGER,ALIVE,Sample11
5,status,6,VILLAGER,ALIVE,Sample7
5,status,7,VILLAGER,ALIVE,Sample10
5,status,8,BODYGUARD,ALIVE,Sample6
5,status,9,VILLAGER,ALIVE,Sample5
5,status,10,VILLAGER,ALIVE,Sample4
5,status,11,WEREWOLF,DEAD,Sample3
5,status,12,SEER,ALIVE,Sample14
5,status,13,VILLAGER,ALIVE,Sample2
5,status,14,VILLAGER,DEAD,Sample13
5,status,15,POSSESSED,ALIVE,Sample1
5,talk,0,0,10,VOTE Agent[06]
5,talk,1,0,4,ESTIMATE Agent[12] WEREWOLF
5,talk,2,0,8,VOTE Agent[10]
5,talk,3,0,7,VOTE Agent[10]
5,talk,4,0,9,VOTE Agent[13]
5,talk,5,0,15,DIVINED Agent[04] WEREWOLF
5,talk,6,0,5,VOTE Agent[01]
5,talk,7,0,1,IDENTIFIED Agent[02] WEREWOLF
5,talk,8,0,13,VOTE Agent[07]
5,talk,9,0,6,VOTE Agent[15]
5,talk,10,0,12,DIVINED Agent[05] HUMAN
5,talk,11,1,15,ESTIMATE Agent[12] WEREWOLF
5,talk,12,1,9,Skip
5,talk,13,1,13,Skip
5,talk,14,1,6,Skip
5,talk,15,1,4,VOTE Agent[12]
5,talk,16,1,8,Skip
5,talk,17,1,1,VOTE Agent[12]
5,talk,18,1,5,Skip
5,talk,19,1,10,Skip
5,talk,20,1,7,Skip
5,talk,21,1,12,ESTIMATE Agent[15] POSSESSED
5,talk,22,2,7,Skip
5,talk,23,2,6,Skip
5,talk,24,2,12,VOTE Agent[15]
5,talk,25,2,13,Skip
5,talk,26,2,9,Skip
5,talk,27,2,8,Skip
5,talk,28,2,5,Skip
5,talk,29,2,4,Skip
5,talk,30,2,10,Skip
5,talk,31,2,1,Skip
5,talk,32,2,15,REQUEST(DIVINATION Agent[12])
5,talk,33,3,8,Over
5,talk,34,3,4,Skip
5,talk,35,3,1,Skip
5,talk,36,3,12,ESTIMATE Agent[15] POSSESSED
5,talk,37,3,5,Over
5,talk,38,3,15,VOTE Agent[12]
5,talk,39,3,6,Over
5,talk,40,3,10,Over
5,talk,41,3,13,Over
5,talk,42,3,9,Over
5,talk,43,3,7,Over
5,talk,44,4,15,Skip
5,talk,45,4,7,Over
5,talk,46,4,6,Over
5,talk,47,4,1,Over
5,talk,48,4,4,Over
5,talk,49,4,9,Over
5,talk,50,4,12,ESTIMATE Agent[15] POSSESSED
5,talk,51,4,8,Over
5,talk,52,4,10,Over
5,talk,53,4,13,Over
5,talk,54,4,5,Over
5,talk,55,5,4,Over
5,talk,56,5,12,ESTIMATE Agent[15] POSSESSED
5,talk,57,5,9,Over
5,talk,58,5,1,Over
5,talk,59,5,13,Over
5,talk,60,5,10,Over
5,talk,61,5,6,Over
5,talk,62,5,7,Over
5,talk,63,5,5,Over
5,talk,64,5,15,Skip
5,talk,65,5,8,Over
5,talk,66,6,6,Over
5,talk,67,6,10,Over
5,talk,68,6,1,Over
5,talk,69,6,12,ESTIMATE Agent[15] POSSESSED
5,talk,70,6,7,Over
5,talk,71,6,5,Over
5,talk,72,6,13,Over
5,talk,73,6,8,Over
5,talk,74,6,9,Over
5,talk,75,6,4,Over
5,talk,76,6,15,Over
5,talk,77,7,6,Over
5,talk,78,7,9,Over
5,talk,79,7,10,Over
5,talk,80,7,15,Over
5,talk,81,7,7,Over
5,talk,82,7,5,Over
5,talk,83,7,12,ESTIMATE Agent[15] POSSESSED
5,talk,84,7,1,Over
5,talk,85,7,4,Over
5,talk,86,7,13,Over
5,talk,87,7,8,Over
5,talk,88,8,12,ESTIMATE Agent[15] POSSESSED
5,talk,89,8,5,Over
5,talk,90,8,13,Over
5,talk,91,8,9,Over
5,talk,92,8,6,Over
5,talk,93,8,15,Over
5,talk,94,8,4,Over
5,talk,95,8,8,Over
5,talk,96,8,1,Over
5,talk,97,8,10,Over
5,talk,98,8,7,Over
5,talk,99,9,7,Over
5,talk,100,9,1,Over
5,talk,101,9,8,Over
5,talk,102,9,5,Over
5,talk,103,9,13,Over
5,talk,104,9,10,Over
5,talk,105,9,6,Over
5,talk,106,9,15,Over
5,talk,107,9,9,Over
5,talk,108,9,4,Over
5,talk,109,9,12,ESTIMATE Agent[15] POSSESSED
5,talk,110,10,13,Over
5,talk,111,10,1,Over
5,talk,112,10,8,Over
5,talk,113,10,15,Over
5,talk,114,10,4,Over
5,talk,115,10,7,Over
5,talk,116,10,12,Over
5,talk,117,10,5,Over
5,talk,118,10,6,Over
5,talk,119,10,10,Over
5,talk,120,10,9,Over
5,vote,1,12
5,vote,4,12
5,vote,5,1
5,vote,6,15
5,vote,7,10
5,vote,8,10
5,vote,9,13
5,vote,10,6
5,vote,12,15
5,vote,13,7
5,vote,15,12
5,execute,12,SEER
5,guard,8,15,POSSESSED
5,attackVote,4,15
5,attack,15,false
6,status,1,MEDIUM,ALIVE,MtAgent
6,status,2,WEREWOLF,DEAD,Sample9
6,status,3,VILLAGER,DEAD,Sample12
6,status,4,WEREWOLF,ALIVE,Sample8
6,status,5,VILLAGER,ALIVE,Sample11
6,status,6,VILLAGER,ALIVE,Sample7
6,status,7,VILLAGER,ALIVE,Sample10
6,status,8,BODYGUARD,ALIVE,Sample6
6,status,9,VILLAGER,ALIVE,Sample5
6,status,10,VILLAGER,ALIVE,Sample4
6,status,11,WEREWOLF,DEAD,Sample3
6,status,12,SEER,DEAD,Sample14
6,status,13,VILLAGER,ALIVE,Sample2
6,status,14,VILLAGER,DEAD,Sample13
6,status,15,POSSESSED,ALIVE,Sample1
6,talk,0,0,13,VOTE Agent[10]
6,talk,1,0,5,VOTE Agent[07]
6,talk,2,0,1,IDENTIFIED Agent[12] HUMAN
6,talk,3,0,10,VOTE Agent[01]
6,talk,4,0,15,DIVINED Agent[07] HUMAN
6,talk,5,0,8,VOTE Agent[06]
6,talk,6,0,7,VOTE Agent[01]
6,talk,7,0,9,VOTE Agent[05]
6,talk,8,0,6,VOTE Agent[07]
6,talk,9,0,4,ESTIMATE Agent[05] WEREWOLF
6,talk,10,1,15,ESTIMATE Agent[04] WEREWOLF
6,talk,11,1,13,Skip
6,talk,12,1,10,Skip
6,talk,13,1,6,Skip
6,talk,14,1,5,Skip
6,talk,15,1,1,VOTE Agent[04]
6,talk,16,1,7,Skip
6,talk,17,1,8,Skip
6,talk,18,1,4,VOTE Agent[05]
6,talk,19,1,9,Skip
6,talk,20,2,5,Skip
6,talk,21,2,8,Skip
6,talk,22,2,7,Skip
6,talk,23,2,4,Skip
6,talk,24,2,15,REQUEST(DIVINATION Agent[04])
6,talk,25,2,1,VOTE Agent[06]
6,talk,26,2,9,Skip
6,talk,27,2,10,Skip
6,talk,28,2,6,Skip
6,talk,29,2,13,Skip
6,talk,30,3,7,Over
6,talk,31,3,6,Over
6,talk,32,3,5,Over
6,talk,33,3,4,Skip
6,talk,34,3,9,Over
6,talk,35,3,10,Over
6,talk,36,3,15,VOTE Agent[04]
6,talk,37,3,1,Skip
6,talk,38,3,13,Over
6,talk,39,3,8,Over
6,talk,40,4,1,VOTE Agent[04]
6,talk,41,4,9,Over
6,talk,42,4,13,Over
6,talk,43,4,4,Over
6,talk,44,4,5,Over
6,talk,45,4,7,Over
6,talk,46,4,8,Over
6,talk,47,4,15,Skip
6,talk,48,4,10,Over
6,talk,49,4,6,Over
6,talk,50,5,13,Over
6,talk,51,5,15,Skip
6,talk,52,5,7,Over
6,talk,53,5,5,Over
6,talk,54,5,4,Over
6,talk,55,5,10,Over
6,talk,56,5,1,Skip
6,talk,57,5,6,Over
6,talk,58,5,9,Over
6,talk,59,5,8,Over
6,talk,60,6,7,Over
6,talk,61,6,6,Over
6,talk,62,6,8,Over
6,talk,63,6,10,Over
6,talk,64,6,4,Over
6,talk,65,6,5,Over
6,talk,66,6,15,Over
6,talk,67,6,9,Over
6,talk,68,6,13,Over
6,talk,69,6,1,Skip
6,talk,70,7,8,Over
6,talk,71,7,4,Over
6,talk,72,7,1,Over
6,talk,73,7,13,Over
6,talk,74,7,15,Over
6,talk,75,7,9,Over
6,talk,76,7,5,Over
6,talk,77,7,7,Over
6,talk,78,7,6,Over
6,talk,79,7,10,Over
6,vote,1,4
6,vote,4,5
6,vote,5,7
6,vote,6,7
6,vote,7,1
6,vote,8,6
6,vote,9,5
6,vote,10,1
6,vote,13,10
6,vote,15,4
6,vote,1,4
6,vote,4,5
6,vote,5,7
6,vote,6,7
6,vote,7,1
6,vote,8,6
6,vote,9,5
6,vote,10,1
6,vote,13,10
6,vote,15,4
6,execute,5,VILLAGER
6,guard,8,15,POSSESSED
6,attackVote,4,1
6,attack,1,true
7,status,1,MEDIUM,DEAD,MtAgent
7,status,2,WEREWOLF,DEAD,Sample9
7,status,3,VILLAGER,DEAD,Sample12
7,status,4,WEREWOLF,ALIVE,Sample8
7,status,5,VILLAGER,DEAD,Sample11
7,status,6,VILLAGER,ALIVE,Sample7
7,status,7,VILLAGER,ALIVE,Sample10
7,status,8,BODYGUARD,ALIVE,Sample6
7,status,9,VILLAGER,ALIVE,Sample5
7,status,10,VILLAGER,ALIVE,Sample4
7,status,11,WEREWOLF,DEAD,Sample3
7,status,12,SEER,DEAD,Sample14
7,status,13,VILLAGER,ALIVE,Sample2
7,status,14,VILLAGER,DEAD,Sample13
7,status,15,POSSESSED,ALIVE,Sample1
7,talk,0,0,15,DIVINED Agent[13] HUMAN
7,talk,1,0,7,VOTE Agent[15]
7,talk,2,0,6,VOTE Agent[04]
7,talk,3,0,10,VOTE Agent[06]
7,talk,4,0,8,VOTE Agent[06]
7,talk,5,0,4,ESTIMATE Agent[15] WEREWOLF
7,talk,6,0,13,VOTE Agent[08]
7,talk,7,0,9,VOTE Agent[06]
7,talk,8,1,4,VOTE Agent[15]
7,talk,9,1,9,Skip
7,talk,10,1,13,Skip
7,talk,11,1,6,Skip
7,talk,12,1,7,Skip
7,talk,13,1,15,ESTIMATE Agent[04] WEREWOLF
7,talk,14,1,10,Skip
7,talk,15,1,8,Skip
7,talk,16,2,15,REQUEST(DIVINATION Agent[04])
7,talk,17,2,7,Skip
7,talk,18,2,6,Skip
7,talk,19,2,8,Skip
7,talk,20,2,13,Skip
7,talk,21,2,4,Skip
7,talk,22,2,9,Skip
7,talk,23,2,10,Skip
7,talk,24,3,9,Over
7,talk,25,3,7,Over
7,talk,26,3,13,Over
7,talk,27,3,6,Over
7,talk,28,3,4,Skip
7,talk,29,3,15,VOTE Agent[04]
7,talk,30,3,8,Over
7,talk,31,3,10,Over
7,talk,32,4,10,Over
7,talk,33,4,4,Over
7,talk,34,4,13,Over
7,talk,35,4,7,Over
7,talk,36,4,8,Over
7,talk,37,4,9,Over
7,talk,38,4,15,Skip
7,talk,39,4,6,Over
7,talk,40,5,9,Over
7,talk,41,5,4,Over
7,talk,42,5,13,Over
7,talk,43,5,8,Over
7,talk,44,5,6,Over
7,talk,45,5,10,Over
7,talk,46,5,7,Over
7,talk,47,5,15,Skip
7,talk,48,6,10,Over
7,talk,49,6,7,Over
7,talk,50,6,8,Over
7,talk,51,6,6,Over
7,talk,52,6,9,Over
7,talk,53,6,4,Over
7,talk,54,6,13,Over
7,talk,55,6,15,Over
7,vote,4,15
7,vote,6,4
7,vote,7,15
7,vote,8,6
7,vote,9,6
7,vote,10,6
7,vote,13,8
7,vote,15,4
7,execute,6,VILLAGER
7,guard,8,15,POSSESSED
7,attackVote,4,15
7,attack,15,false
8,status,1,MEDIUM,DEAD,MtAgent
8,status,2,WEREWOLF,DEAD,Sample9
8,status,3,VILLAGER,DEAD,Sample12
8,status,4,WEREWOLF,ALIVE,Sample8
8,status,5,VILLAGER,DEAD,Sample11
8,status,6,VILLAGER,DEAD,Sample7
8,status,7,VILLAGER,ALIVE,Sample10
8,status,8,BODYGUARD,ALIVE,Sample6
8,status,9,VILLAGER,ALIVE,Sample5
8,status,10,VILLAGER,ALIVE,Sample4
8,status,11,WEREWOLF,DEAD,Sample3
8,status,12,SEER,DEAD,Sample14
8,status,13,VILLAGER,ALIVE,Sample2
8,status,14,VILLAGER,DEAD,Sample13
8,status,15,POSSESSED,ALIVE,Sample1
8,talk,0,0,8,VOTE Agent[07]
8,talk,1,0,9,VOTE Agent[10]
8,talk,2,0,13,VOTE Agent[15]
8,talk,3,0,4,ESTIMATE Agent[09] WEREWOLF
8,talk,4,0,10,VOTE Agent[07]
8,talk,5,0,15,DIVINED Agent[09] HUMAN
8,talk,6,0,7,VOTE Agent[15]
8,talk,7,1,15,ESTIMATE Agent[04] WEREWOLF
8,talk,8,1,4,VOTE Agent[09]
8,talk,9,1,7,Skip
8,talk,10,1,13,Skip
8,talk,11,1,9,Skip
8,talk,12,1,10,Skip
8,talk,13,1,8,Skip
8,talk,14,2,4,Skip
8,talk,15,2,13,Skip
8,talk,16,2,10,Skip
8,talk,17,2,9,Skip
8,talk,18,2,15,REQUEST(DIVINATION Agent[04])
8,talk,19,2,8,Skip
8,talk,20,2,7,Skip
8,talk,21,3,13,Over
8,talk,22,3,8,Over
8,talk,23,3,9,Over
8,talk,24,3,15,VOTE Agent[04]
8,talk,25,3,7,Over
8,talk,26,3,4,Skip
8,talk,27,3,10,Over
8,talk,28,4,9,Over
8,talk,29,4,10,Over
8,talk,30,4,15,Skip
8,talk,31,4,8,Over
8,talk,32,4,7,Over
8,talk,33,4,13,Over
8,talk,34,4,4,Over
8,talk,35,5,4,Over
8,talk,36,5,10,Over
8,talk,37,5,15,Skip
8,talk,38,5,8,Over
8,talk,39,5,9,Over
8,talk,40,5,13,Over
8,talk,41,5,7,Over
8,talk,42,6,4,Over
8,talk,43,6,7,Over
8,talk,44,6,9,Over
8,talk,45,6,15,Over
8,talk,46,6,10,Over
8,talk,47,6,8,Over
8,talk,48,6,13,Over
8,vote,4,9
8,vote,7,15
8,vote,8,7
8,vote,9,10
8,vote,10,7
8,vote,13,15
8,vote,15,4
8,vote,4,9
8,vote,7,15
8,vote,8,7
8,vote,9,10
8,vote,10,7
8,vote,13,15
8,vote,15,4
8,execute,7,VILLAGER
8,guard,8,15,POSSESSED
8,attackVote,4,15
8,attack,15,false
9,status,1,MEDIUM,DEAD,MtAgent
9,status,2,WEREWOLF,DEAD,Sample9
9,status,3,VILLAGER,DEAD,Sample12
9,status,4,WEREWOLF,ALIVE,Sample8
9,status,5,VILLAGER,DEAD,Sample11
9,status,6,VILLAGER,DEAD,Sample7
9,status,7,VILLAGER,DEAD,Sample10
9,status,8,BODYGUARD,ALIVE,Sample6
9,status,9,VILLAGER,ALIVE,Sample5
9,status,10,VILLAGER,ALIVE,Sample4
9,status,11,WEREWOLF,DEAD,Sample3
9,status,12,SEER,DEAD,Sample14
9,status,13,VILLAGER,ALIVE,Sample2
9,status,14,VILLAGER,DEAD,Sample13
9,status,15,POSSESSED,ALIVE,Sample1
9,talk,0,0,13,VOTE Agent[08]
9,talk,1,0,15,DIVINED Agent[04] HUMAN
9,talk,2,0,9,VOTE Agent[10]
9,talk,3,0,8,VOTE Agent[15]
9,talk,4,0,4,ESTIMATE Agent[08] WEREWOLF
9,talk,5,0,10,VOTE Agent[08]
9,talk,6,1,4,VOTE Agent[08]
9,talk,7,1,8,Skip
9,talk,8,1,9,Skip
9,talk,9,1,10,Skip
9,talk,10,1,15,ESTIMATE Agent[04] WEREWOLF
9,talk,11,1,13,Skip
9,talk,12,2,15,REQUEST(DIVINATION Agent[04])
9,talk,13,2,13,Skip
9,talk,14,2,8,Skip
9,talk,15,2,4,Skip
9,talk,16,2,10,Skip
9,talk,17,2,9,Skip
9,talk,18,3,10,Over
9,talk,19,3,15,VOTE Agent[04]
9,talk,20,3,8,Over
9,talk,21,3,4,Skip
9,talk,22,3,13,Over
9,talk,23,3,9,Over
9,talk,24,4,13,Over
9,talk,25,4,4,Over
9,talk,26,4,10,Over
9,talk,27,4,15,Skip
9,talk,28,4,8,Over
9,talk,29,4,9,Over
9,talk,30,5,9,Over
9,talk,31,5,15,Skip
9,talk,32,5,10,Over
9,talk,33,5,8,Over
9,talk,34,5,4,Over
9,talk,35,5,13,Over
9,talk,36,6,10,Over
9,talk,37,6,15,Over
9,talk,38,6,9,Over
9,talk,39,6,4,Over
9,talk,40,6,13,Over
9,talk,41,6,8,Over
9,vote,4,8
9,vote,8,15
9,vote,9,10
9,vote,10,8
9,vote,13,8
9,vote,15,4
9,execute,8,BODYGUARD
9,attackVote,4,9
9,attack,9,true
10,status,1,MEDIUM,DEAD,MtAgent
10,status,2,WEREWOLF,DEAD,Sample9
10,status,3,VILLAGER,DEAD,Sample12
10,status,4,WEREWOLF,ALIVE,Sample8
10,status,5,VILLAGER,DEAD,Sample11
10,status,6,VILLAGER,DEAD,Sample7
10,status,7,VILLAGER,DEAD,Sample10
10,status,8,BODYGUARD,DEAD,Sample6
10,status,9,VILLAGER,DEAD,Sample5
10,status,10,VILLAGER,ALIVE,Sample4
10,status,11,WEREWOLF,DEAD,Sample3
10,status,12,SEER,DEAD,Sample14
10,status,13,VILLAGER,ALIVE,Sample2
10,status,14,VILLAGER,DEAD,Sample13
10,status,15,POSSESSED,ALIVE,Sample1
10,talk,0,0,10,VOTE Agent[15]
10,talk,1,0,13,VOTE Agent[10]
10,talk,2,0,4,ESTIMATE Agent[13] WEREWOLF
10,talk,3,0,15,DIVINED Agent[04] HUMAN
10,talk,4,1,15,ESTIMATE Agent[04] WEREWOLF
10,talk,5,1,13,Skip
10,talk,6,1,10,Skip
10,talk,7,1,4,VOTE Agent[13]
10,talk,8,2,13,Skip
10,talk,9,2,10,Skip
10,talk,10,2,15,REQUEST(DIVINATION Agent[04])
10,talk,11,2,4,Skip
10,talk,12,3,15,VOTE Agent[04]
10,talk,13,3,10,Over
10,talk,14,3,13,Over
10,talk,15,3,4,Skip
10,talk,16,4,13,Over
10,talk,17,4,10,Over
10,talk,18,4,4,Over
10,talk,19,4,15,Skip
10,talk,20,5,4,Over
10,talk,21,5,10,Over
10,talk,22,5,13,Over
10,talk,23,5,15,Skip
10,talk,24,6,13,Over
10,talk,25,6,10,Over
10,talk,26,6,4,Over
10,talk,27,6,15,Over
10,vote,4,13
10,vote,10,15
10,vote,13,10
10,vote,15,4
10,vote,4,13
10,vote,10,15
10,vote,13,10
10,vote,15,4
10,execute,13,VILLAGER
10,attackVote,4,10
10,attack,10,true
11,status,1,MEDIUM,DEAD,MtAgent
11,status,2,WEREWOLF,DEAD,Sample9
11,status,3,VILLAGER,DEAD,Sample12
11,status,4,WEREWOLF,ALIVE,Sample8
11,status,5,VILLAGER,DEAD,Sample11
11,status,6,VILLAGER,DEAD,Sample7
11,status,7,VILLAGER,DEAD,Sample10
11,status,8,BODYGUARD,DEAD,Sample6
11,status,9,VILLAGER,DEAD,Sample5
11,status,10,VILLAGER,DEAD,Sample4
11,status,11,WEREWOLF,DEAD,Sample3
11,status,12,SEER,DEAD,Sample14
11,status,13,VILLAGER,DEAD,Sample2
11,status,14,VILLAGER,DEAD,Sample13
11,status,15,POSSESSED,ALIVE,Sample1
11,result,1,1,WEREWOLF
