0,status,1,VILLAGER,ALIVE,MtAgent
0,status,2,SEER,ALIVE,Sample9
0,status,3,VILLAGER,ALIVE,Sample12
0,status,4,POSSESSED,ALIVE,Sample8
0,status,5,WEREWOLF,ALIVE,Sample11
0,status,6,VILLAGER,ALIVE,Sample7
0,status,7,BODYGUARD,ALIVE,Sample10
0,status,8,VILLAGER,ALIVE,Sample6
0,status,9,WEREWOLF,ALIVE,Sample5
0,status,10,VILLAGER,ALIVE,Sample4
0,status,11,VILLAGER,ALIVE,Sample3
0,status,12,MEDIUM,ALIVE,Sample14
0,status,13,VILLAGER,ALIVE,Sample2
0,status,14,WEREWOLF,ALIVE,Sample13
0,status,15,VILLAGER,ALIVE,Sample1
0,whisper,0,0,9,COMINGOUT Agent[09] VILLAGER
0,whisper,1,0,14,COMINGOUT Agent[14] SEER
0,whisper,2,0,5,COMINGOUT Agent[05] VILLAGER
0,whisper,3,1,9,ATTACK Agent[15]
0,whisper,4,1,14,ATTACK Agent[01]
0,whisper,5,1,5,ATTACK Agent[02]
0,whisper,6,2,9,ATTACK Agent[06]
0,whisper,7,2,14,ATTACK Agent[03]
0,whisper,8,2,5,ATTACK Agent[13]
0,whisper,9,3,9,ATTACK Agent[02]
0,whisper,10,3,14,ATTACK Agent[01]
0,whisper,11,3,5,ATTACK Agent[03]
0,whisper,12,4,9,ATTACK Agent[11]
0,whisper,13,4,14,ATTACK Agent[15]
0,whisper,14,4,5,ATTACK Agent[08]
0,whisper,15,5,9,ATTACK Agent[04]
0,whisper,16,5,5,ATTACK Agent[03]
0,whisper,17,5,14,ATTACK Agent[13]
0,whisper,18,6,5,ATTACK Agent[08]
0,whisper,19,6,14,ATTACK Agent[02]
0,whisper,20,6,9,ATTACK Agent[08]
0,whisper,21,7,14,ATTACK Agent[12]
0,whisper,22,7,9,ATTACK Agent[03]
0,whisper,23,7,5,ATTACK Agent[10]
0,whisper,24,8,9,ATTACK Agent[07]
0,whisper,25,8,14,ATTACK Agent[07]
0,whisper,26,8,5,ATTACK Agent[04]
0,whisper,27,9,5,ATTACK Agent[11]
0,whisper,28,9,9,ATTACK Agent[01]
0,whisper,29,9,14,ATTACK Agent[02]
0,whisper,30,10,14,Over
0,whisper,31,10,5,Over
0,whisper,32,10,9,Over
0,divine,2,14,WEREWOLF
1,status,1,VILLAGER,ALIVE,MtAgent
1,status,2,SEER,ALIVE,Sample9
1,status,3,VILLAGER,ALIVE,Sample12
1,status,4,POSSESSED,ALIVE,Sample8
1,status,5,WEREWOLF,ALIVE,Sample11
1,status,6,VILLAGER,ALIVE,Sample7
1,status,7,BODYGUARD,ALIVE,Sample10
1,status,8,VILLAGER,ALIVE,Sample6
1,status,9,WEREWOLF,ALIVE,Sample5
1,status,10,VILLAGER,ALIVE,Sample4
1,status,11,VILLAGER,ALIVE,Sample3
1,status,12,MEDIUM,ALIVE,Sample14
1,status,13,VILLAGER,ALIVE,Sample2
1,status,14,WEREWOLF,ALIVE,Sample13
1,status,15,VILLAGER,ALIVE,Sample1
1,talk,0,0,7,VOTE Agent[05]
1,talk,1,0,11,VOTE Agent[10]
1,talk,2,0,15,VOTE Agent[04]
1,talk,3,0,2,COMINGOUT Agent[02] SEER
1,talk,4,0,10,VOTE Agent[03]
1,talk,5,0,1,VOTE Agent[08]
1,talk,6,0,12,VOTE Agent[15]
1,talk,7,0,13,VOTE Agent[12]
1,talk,8,0,4,COMINGOUT Agent[04] SEER
1,talk,9,0,8,VOTE Agent[02]
1,talk,10,0,9,ESTIMATE Agent[06] WEREWOLF
1,talk,11,0,6,VOTE Agent[02]
1,talk,12,0,14,ESTIMATE Agent[04] WEREWOLF
1,talk,13,0,5,ESTIMATE Agent[02] WEREWOLF
1,talk,14,0,3,VOTE Agent[14]
1,talk,15,1,10,Skip
1,talk,16,1,5,VOTE Agent[02]
1,talk,17,1,7,Skip
1,talk,18,1,8,Skip
1,talk,19,1,6,Skip
1,talk,20,1,1,VOTE Agent[14]
1,talk,21,1,3,Skip
1,talk,22,1,12,Skip
1,talk,23,1,14,VOTE Agent[04]
1,talk,24,1,15,Skip
1,talk,25,1,13,Skip
1,talk,26,1,11,Skip
1,talk,27,1,2,DIVINED Agent[14] WEREWOLF
1,talk,28,1,9,VOTE Agent[06]
1,talk,29,1,4,DIVINED Agent[01] HUMAN
1,talk,30,2,9,Skip
1,talk,31,2,3,Skip
1,talk,32,2,13,Skip
1,talk,33,2,7,Skip
1,talk,34,2,12,Skip
1,talk,35,2,5,Skip
1,talk,36,2,6,Skip
1,talk,37,2,11,Skip
1,talk,38,2,14,COMINGOUT Agent[14] SEER
1,talk,39,2,1,Skip
1,talk,40,2,10,Skip
1,talk,41,2,8,Skip
1,talk,42,2,15,Skip
1,talk,43,2,2,REQUEST(VOTE Agent[14])
1,talk,44,2,4,ESTIMATE Agent[08] WEREWOLF
1,talk,45,3,7,Over
1,talk,46,3,13,Over
1,talk,47,3,1,Skip
1,talk,48,3,9,Skip
1,talk,49,3,11,Over
1,talk,50,3,4,REQUEST(DIVINATION Agent[08])
1,talk,51,3,10,Over
1,talk,52,3,3,Over
1,talk,53,3,15,Over
1,talk,54,3,6,Over
1,talk,55,3,12,Over
1,talk,56,3,5,Skip
1,talk,57,3,2,VOTE Agent[14]
1,talk,58,3,8,Over
1,talk,59,3,14,DIVINED Agent[02] HUMAN
1,talk,60,4,11,Over
1,talk,61,4,15,Over
1,talk,62,4,13,Over
1,talk,63,4,2,Skip
1,talk,64,4,10,Over
1,talk,65,4,7,Over
1,talk,66,4,3,Over
1,talk,67,4,12,Over
1,talk,68,4,6,Over
1,talk,69,4,5,Over
1,talk,70,4,8,Over
1,talk,71,4,4,VOTE Agent[08]
1,talk,72,4,14,Skip
1,talk,73,4,1,Over
1,talk,74,4,9,Over
1,talk,75,5,15,Over
1,talk,76,5,4,ESTIMATE Agent[02] WEREWOLF
1,talk,77,5,6,Over
1,talk,78,5,7,Over
1,talk,79,5,10,Over
1,talk,80,5,11,Over
1,talk,81,5,13,Over
1,talk,82,5,1,Over
1,talk,83,5,2,Skip
1,talk,84,5,3,Over
1,talk,85,5,12,Over
1,talk,86,5,5,Over
1,talk,87,5,14,Skip
1,talk,88,5,9,Over
1,talk,89,5,8,Over
1,talk,90,6,10,Over
1,talk,91,6,9,Over
1,talk,92,6,15,Over
1,talk,93,6,7,Over
1,talk,94,6,4,REQUEST(DIVINATION Agent[02])
1,talk,95,6,11,Over
1,talk,96,6,5,Over
1,talk,97,6,1,Over
1,talk,98,6,6,Over
1,talk,99,6,8,Over
1,talk,100,6,13,Over
1,talk,101,6,2,Over
1,talk,102,6,12,Over
1,talk,103,6,3,Over
1,talk,104,6,14,Over
1,talk,105,7,11,Over
1,talk,106,7,15,Over
1,talk,107,7,13,Over
1,talk,108,7,10,Over
1,talk,109,7,1,Over
1,talk,110,7,14,Over
1,talk,111,7,7,Over
1,talk,112,7,4,VOTE Agent[02]
1,talk,113,7,2,Over
1,talk,114,7,5,Over
1,talk,115,7,9,Over
1,talk,116,7,8,Over
1,talk,117,7,6,Over
1,talk,118,7,12,Over
1,talk,119,7,3,Over
1,talk,120,8,5,Over
1,talk,121,8,8,Over
1,talk,122,8,9,Over
1,talk,123,8,13,Over
1,talk,124,8,1,VOTE Agent[02]
1,talk,125,8,4,Skip
1,talk,126,8,6,Over
1,talk,127,8,12,Over
1,talk,128,8,11,Over
1,talk,129,8,14,Over
1,talk,130,8,7,Over
1,talk,131,8,3,Over
1,talk,132,8,10,Over
1,talk,133,8,2,Over
1,talk,134,8,15,Over
1,talk,135,9,13,Over
1,talk,136,9,6,Over
1,talk,137,9,4,Skip
1,talk,138,9,11,Over
1,talk,139,9,14,Over
1,talk,140,9,10,Over
1,talk,141,9,15,Over
1,talk,142,9,12,Over
1,talk,143,9,1,Skip
1,talk,144,9,3,Over
1,talk,145,9,5,Over
1,talk,146,9,2,Over
1,talk,147,9,8,Over
1,talk,148,9,9,Over
1,talk,149,9,7,Over
1,talk,150,10,9,Over
1,talk,151,10,8,Over
1,talk,152,10,10,Over
1,talk,153,10,13,Over
1,talk,154,10,12,Over
1,talk,155,10,4,Over
1,talk,156,10,6,Over
1,talk,157,10,2,Over
1,talk,158,10,3,Over
1,talk,159,10,5,Over
1,talk,160,10,7,Over
1,talk,161,10,11,Over
1,talk,162,10,14,Over
1,talk,163,10,15,Over
1,talk,164,10,1,Skip
1,talk,165,11,11,Over
1,talk,166,11,7,Over
1,talk,167,11,3,Over
1,talk,168,11,6,Over
1,talk,169,11,4,Over
1,talk,170,11,8,Over
1,talk,171,11,15,Over
1,talk,172,11,12,Over
1,talk,173,11,13,Over
1,talk,174,11,14,Over
1,talk,175,11,9,Over
1,talk,176,11,5,Over
1,talk,177,11,10,Over
1,talk,178,11,2,Over
1,talk,179,11,1,Over
1,vote,1,2
1,vote,2,14
1,vote,3,14
1,vote,4,2
1,vote,5,2
1,vote,6,2
1,vote,7,5
1,vote,8,2
1,vote,9,6
1,vote,10,3
1,vote,11,10
1,vote,12,15
1,vote,13,12
1,vote,14,4
1,vote,15,4
1,execute,2,SEER
1,whisper,0,0,5,ATTACK Agent[04]
1,whisper,1,0,9,ATTACK Agent[04]
1,whisper,2,0,14,ATTACK Agent[04]
1,whisper,3,1,9,Skip
1,whisper,4,1,14,Skip
1,whisper,5,1,5,Skip
1,whisper,6,2,5,Skip
1,whisper,7,2,14,Skip
1,whisper,8,2,9,Skip
1,whisper,9,3,14,Over
1,whisper,10,3,5,Over
1,whisper,11,3,9,Over
1,guard,7,14,WEREWOLF
1,attackVote,5,4
1,attackVote,9,4
1,attackVote,14,4
1,attack,4,true
2,status,1,VILLAGER,ALIVE,MtAgent
2,status,2,SEER,DEAD,Sample9
2,status,3,VILLAGER,ALIVE,Sample12
2,status,4,POSSESSED,DEAD,Sample8
2,status,5,WEREWOLF,ALIVE,Sample11
2,status,6,VILLAGER,ALIVE,Sample7
2,status,7,BODYGUARD,ALIVE,Sample10
2,status,8,VILLAGER,ALIVE,Sample6
2,status,9,WEREWOLF,ALIVE,Sample5
2,status,10,VILLAGER,ALIVE,Sample4
2,status,11,VILLAGER,ALIVE,Sample3
2,status,12,MEDIUM,ALIVE,Sample14
2,status,13,VILLAGER,ALIVE,Sample2
2,status,14,WEREWOLF,ALIVE,Sample13
2,status,15,VILLAGER,ALIVE,Sample1
2,talk,0,0,3,VOTE Agent[12]
2,talk,1,0,13,VOTE Agent[09]
2,talk,2,0,6,VOTE Agent[09]
2,talk,3,0,11,VOTE Agent[09]
2,talk,4,0,1,VOTE Agent[14]
2,talk,5,0,15,VOTE Agent[12]
2,talk,6,0,14,DIVINED Agent[01] WEREWOLF
2,talk,7,0,9,ESTIMATE Agent[01] WEREWOLF
2,talk,8,0,12,COMINGOUT Agent[12] MEDIUM
2,talk,9,0,5,ESTIMATE Agent[15] WEREWOLF
2,talk,10,0,8,VOTE Agent[10]
2,talk,11,0,10,VOTE Agent[05]
2,talk,12,0,7,VOTE Agent[08]
2,talk,13,1,13,Skip
2,talk,14,1,3,Skip
2,talk,15,1,15,Skip
2,talk,16,1,9,VOTE Agent[01]
2,talk,17,1,6,Skip
2,talk,18,1,11,Skip
2,talk,19,1,1,VOTE Agent[09]
2,talk,20,1,14,ESTIMATE Agent[01] WEREWOLF
2,talk,21,1,8,Skip
2,talk,22,1,5,VOTE Agent[15]
2,talk,23,1,10,Skip
2,talk,24,1,12,IDENTIFIED Agent[02] HUMAN
2,talk,25,1,7,Skip
2,talk,26,2,7,Skip
2,talk,27,2,5,Skip
2,talk,28,2,15,Skip
2,talk,29,2,3,Skip
2,talk,30,2,10,Skip
2,talk,31,2,9,Skip
2,talk,32,2,12,VOTE Agent[07]
2,talk,33,2,14,VOTE Agent[01]
2,talk,34,2,13,Skip
2,talk,35,2,8,Skip
2,talk,36,2,1,Skip
2,talk,37,2,6,Skip
2,talk,38,2,11,Skip
2,talk,39,3,11,Over
2,talk,40,3,10,Over
2,talk,41,3,13,Over
2,talk,42,3,1,VOTE Agent[14]
2,talk,43,3,12,Skip
2,talk,44,3,8,Over
2,talk,45,3,6,Over
2,talk,46,3,15,Over
2,talk,47,3,5,Skip
2,talk,48,3,3,Over
2,talk,49,3,7,Over
2,talk,50,3,14,Skip
2,talk,51,3,9,Skip
2,talk,52,4,9,Over
2,talk,53,4,15,Over
2,talk,54,4,3,Over
2,talk,55,4,8,Over
2,talk,56,4,5,Over
2,talk,57,4,1,Skip
2,talk,58,4,10,Over
2,talk,59,4,12,Skip
2,talk,60,4,14,Skip
2,talk,61,4,7,Over
2,talk,62,4,6,Over
2,talk,63,4,13,Over
2,talk,64,4,11,Over
2,talk,65,5,13,Over
2,talk,66,5,11,Over
2,talk,67,5,15,Over
2,talk,68,5,6,Over
2,talk,69,5,14,Over
2,talk,70,5,1,Skip
2,talk,71,5,9,Over
2,talk,72,5,8,Over
2,talk,73,5,10,Over
2,talk,74,5,7,Over
2,talk,75,5,12,Over
2,talk,76,5,5,Over
2,talk,77,5,3,Over
2,talk,78,6,11,Over
2,talk,79,6,6,Over
2,talk,80,6,14,Over
2,talk,81,6,5,Over
2,talk,82,6,3,Over
2,talk,83,6,12,Over
2,talk,84,6,15,Over
2,talk,85,6,13,Over
2,talk,86,6,7,Over
2,talk,87,6,1,Over
2,talk,88,6,8,Over
2,talk,89,6,9,Over
2,talk,90,6,10,Over
2,vote,1,14
2,vote,3,12
2,vote,5,15
2,vote,6,9
2,vote,7,8
2,vote,8,10
2,vote,9,1
2,vote,10,5
2,vote,11,9
2,vote,12,7
2,vote,13,9
2,vote,14,1
2,vote,15,12
2,execute,9,WEREWOLF
2,whisper,0,0,5,ATTACK Agent[12]
2,whisper,1,0,14,ATTACK Agent[12]
2,whisper,2,1,14,Skip
2,whisper,3,1,5,Skip
2,whisper,4,2,5,Skip
2,whisper,5,2,14,Skip
2,whisper,6,3,5,Over
2,whisper,7,3,14,Over
2,guard,7,14,WEREWOLF
2,attackVote,5,12
2,attackVote,14,12
2,attack,12,true
3,status,1,VILLAGER,ALIVE,MtAgent
3,status,2,SEER,DEAD,Sample9
3,status,3,VILLAGER,ALIVE,Sample12
3,status,4,POSSESSED,DEAD,Sample8
3,status,5,WEREWOLF,ALIVE,Sample11
3,status,6,VILLAGER,ALIVE,Sample7
3,status,7,BODYGUARD,ALIVE,Sample10
3,status,8,VILLAGER,ALIVE,Sample6
3,status,9,WEREWOLF,DEAD,Sample5
3,status,10,VILLAGER,ALIVE,Sample4
3,status,11,VILLAGER,ALIVE,Sample3
3,status,12,MEDIUM,DEAD,Sample14
3,status,13,VILLAGER,ALIVE,Sample2
3,status,14,WEREWOLF,ALIVE,Sample13
3,status,15,VILLAGER,ALIVE,Sample1
3,talk,0,0,6,VOTE Agent[01]
3,talk,1,0,13,VOTE Agent[08]
3,talk,2,0,11,VOTE Agent[15]
3,talk,3,0,7,VOTE Agent[08]
3,talk,4,0,5,ESTIMATE Agent[11] WEREWOLF
3,talk,5,0,1,VOTE Agent[14]
3,talk,6,0,8,VOTE Agent[07]
3,talk,7,0,14,DIVINED Agent[15] HUMAN
3,talk,8,0,15,VOTE Agent[03]
3,talk,9,0,3,VOTE Agent[07]
3,talk,10,0,10,VOTE Agent[11]
3,talk,11,1,7,Skip
3,talk,12,1,11,Skip
3,talk,13,1,13,Skip
3,talk,14,1,14,ESTIMATE Agent[01] WEREWOLF
3,talk,15,1,3,Skip
3,talk,16,1,8,Skip
3,talk,17,1,5,VOTE Agent[11]
3,talk,18,1,10,Skip
3,talk,19,1,6,Skip
3,talk,20,1,1,VOTE Agent[11]
3,talk,21,1,15,Skip
3,talk,22,2,5,Skip
3,talk,23,2,10,Skip
3,talk,24,2,14,VOTE Agent[01]
3,talk,25,2,3,Skip
3,talk,26,2,15,Skip
3,talk,27,2,1,Skip
3,talk,28,2,6,Skip
3,talk,29,2,13,Skip
3,talk,30,2,11,Skip
3,talk,31,2,8,Skip
3,talk,32,2,7,Skip
3,talk,33,3,7,Over
3,talk,34,3,3,Over
3,talk,35,3,15,Over
3,talk,36,3,8,Over
3,talk,37,3,6,Over
3,talk,38,3,10,Over
3,talk,39,3,14,Skip
3,talk,40,3,1,Skip
3,talk,41,3,11,Over
3,talk,42,3,13,Over
3,talk,43,3,5,Skip
3,talk,44,4,14,Skip
3,talk,45,4,7,Over
3,talk,46,4,8,Over
3,talk,47,4,11,Over
3,talk,48,4,10,Over
3,talk,49,4,13,Over
3,talk,50,4,3,Over
3,talk,51,4,1,Over
3,talk,52,4,15,Over
3,talk,53,4,5,Over
3,talk,54,4,6,Over
3,talk,55,5,7,Over
3,talk,56,5,11,Over
3,talk,57,5,15,Over
3,talk,58,5,5,Over
3,talk,59,5,14,Over
3,talk,60,5,3,Over
3,talk,61,5,13,Over
3,talk,62,5,8,Over
3,talk,63,5,10,Over
3,talk,64,5,1,Over
3,talk,65,5,6,Over
3,vote,1,11
3,vote,3,7
3,vote,5,11
3,vote,6,1
3,vote,7,8
3,vote,8,7
3,vote,10,11
3,vote,11,15
3,vote,13,8
3,vote,14,1
3,vote,15,3
3,execute,11,VILLAGER
3,whisper,0,0,5,ATTACK Agent[08]
3,whisper,1,0,14,ATTACK Agent[03]
3,whisper,2,1,14,Skip
3,whisper,3,1,5,ATTACK Agent[10]
3,whisper,4,2,5,ATTACK Agent[06]
3,whisper,5,2,14,Skip
3,whisper,6,3,5,ATTACK Agent[08]
3,whisper,7,3,14,ATTACK Agent[10]
3,whisper,8,4,5,Skip
3,whisper,9,4,14,ATTACK Agent[13]
3,whisper,10,5,14,ATTACK Agent[03]
3,whisper,11,5,5,ATTACK Agent[07]
3,whisper,12,6,5,ATTACK Agent[08]
3,whisper,13,6,14,ATTACK Agent[07]
3,whisper,14,7,14,ATTACK Agent[01]
3,whisper,15,7,5,Skip
3,whisper,16,8,5,Skip
3,whisper,17,8,14,ATTACK Agent[07]
3,whisper,18,9,5,ATTACK Agent[13]
3,whisper,19,9,14,ATTACK Agent[15]
3,whisper,20,10,14,Skip
3,whisper,21,10,5,ATTACK Agent[06]
3,whisper,22,11,14,Skip
3,whisper,23,11,5,ATTACK Agent[08]
3,whisper,24,12,14,Over
3,whisper,25,12,5,ATTACK Agent[01]
3,whisper,26,13,14,ATTACK Agent[03]
3,whisper,27,13,5,Over
3,whisper,28,14,14,Skip
3,whisper,29,14,5,Over
3,whisper,30,15,5,Over
3,whisper,31,15,14,ATTACK Agent[10]
3,whisper,32,16,5,Over
3,whisper,33,16,14,Over
3,guard,7,14,WEREWOLF
3,attackVote,5,15
3,attackVote,14,15
3,attack,15,true
4,status,1,VILLAGER,ALIVE,MtAgent
4,status,2,SEER,DEAD,Sample9
4,status,3,VILLAGER,ALIVE,Sample12
4,status,4,POSSESSED,DEAD,Sample8
4,status,5,WEREWOLF,ALIVE,Sample11
4,status,6,VILLAGER,ALIVE,Sample7
4,status,7,BODYGUARD,ALIVE,Sample10
4,status,8,VILLAGER,ALIVE,Sample6
4,status,9,WEREWOLF,DEAD,Sample5
4,status,10,VILLAGER,ALIVE,Sample4
4,status,11,VILLAGER,DEAD,Sample3
4,status,12,MEDIUM,DEAD,Sample14
4,status,13,VILLAGER,ALIVE,Sample2
4,status,14,WEREWOLF,ALIVE,Sample13
4,status,15,VILLAGER,DEAD,Sample1
4,talk,0,0,7,VOTE Agent[06]
4,talk,1,0,10,VOTE Agent[07]
4,talk,2,0,13,VOTE Agent[10]
4,talk,3,0,8,VOTE Agent[13]
4,talk,4,0,3,VOTE Agent[06]
4,talk,5,0,6,VOTE Agent[01]
4,talk,6,0,5,ESTIMATE Agent[06] WEREWOLF
4,talk,7,0,14,DIVINED Agent[03] HUMAN
4,talk,8,0,1,VOTE Agent[14]
4,talk,9,1,10,Skip
4,talk,10,1,6,Skip
4,talk,11,1,8,Skip
4,talk,12,1,1,VOTE Agent[06]
4,talk,13,1,3,Skip
4,talk,14,1,13,Skip
4,talk,15,1,7,Skip
4,talk,16,1,14,ESTIMATE Agent[01] WEREWOLF
4,talk,17,1,5,VOTE Agent[06]
4,talk,18,2,8,Skip
4,talk,19,2,14,VOTE Agent[01]
4,talk,20,2,6,Skip
4,talk,21,2,3,Skip
4,talk,22,2,5,Skip
4,talk,23,2,7,Skip
4,talk,24,2,10,Skip
4,talk,25,2,1,Skip
4,talk,26,2,13,Skip
4,talk,27,3,13,Over
4,talk,28,3,3,Over
4,talk,29,3,5,Skip
4,talk,30,3,8,Over
4,talk,31,3,1,Skip
4,talk,32,3,14,Skip
4,talk,33,3,7,Over
4,talk,34,3,10,Over
4,talk,35,3,6,Over
4,talk,36,4,13,Over
4,talk,37,4,6,Over
4,talk,38,4,3,Over
4,talk,39,4,5,Over
4,talk,40,4,1,Over
4,talk,41,4,14,Skip
4,talk,42,4,8,Over
4,talk,43,4,10,Over
4,talk,44,4,7,Over
4,talk,45,5,5,Over
4,talk,46,5,7,Over
4,talk,47,5,14,Over
4,talk,48,5,6,Over
4,talk,49,5,10,Over
4,talk,50,5,13,Over
4,talk,51,5,1,Over
4,talk,52,5,3,Over
4,talk,53,5,8,Over
4,vote,1,6
4,vote,3,6
4,vote,5,6
4,vote,6,1
4,vote,7,6
4,vote,8,13
4,vote,10,7
4,vote,13,10
4,vote,14,1
4,execute,6,VILLAGER
4,whisper,0,0,5,ATTACK Agent[03]
4,whisper,1,0,14,ATTACK Agent[10]
4,whisper,2,1,14,ATTACK Agent[13]
4,whisper,3,1,5,ATTACK Agent[01]
4,whisper,4,2,5,ATTACK Agent[08]
4,whisper,5,2,14,ATTACK Agent[01]
4,whisper,6,3,5,ATTACK Agent[01]
4,whisper,7,3,14,ATTACK Agent[10]
4,whisper,8,4,14,ATTACK Agent[08]
4,whisper,9,4,5,ATTACK Agent[10]
4,whisper,10,5,5,Skip
4,whisper,11,5,14,Skip
4,whisper,12,6,5,ATTACK Agent[13]
4,whisper,13,6,14,ATTACK Agent[10]
4,whisper,14,7,14,Skip
4,whisper,15,7,5,ATTACK Agent[01]
4,whisper,16,8,14,ATTACK Agent[07]
4,whisper,17,8,5,ATTACK Agent[08]
4,whisper,18,9,5,ATTACK Agent[10]
4,whisper,19,9,14,ATTACK Agent[13]
4,whisper,20,10,5,ATTACK Agent[07]
4,whisper,21,10,14,ATTACK Agent[10]
4,whisper,22,11,14,ATTACK Agent[13]
4,whisper,23,11,5,Over
4,whisper,24,12,14,Over
4,whisper,25,12,5,Over
4,guard,7,14,WEREWOLF
4,attackVote,5,7
4,attackVote,14,7
4,attack,7,true
5,status,1,VILLAGER,ALIVE,MtAgent
5,status,2,SEER,DEAD,Sample9
5,status,3,VILLAGER,ALIVE,Sample12
5,status,4,POSSESSED,DEAD,Sample8
5,status,5,WEREWOLF,ALIVE,Sample11
5,status,6,VILLAGER,DEAD,Sample7
5,status,7,BODYGUARD,DEAD,Sample10
5,status,8,VILLAGER,ALIVE,Sample6
5,status,9,WEREWOLF,DEAD,Sample5
5,status,10,VILLAGER,ALIVE,Sample4
5,status,11,VILLAGER,DEAD,Sample3
5,status,12,MEDIUM,DEAD,Sample14
5,status,13,VILLAGER,ALIVE,Sample2
5,status,14,WEREWOLF,ALIVE,Sample13
5,status,15,VILLAGER,DEAD,Sample1
5,talk,0,0,13,VOTE Agent[14]
5,talk,1,0,14,DIVINED Agent[13] HUMAN
5,talk,2,0,10,VOTE Agent[01]
5,talk,3,0,8,VOTE Agent[01]
5,talk,4,0,5,ESTIMATE Agent[10] WEREWOLF
5,talk,5,0,3,VOTE Agent[10]
5,talk,6,0,1,VOTE Agent[14]
5,talk,7,1,3,Skip
5,talk,8,1,5,VOTE Agent[10]
5,talk,9,1,8,Skip
5,talk,10,1,14,ESTIMATE Agent[01] WEREWOLF
5,talk,11,1,1,Skip
5,talk,12,1,13,Skip
5,talk,13,1,10,Skip
5,talk,14,2,8,Skip
5,talk,15,2,13,Skip
5,talk,16,2,5,Skip
5,talk,17,2,1,Skip
5,talk,18,2,14,VOTE Agent[01]
5,talk,19,2,3,Skip
5,talk,20,2,10,Skip
5,talk,21,3,3,Over
5,talk,22,3,14,Skip
5,talk,23,3,13,Over
5,talk,24,3,8,Over
5,talk,25,3,5,Skip
5,talk,26,3,1,Over
5,talk,27,3,10,Over
5,talk,28,4,3,Over
5,talk,29,4,14,Skip
5,talk,30,4,5,Over
5,talk,31,4,13,Over
5,talk,32,4,1,Over
5,talk,33,4,10,Over
5,talk,34,4,8,Over
5,talk,35,5,8,Over
5,talk,36,5,3,Over
5,talk,37,5,13,Over
5,talk,38,5,1,Over
5,talk,39,5,5,Over
5,talk,40,5,14,Over
5,talk,41,5,10,Over
5,vote,1,10
5,vote,3,10
5,vote,5,10
5,vote,8,1
5,vote,10,1
5,vote,13,14
5,vote,14,1
5,vote,1,10
5,vote,3,10
5,vote,5,10
5,vote,8,1
5,vote,10,1
5,vote,13,14
5,vote,14,1
5,execute,10,VILLAGER
5,whisper,0,0,5,ATTACK Agent[13]
5,whisper,1,0,14,ATTACK Agent[08]
5,whisper,2,1,14,Skip
5,whisper,3,1,5,ATTACK Agent[08]
5,whisper,4,2,5,ATTACK Agent[01]
5,whisper,5,2,14,Skip
5,whisper,6,3,14,ATTACK Agent[03]
5,whisper,7,3,5,Skip
5,whisper,8,4,5,ATTACK Agent[03]
5,whisper,9,4,14,ATTACK Agent[13]
5,whisper,10,5,5,ATTACK Agent[13]
5,whisper,11,5,14,Skip
5,whisper,12,6,5,ATTACK Agent[01]
5,whisper,13,6,14,ATTACK Agent[03]
5,whisper,14,7,5,Skip
5,whisper,15,7,14,ATTACK Agent[08]
5,whisper,16,8,14,ATTACK Agent[13]
5,whisper,17,8,5,ATTACK Agent[03]
5,whisper,18,9,14,Skip
5,whisper,19,9,5,Skip
5,whisper,20,10,14,ATTACK Agent[08]
5,whisper,21,10,5,ATTACK Agent[13]
5,whisper,22,11,14,ATTACK Agent[13]
5,whisper,23,11,5,ATTACK Agent[01]
5,whisper,24,12,14,ATTACK Agent[03]
5,whisper,25,12,5,Skip
5,whisper,26,13,5,ATTACK Agent[08]
5,whisper,27,13,14,Skip
5,whisper,28,14,14,Skip
5,whisper,29,14,5,Over
5,whisper,30,15,14,ATTACK Agent[13]
5,whisper,31,15,5,Over
5,whisper,32,16,14,Over
5,whisper,33,16,5,Over
5,attackVote,5,1
5,attackVote,14,3
5,attackVote,5,1
5,attackVote,14,13
5,attack,13,true
6,status,1,VILLAGER,ALIVE,MtAgent
6,status,2,SEER,DEAD,Sample9
6,status,3,VILLAGER,ALIVE,Sample12
6,status,4,POSSESSED,DEAD,Sample8
6,status,5,WEREWOLF,ALIVE,Sample11
6,status,6,VILLAGER,DEAD,Sample7
6,status,7,BODYGUARD,DEAD,Sample10
6,status,8,VILLAGER,ALIVE,Sample6
6,status,9,WEREWOLF,DEAD,Sample5
6,status,10,VILLAGER,DEAD,Sample4
6,status,11,VILLAGER,DEAD,Sample3
6,status,12,MEDIUM,DEAD,Sample14
6,status,13,VILLAGER,DEAD,Sample2
6,status,14,WEREWOLF,ALIVE,Sample13
6,status,15,VILLAGER,DEAD,Sample1
6,talk,0,0,8,VOTE Agent[14]
6,talk,1,0,3,VOTE Agent[14]
6,talk,2,0,14,DIVINED Agent[05] HUMAN
6,talk,3,0,1,VOTE Agent[14]
6,talk,4,0,5,ESTIMATE Agent[03] WEREWOLF
6,talk,5,1,3,Skip
6,talk,6,1,5,VOTE Agent[03]
6,talk,7,1,1,Skip
6,talk,8,1,14,ESTIMATE Agent[01] WEREWOLF
6,talk,9,1,8,Skip
6,talk,10,2,3,Skip
6,talk,11,2,1,Skip
6,talk,12,2,5,Skip
6,talk,13,2,8,Skip
6,talk,14,2,14,VOTE Agent[01]
6,talk,15,3,3,Over
6,talk,16,3,1,Over
6,talk,17,3,14,Skip
6,talk,18,3,5,Skip
6,talk,19,3,8,Over
6,talk,20,4,14,Skip
6,talk,21,4,8,Over
6,talk,22,4,1,Over
6,talk,23,4,3,Over
6,talk,24,4,5,Over
6,talk,25,5,3,Over
6,talk,26,5,5,Over
6,talk,27,5,8,Over
6,talk,28,5,14,Over
6,talk,29,5,1,Over
6,vote,1,14
6,vote,3,14
6,vote,5,3
6,vote,8,14
6,vote,14,1
6,execute,14,WEREWOLF
6,attackVote,5,1
6,attack,1,true
7,status,1,VILLAGER,DEAD,MtAgent
7,status,2,SEER,DEAD,Sample9
7,status,3,VILLAGER,ALIVE,Sample12
7,status,4,POSSESSED,DEAD,Sample8
7,status,5,WEREWOLF,ALIVE,Sample11
7,status,6,VILLAGER,DEAD,Sample7
7,status,7,BODYGUARD,DEAD,Sample10
7,status,8,VILLAGER,ALIVE,Sample6
7,status,9,WEREWOLF,DEAD,Sample5
7,status,10,VILLAGER,DEAD,Sample4
7,status,11,VILLAGER,DEAD,Sample3
7,status,12,MEDIUM,DEAD,Sample14
7,status,13,VILLAGER,DEAD,Sample2
7,status,14,WEREWOLF,DEAD,Sample13
7,status,15,VILLAGER,DEAD,Sample1
7,talk,0,0,3,VOTE Agent[08]
7,talk,1,0,8,VOTE Agent[03]
7,talk,2,0,5,ESTIMATE Agent[08] WEREWOLF
7,talk,3,1,5,VOTE Agent[08]
7,talk,4,1,8,Skip
7,talk,5,1,3,Skip
7,talk,6,2,3,Skip
7,talk,7,2,5,Skip
7,talk,8,2,8,Skip
7,talk,9,3,5,Skip
7,talk,10,3,8,Over
7,talk,11,3,3,Over
7,talk,12,4,8,Over
7,talk,13,4,3,Over
7,talk,14,4,5,Over
7,vote,3,8
7,vote,5,8
7,vote,8,3
7,execute,8,VILLAGER
7,attackVote,5,3
7,attack,3,true
8,status,1,VILLAGER,DEAD,MtAgent
8,status,2,SEER,DEAD,Sample9
8,status,3,VILLAGER,DEAD,Sample12
8,status,4,POSSESSED,DEAD,Sample8
8,status,5,WEREWOLF,ALIVE,Sample11
8,status,6,VILLAGER,DEAD,Sample7
8,status,7,BODYGUARD,DEAD,Sample10
8,status,8,VILLAGER,DEAD,Sample6
8,status,9,WEREWOLF,DEAD,Sample5
8,status,10,VILLAGER,DEAD,Sample4
8,status,11,VILLAGER,DEAD,Sample3
8,status,12,MEDIUM,DEAD,Sample14
8,status,13,VILLAGER,DEAD,Sample2
8,status,14,WEREWOLF,DEAD,Sample13
8,status,15,VILLAGER,DEAD,Sample1
8,result,0,1,WEREWOLF
