0,status,1,VILLAGER,ALIVE,MtAgent
0,status,2,VILLAGER,ALIVE,Sample9
0,status,3,VILLAGER,ALIVE,Sample12
0,status,4,WEREWOLF,ALIVE,Sample8
0,status,5,VILLAGER,ALIVE,Sample11
0,status,6,MEDIUM,ALIVE,Sample7
0,status,7,POSSESSED,ALIVE,Sample10
0,status,8,VILLAGER,ALIVE,Sample6
0,status,9,BODYGUARD,ALIVE,Sample5
0,status,10,VILLAGER,ALIVE,Sample4
0,status,11,WEREWOLF,ALIVE,Sample3
0,status,12,VILLAGER,ALIVE,Sample14
0,status,13,WEREWOLF,ALIVE,Sample2
0,status,14,VILLAGER,ALIVE,Sample13
0,status,15,SEER,ALIVE,Sample1
0,whisper,0,0,13,COMINGOUT Agent[13] VILLAGER
0,whisper,1,0,4,COMINGOUT Agent[04] SEER
0,whisper,2,0,11,COMINGOUT Agent[11] SEER
0,whisper,3,1,11,ATTACK Agent[07]
0,whisper,4,1,4,ATTACK Agent[02]
0,whisper,5,1,13,ATTACK Agent[06]
0,whisper,6,2,4,ATTACK Agent[03]
0,whisper,7,2,13,ATTACK Agent[10]
0,whisper,8,2,11,ATTACK Agent[03]
0,whisper,9,3,13,ATTACK Agent[07]
0,whisper,10,3,4,ATTACK Agent[09]
0,whisper,11,3,11,ATTACK Agent[08]
0,whisper,12,4,13,ATTACK Agent[15]
0,whisper,13,4,11,ATTACK Agent[10]
0,whisper,14,4,4,ATTACK Agent[07]
0,whisper,15,5,13,ATTACK Agent[02]
0,whisper,16,5,11,ATTACK Agent[14]
0,whisper,17,5,4,ATTACK Agent[12]
0,whisper,18,6,13,ATTACK Agent[05]
0,whisper,19,6,4,ATTACK Agent[10]
0,whisper,20,6,11,ATTACK Agent[12]
0,whisper,21,7,4,ATTACK Agent[09]
0,whisper,22,7,11,ATTACK Agent[15]
0,whisper,23,7,13,ATTACK Agent[09]
0,whisper,24,8,13,ATTACK Agent[05]
0,whisper,25,8,11,ATTACK Agent[03]
0,whisper,26,8,4,ATTACK Agent[14]
0,whisper,27,9,4,ATTACK Agent[08]
0,whisper,28,9,11,ATTACK Agent[05]
0,whisper,29,9,13,ATTACK Agent[03]
0,whisper,30,10,4,Over
0,whisper,31,10,13,Over
0,whisper,32,10,11,Over
0,divine,15,6,HUMAN
1,status,1,VILLAGER,ALIVE,MtAgent
1,status,2,VILLAGER,ALIVE,Sample9
1,status,3,VILLAGER,ALIVE,Sample12
1,status,4,WEREWOLF,ALIVE,Sample8
1,status,5,VILLAGER,ALIVE,Sample11
1,status,6,MEDIUM,ALIVE,Sample7
1,status,7,POSSESSED,ALIVE,Sample10
1,status,8,VILLAGER,ALIVE,Sample6
1,status,9,BODYGUARD,ALIVE,Sample5
1,status,10,VILLAGER,ALIVE,Sample4
1,status,11,WEREWOLF,ALIVE,Sample3
1,status,12,VILLAGER,ALIVE,Sample14
1,status,13,WEREWOLF,ALIVE,Sample2
1,status,14,VILLAGER,ALIVE,Sample13
1,status,15,SEER,ALIVE,Sample1
1,talk,0,0,4,ESTIMATE Agent[05] WEREWOLF
1,talk,1,0,14,VOTE Agent[03]
1,talk,2,0,2,VOTE Agent[11]
1,talk,3,0,7,COMINGOUT Agent[07] SEER
1,talk,4,0,6,VOTE Agent[07]
1,talk,5,0,10,VOTE Agent[06]
1,talk,6,0,11,ESTIMATE Agent[02] WEREWOLF
1,talk,7,0,9,VOTE Agent[04]
1,talk,8,0,1,VOTE Agent[08]
1,talk,9,0,12,VOTE Agent[08]
1,talk,10,0,5,VOTE Agent[07]
1,talk,11,0,15,COMINGOUT Agent[15] SEER
1,talk,12,0,8,VOTE Agent[01]
1,talk,13,0,13,ESTIMATE Agent[07] WEREWOLF
1,talk,14,0,3,VOTE Agent[05]
1,talk,15,1,5,Skip
1,talk,16,1,11,VOTE Agent[02]
1,talk,17,1,8,Skip
1,talk,18,1,13,VOTE Agent[07]
1,talk,19,1,9,Skip
1,talk,20,1,6,Skip
1,talk,21,1,12,Skip
1,talk,22,1,1,VOTE Agent[11]
1,talk,23,1,10,Skip
1,talk,24,1,4,VOTE Agent[05]
1,talk,25,1,14,Skip
1,talk,26,1,2,Skip
1,talk,27,1,15,DIVINED Agent[06] HUMAN
1,talk,28,1,7,DIVINED Agent[03] WEREWOLF
1,talk,29,1,3,Skip
1,talk,30,2,11,COMINGOUT Agent[11] SEER
1,talk,31,2,9,Skip
1,talk,32,2,2,Skip
1,talk,33,2,13,ESTIMATE Agent[09] WEREWOLF
1,talk,34,2,3,ESTIMATE Agent[07] WEREWOLF
1,talk,35,2,4,ESTIMATE Agent[07] WEREWOLF
1,talk,36,2,1,Skip
1,talk,37,2,8,Skip
1,talk,38,2,10,Skip
1,talk,39,2,14,Skip
1,talk,40,2,5,Skip
1,talk,41,2,15,VOTE Agent[06]
1,talk,42,2,6,Skip
1,talk,43,2,7,ESTIMATE Agent[03] WEREWOLF
1,talk,44,2,12,Skip
1,talk,45,3,10,Over
1,talk,46,3,9,Over
1,talk,47,3,13,VOTE Agent[09]
1,talk,48,3,15,ESTIMATE Agent[07] WEREWOLF
1,talk,49,3,8,Over
1,talk,50,3,4,VOTE Agent[07]
1,talk,51,3,3,REQUEST(DIVINATION Agent[07])
1,talk,52,3,12,Over
1,talk,53,3,6,Over
1,talk,54,3,7,REQUEST(DIVINATION Agent[03])
1,talk,55,3,2,Over
1,talk,56,3,11,DIVINED Agent[02] WEREWOLF
1,talk,57,3,1,Skip
1,talk,58,3,14,Over
1,talk,59,3,5,Over
1,talk,60,4,6,Over
1,talk,61,4,15,VOTE Agent[07]
1,talk,62,4,11,Skip
1,talk,63,4,14,Over
1,talk,64,4,4,COMINGOUT Agent[04] SEER
1,talk,65,4,9,Over
1,talk,66,4,7,VOTE Agent[03]
1,talk,67,4,10,Over
1,talk,68,4,5,Over
1,talk,69,4,12,Over
1,talk,70,4,1,Over
1,talk,71,4,13,Skip
1,talk,72,4,3,VOTE Agent[07]
1,talk,73,4,8,Over
1,talk,74,4,2,Over
1,talk,75,5,3,Skip
1,talk,76,5,12,Over
1,talk,77,5,11,Skip
1,talk,78,5,13,Skip
1,talk,79,5,8,Over
1,talk,80,5,1,Over
1,talk,81,5,5,Over
1,talk,82,5,14,Over
1,talk,83,5,10,Over
1,talk,84,5,6,Over
1,talk,85,5,9,Over
1,talk,86,5,15,Skip
1,talk,87,5,4,ESTIMATE Agent[15] WEREWOLF
1,talk,88,5,2,Over
1,talk,89,5,7,Skip
1,talk,90,6,1,Over
1,talk,91,6,11,Over
1,talk,92,6,9,Over
1,talk,93,6,3,Skip
1,talk,94,6,10,Over
1,talk,95,6,2,Over
1,talk,96,6,8,Over
1,talk,97,6,7,Skip
1,talk,98,6,4,VOTE Agent[15]
1,talk,99,6,6,Over
1,talk,100,6,13,Over
1,talk,101,6,15,Skip
1,talk,102,6,12,Over
1,talk,103,6,14,Over
1,talk,104,6,5,Over
1,talk,105,7,1,Over
1,talk,106,7,6,Over
1,talk,107,7,13,Over
1,talk,108,7,9,Over
1,talk,109,7,14,Over
1,talk,110,7,10,Over
1,talk,111,7,5,Over
1,talk,112,7,8,Over
1,talk,113,7,11,Over
1,talk,114,7,3,Over
1,talk,115,7,12,Over
1,talk,116,7,4,DIVINED Agent[15] HUMAN
1,talk,117,7,15,Over
1,talk,118,7,7,Over
1,talk,119,7,2,Over
1,talk,120,8,4,Skip
1,talk,121,8,10,Over
1,talk,122,8,1,Over
1,talk,123,8,9,Over
1,talk,124,8,15,Over
1,talk,125,8,13,Over
1,talk,126,8,14,Over
1,talk,127,8,12,Over
1,talk,128,8,5,Over
1,talk,129,8,7,Over
1,talk,130,8,8,Over
1,talk,131,8,11,Over
1,talk,132,8,6,Over
1,talk,133,8,2,Over
1,talk,134,8,3,Over
1,talk,135,9,9,Over
1,talk,136,9,2,Over
1,talk,137,9,5,Over
1,talk,138,9,10,Over
1,talk,139,9,11,Over
1,talk,140,9,7,Over
1,talk,141,9,1,Over
1,talk,142,9,8,Over
1,talk,143,9,12,Over
1,talk,144,9,14,Over
1,talk,145,9,4,Skip
1,talk,146,9,15,Over
1,talk,147,9,13,Over
1,talk,148,9,6,Over
1,talk,149,9,3,Over
1,talk,150,10,1,Over
1,talk,151,10,9,Over
1,talk,152,10,3,Over
1,talk,153,10,11,Over
1,talk,154,10,10,Over
1,talk,155,10,15,Over
1,talk,156,10,8,Over
1,talk,157,10,2,Over
1,talk,158,10,6,Over
1,talk,159,10,13,Over
1,talk,160,10,7,Over
1,talk,161,10,14,Over
1,talk,162,10,5,Over
1,talk,163,10,4,Over
1,talk,164,10,12,Over
1,vote,1,11
1,vote,2,11
1,vote,3,7
1,vote,4,15
1,vote,5,7
1,vote,6,7
1,vote,7,3
1,vote,8,1
1,vote,9,4
1,vote,10,6
1,vote,11,2
1,vote,12,8
1,vote,13,9
1,vote,14,3
1,vote,15,7
1,execute,7,POSSESSED
1,divine,15,4,WEREWOLF
1,whisper,0,0,11,ESTIMATE Agent[07] POSSESSED
1,whisper,1,0,13,ESTIMATE Agent[07] POSSESSED
1,whisper,2,0,4,ESTIMATE Agent[07] POSSESSED
1,whisper,3,1,4,ATTACK Agent[15]
1,whisper,4,1,13,ATTACK Agent[15]
1,whisper,5,1,11,ATTACK Agent[15]
1,whisper,6,2,4,Skip
1,whisper,7,2,13,Skip
1,whisper,8,2,11,Skip
1,whisper,9,3,11,Skip
1,whisper,10,3,4,Skip
1,whisper,11,3,13,Skip
1,whisper,12,4,13,Over
1,whisper,13,4,4,Over
1,whisper,14,4,11,Over
1,guard,9,11,WEREWOLF
1,attackVote,4,15
1,attackVote,11,15
1,attackVote,13,15
1,attack,15,true
2,status,1,VILLAGER,ALIVE,MtAgent
2,status,2,VILLAGER,ALIVE,Sample9
2,status,3,VILLAGER,ALIVE,Sample12
2,status,4,WEREWOLF,ALIVE,Sample8
2,status,5,VILLAGER,ALIVE,Sample11
2,status,6,MEDIUM,ALIVE,Sample7
2,status,7,POSSESSED,DEAD,Sample10
2,status,8,VILLAGER,ALIVE,Sample6
2,status,9,BODYGUARD,ALIVE,Sample5
2,status,10,VILLAGER,ALIVE,Sample4
2,status,11,WEREWOLF,ALIVE,Sample3
2,status,12,VILLAGER,ALIVE,Sample14
2,status,13,WEREWOLF,ALIVE,Sample2
2,status,14,VILLAGER,ALIVE,Sample13
2,status,15,SEER,DEAD,Sample1
2,talk,0,0,11,DIVINED Agent[06] HUMAN
2,talk,1,0,1,VOTE Agent[11]
2,talk,2,0,5,VOTE Agent[04]
2,talk,3,0,2,ESTIMATE Agent[11] WEREWOLF
2,talk,4,0,12,VOTE Agent[05]
2,talk,5,0,6,VOTE Agent[10]
2,talk,6,0,13,ESTIMATE Agent[05] WEREWOLF
2,talk,7,0,4,DIVINED Agent[08] HUMAN
2,talk,8,0,10,VOTE Agent[08]
2,talk,9,0,3,VOTE Agent[04]
2,talk,10,0,8,VOTE Agent[11]
2,talk,11,0,9,VOTE Agent[01]
2,talk,12,0,14,VOTE Agent[10]
2,talk,13,1,8,Skip
2,talk,14,1,6,Skip
2,talk,15,1,9,Skip
2,talk,16,1,2,REQUEST(DIVINATION Agent[11])
2,talk,17,1,12,Skip
2,talk,18,1,13,VOTE Agent[05]
2,talk,19,1,10,Skip
2,talk,20,1,5,Skip
2,talk,21,1,1,Skip
2,talk,22,1,14,Skip
2,talk,23,1,11,ESTIMATE Agent[02] WEREWOLF
2,talk,24,1,3,Skip
2,talk,25,1,4,ESTIMATE Agent[09] WEREWOLF
2,talk,26,2,5,Skip
2,talk,27,2,4,VOTE Agent[09]
2,talk,28,2,13,Skip
2,talk,29,2,3,Skip
2,talk,30,2,2,VOTE Agent[11]
2,talk,31,2,11,VOTE Agent[02]
2,talk,32,2,1,Skip
2,talk,33,2,14,Skip
2,talk,34,2,9,Skip
2,talk,35,2,8,Skip
2,talk,36,2,10,Skip
2,talk,37,2,6,Skip
2,talk,38,2,12,Skip
2,talk,39,3,14,Over
2,talk,40,3,11,Skip
2,talk,41,3,5,Over
2,talk,42,3,8,Over
2,talk,43,3,2,Skip
2,talk,44,3,13,Skip
2,talk,45,3,1,Over
2,talk,46,3,6,Over
2,talk,47,3,4,Skip
2,talk,48,3,10,Over
2,talk,49,3,3,Over
2,talk,50,3,9,Over
2,talk,51,3,12,Over
2,talk,52,4,14,Over
2,talk,53,4,2,Skip
2,talk,54,4,12,Over
2,talk,55,4,3,Over
2,talk,56,4,11,Skip
2,talk,57,4,8,Over
2,talk,58,4,6,Over
2,talk,59,4,5,Over
2,talk,60,4,9,Over
2,talk,61,4,10,Over
2,talk,62,4,1,Over
2,talk,63,4,13,Over
2,talk,64,4,4,Skip
2,talk,65,5,12,Over
2,talk,66,5,4,Over
2,talk,67,5,10,Over
2,talk,68,5,5,Over
2,talk,69,5,2,Over
2,talk,70,5,9,Over
2,talk,71,5,8,Over
2,talk,72,5,3,Over
2,talk,73,5,14,Over
2,talk,74,5,13,Over
2,talk,75,5,11,Over
2,talk,76,5,1,Over
2,talk,77,5,6,Over
2,vote,1,11
2,vote,2,11
2,vote,3,4
2,vote,4,9
2,vote,5,4
2,vote,6,10
2,vote,8,11
2,vote,9,1
2,vote,10,8
2,vote,11,2
2,vote,12,5
2,vote,13,5
2,vote,14,10
2,execute,11,WEREWOLF
2,whisper,0,0,4,ATTACK Agent[14]
2,whisper,1,0,13,ATTACK Agent[10]
2,whisper,2,1,13,ATTACK Agent[03]
2,whisper,3,1,4,ATTACK Agent[02]
2,whisper,4,2,13,ATTACK Agent[05]
2,whisper,5,2,4,Skip
2,whisper,6,3,13,ATTACK Agent[01]
2,whisper,7,3,4,Skip
2,whisper,8,4,4,ATTACK Agent[09]
2,whisper,9,4,13,ATTACK Agent[10]
2,whisper,10,5,13,ATTACK Agent[05]
2,whisper,11,5,4,ATTACK Agent[03]
2,whisper,12,6,13,Skip
2,whisper,13,6,4,ATTACK Agent[12]
2,whisper,14,7,4,ATTACK Agent[05]
2,whisper,15,7,13,ATTACK Agent[09]
2,whisper,16,8,4,ATTACK Agent[10]
2,whisper,17,8,13,Skip
2,whisper,18,9,13,ATTACK Agent[03]
2,whisper,19,9,4,ATTACK Agent[09]
2,whisper,20,10,13,ATTACK Agent[05]
2,whisper,21,10,4,ATTACK Agent[02]
2,whisper,22,11,13,ATTACK Agent[10]
2,whisper,23,11,4,ATTACK Agent[05]
2,whisper,24,12,4,Over
2,whisper,25,12,13,Over
2,guard,9,4,WEREWOLF
2,attackVote,4,9
2,attackVote,13,5
2,attackVote,4,6
2,attackVote,13,10
2,attack,6,true
3,status,1,VILLAGER,ALIVE,MtAgent
3,status,2,VILLAGER,ALIVE,Sample9
3,status,3,VILLAGER,ALIVE,Sample12
3,status,4,WEREWOLF,ALIVE,Sample8
3,status,5,VILLAGER,ALIVE,Sample11
3,status,6,MEDIUM,DEAD,Sample7
3,status,7,POSSESSED,DEAD,Sample10
3,status,8,VILLAGER,ALIVE,Sample6
3,status,9,BODYGUARD,ALIVE,Sample5
3,status,10,VILLAGER,ALIVE,Sample4
3,status,11,WEREWOLF,DEAD,Sample3
3,status,12,VILLAGER,ALIVE,Sample14
3,status,13,WEREWOLF,ALIVE,Sample2
3,status,14,VILLAGER,ALIVE,Sample13
3,status,15,SEER,DEAD,Sample1
3,talk,0,0,12,VOTE Agent[10]
3,talk,1,0,1,VOTE Agent[02]
3,talk,2,0,2,VOTE Agent[04]
3,talk,3,0,10,VOTE Agent[01]
3,talk,4,0,8,VOTE Agent[03]
3,talk,5,0,9,VOTE Agent[08]
3,talk,6,0,14,VOTE Agent[12]
3,talk,7,0,13,ESTIMATE Agent[12] WEREWOLF
3,talk,8,0,4,DIVINED Agent[14] HUMAN
3,talk,9,0,3,VOTE Agent[04]
3,talk,10,0,5,VOTE Agent[08]
3,talk,11,1,5,Skip
3,talk,12,1,1,VOTE Agent[04]
3,talk,13,1,8,Skip
3,talk,14,1,14,Skip
3,talk,15,1,9,Skip
3,talk,16,1,13,VOTE Agent[12]
3,talk,17,1,3,Skip
3,talk,18,1,2,Skip
3,talk,19,1,12,Skip
3,talk,20,1,10,Skip
3,talk,21,1,4,ESTIMATE Agent[03] WEREWOLF
3,talk,22,2,9,Skip
3,talk,23,2,14,Skip
3,talk,24,2,1,Skip
3,talk,25,2,2,Skip
3,talk,26,2,3,Skip
3,talk,27,2,12,Skip
3,talk,28,2,8,Skip
3,talk,29,2,13,Skip
3,talk,30,2,5,Skip
3,talk,31,2,4,VOTE Agent[03]
3,talk,32,2,10,Skip
3,talk,33,3,12,Over
3,talk,34,3,2,Over
3,talk,35,3,1,Skip
3,talk,36,3,5,Over
3,talk,37,3,4,Skip
3,talk,38,3,3,Over
3,talk,39,3,10,Over
3,talk,40,3,9,Over
3,talk,41,3,14,Over
3,talk,42,3,8,Over
3,talk,43,3,13,Skip
3,talk,44,4,10,Over
3,talk,45,4,13,Over
3,talk,46,4,3,Over
3,talk,47,4,5,Over
3,talk,48,4,1,Over
3,talk,49,4,14,Over
3,talk,50,4,2,Over
3,talk,51,4,9,Over
3,talk,52,4,4,Skip
3,talk,53,4,12,Over
3,talk,54,4,8,Over
3,talk,55,5,5,Over
3,talk,56,5,9,Over
3,talk,57,5,2,Over
3,talk,58,5,4,Over
3,talk,59,5,13,Over
3,talk,60,5,1,Over
3,talk,61,5,12,Over
3,talk,62,5,14,Over
3,talk,63,5,8,Over
3,talk,64,5,3,Over
3,talk,65,5,10,Over
3,vote,1,4
3,vote,2,4
3,vote,3,4
3,vote,4,3
3,vote,5,8
3,vote,8,3
3,vote,9,8
3,vote,10,1
3,vote,12,10
3,vote,13,12
3,vote,14,12
3,execute,4,WEREWOLF
3,guard,9,3,VILLAGER
3,attackVote,13,5
3,attack,5,true
4,status,1,VILLAGER,ALIVE,MtAgent
4,status,2,VILLAGER,ALIVE,Sample9
4,status,3,VILLAGER,ALIVE,Sample12
4,status,4,WEREWOLF,DEAD,Sample8
4,status,5,VILLAGER,DEAD,Sample11
4,status,6,MEDIUM,DEAD,Sample7
4,status,7,POSSESSED,DEAD,Sample10
4,status,8,VILLAGER,ALIVE,Sample6
4,status,9,BODYGUARD,ALIVE,Sample5
4,status,10,VILLAGER,ALIVE,Sample4
4,status,11,WEREWOLF,DEAD,Sample3
4,status,12,VILLAGER,ALIVE,Sample14
4,status,13,WEREWOLF,ALIVE,Sample2
4,status,14,VILLAGER,ALIVE,Sample13
4,status,15,SEER,DEAD,Sample1
4,talk,0,0,1,VOTE Agent[02]
4,talk,1,0,14,VOTE Agent[08]
4,talk,2,0,3,VOTE Agent[08]
4,talk,3,0,8,VOTE Agent[01]
4,talk,4,0,12,VOTE Agent[08]
4,talk,5,0,13,ESTIMATE Agent[01] WEREWOLF
4,talk,6,0,2,VOTE Agent[10]
4,talk,7,0,9,VOTE Agent[08]
4,talk,8,0,10,VOTE Agent[08]
4,talk,9,1,9,Skip
4,talk,10,1,12,Skip
4,talk,11,1,8,Skip
4,talk,12,1,3,Skip
4,talk,13,1,1,Skip
4,talk,14,1,10,Skip
4,talk,15,1,13,VOTE Agent[01]
4,talk,16,1,14,Skip
4,talk,17,1,2,Skip
4,talk,18,2,8,Skip
4,talk,19,2,1,Skip
4,talk,20,2,12,Skip
4,talk,21,2,14,Skip
4,talk,22,2,2,Skip
4,talk,23,2,13,Skip
4,talk,24,2,9,Skip
4,talk,25,2,3,Skip
4,talk,26,2,10,Skip
4,talk,27,3,12,Over
4,talk,28,3,2,Over
4,talk,29,3,1,Over
4,talk,30,3,8,Over
4,talk,31,3,10,Over
4,talk,32,3,3,Over
4,talk,33,3,13,Skip
4,talk,34,3,14,Over
4,talk,35,3,9,Over
4,talk,36,4,13,Over
4,talk,37,4,2,Over
4,talk,38,4,3,Over
4,talk,39,4,10,Over
4,talk,40,4,1,Over
4,talk,41,4,12,Over
4,talk,42,4,9,Over
4,talk,43,4,8,Over
4,talk,44,4,14,Over
4,vote,1,2
4,vote,2,10
4,vote,3,8
4,vote,8,1
4,vote,9,8
4,vote,10,8
4,vote,12,8
4,vote,13,1
4,vote,14,8
4,execute,8,VILLAGER
4,guard,9,14,VILLAGER
4,attackVote,13,12
4,attack,12,true
5,status,1,VILLAGER,ALIVE,MtAgent
5,status,2,VILLAGER,ALIVE,Sample9
5,status,3,VILLAGER,ALIVE,Sample12
5,status,4,WEREWOLF,DEAD,Sample8
5,status,5,VILLAGER,DEAD,Sample11
5,status,6,MEDIUM,DEAD,Sample7
5,status,7,POSSESSED,DEAD,Sample10
5,status,8,VILLAGER,DEAD,Sample6
5,status,9,BODYGUARD,ALIVE,Sample5
5,status,10,VILLAGER,ALIVE,Sample4
5,status,11,WEREWOLF,DEAD,Sample3
5,status,12,VILLAGER,DEAD,Sample14
5,status,13,WEREWOLF,ALIVE,Sample2
5,status,14,VILLAGER,ALIVE,Sample13
5,status,15,SEER,DEAD,Sample1
5,talk,0,0,3,VOTE Agent[10]
5,talk,1,0,9,VOTE Agent[13]
5,talk,2,0,2,VOTE Agent[10]
5,talk,3,0,10,VOTE Agent[09]
5,talk,4,0,14,VOTE Agent[01]
5,talk,5,0,13,ESTIMATE Agent[09] WEREWOLF
5,talk,6,0,1,VOTE Agent[02]
5,talk,7,1,9,Skip
5,talk,8,1,14,Skip
5,talk,9,1,13,VOTE Agent[09]
5,talk,10,1,2,Skip
5,talk,11,1,10,Skip
5,talk,12,1,3,Skip
5,talk,13,1,1,VOTE Agent[13]
5,talk,14,2,10,Skip
5,talk,15,2,13,Skip
5,talk,16,2,14,Skip
5,talk,17,2,1,Skip
5,talk,18,2,3,Skip
5,talk,19,2,2,Skip
5,talk,20,2,9,Skip
5,talk,21,3,10,Over
5,talk,22,3,14,Over
5,talk,23,3,2,Over
5,talk,24,3,3,Over
5,talk,25,3,1,Skip
5,talk,26,3,9,Over
5,talk,27,3,13,Skip
5,talk,28,4,2,Over
5,talk,29,4,14,Over
5,talk,30,4,1,Over
5,talk,31,4,9,Over
5,talk,32,4,3,Over
5,talk,33,4,10,Over
5,talk,34,4,13,Over
5,vote,1,13
5,vote,2,10
5,vote,3,10
5,vote,9,13
5,vote,10,9
5,vote,13,9
5,vote,14,1
5,vote,1,13
5,vote,2,10
5,vote,3,10
5,vote,9,13
5,vote,10,9
5,vote,13,9
5,vote,14,1
5,execute,10,VILLAGER
5,guard,9,13,WEREWOLF
5,attackVote,13,1
5,attack,1,true
6,status,1,VILLAGER,DEAD,MtAgent
6,status,2,VILLAGER,ALIVE,Sample9
6,status,3,VILLAGER,ALIVE,Sample12
6,status,4,WEREWOLF,DEAD,Sample8
6,status,5,VILLAGER,DEAD,Sample11
6,status,6,MEDIUM,DEAD,Sample7
6,status,7,POSSESSED,DEAD,Sample10
6,status,8,VILLAGER,DEAD,Sample6
6,status,9,BODYGUARD,ALIVE,Sample5
6,status,10,VILLAGER,DEAD,Sample4
6,status,11,WEREWOLF,DEAD,Sample3
6,status,12,VILLAGER,DEAD,Sample14
6,status,13,WEREWOLF,ALIVE,Sample2
6,status,14,VILLAGER,ALIVE,Sample13
6,status,15,SEER,DEAD,Sample1
6,talk,0,0,3,VOTE Agent[13]
6,talk,1,0,2,VOTE Agent[14]
6,talk,2,0,9,VOTE Agent[14]
6,talk,3,0,13,ESTIMATE Agent[02] WEREWOLF
6,talk,4,0,14,VOTE Agent[13]
6,talk,5,1,3,Skip
6,talk,6,1,2,Skip
6,talk,7,1,9,Skip
6,talk,8,1,13,VOTE Agent[02]
6,talk,9,1,14,Skip
6,talk,10,2,3,Skip
6,talk,11,2,14,Skip
6,talk,12,2,2,Skip
6,talk,13,2,9,Skip
6,talk,14,2,13,Skip
6,talk,15,3,13,Skip
6,talk,16,3,14,Over
6,talk,17,3,2,Over
6,talk,18,3,3,Over
6,talk,19,3,9,Over
6,talk,20,4,2,Over
6,talk,21,4,9,Over
6,talk,22,4,3,Over
6,talk,23,4,13,Over
6,talk,24,4,14,Over
6,vote,2,14
6,vote,3,13
6,vote,9,14
6,vote,13,2
6,vote,14,13
6,vote,2,14
6,vote,3,13
6,vote,9,14
6,vote,13,2
6,vote,14,13
6,execute,13,WEREWOLF
6,guard,9,14,VILLAGER
7,status,1,VILLAGER,DEAD,MtAgent
7,status,2,VILLAGER,ALIVE,Sample9
7,status,3,VILLAGER,ALIVE,Sample12
7,status,4,WEREWOLF,DEAD,Sample8
7,status,5,VILLAGER,DEAD,Sample11
7,status,6,MEDIUM,DEAD,Sample7
7,status,7,POSSESSED,DEAD,Sample10
7,status,8,VILLAGER,DEAD,Sample6
7,status,9,BODYGUARD,ALIVE,Sample5
7,status,10,VILLAGER,DEAD,Sample4
7,status,11,WEREWOLF,DEAD,Sample3
7,status,12,VILLAGER,DEAD,Sample14
7,status,13,WEREWOLF,DEAD,Sample2
7,status,14,VILLAGER,ALIVE,Sample13
7,status,15,SEER,DEAD,Sample1
7,result,4,0,VILLAGER
