0,status,1,POSSESSED,ALIVE,MtAgent
0,status,2,BODYGUARD,ALIVE,Sample9
0,status,3,VILLAGER,ALIVE,Sample12
0,status,4,WEREWOLF,ALIVE,Sample8
0,status,5,VILLAGER,ALIVE,Sample11
0,status,6,VILLAGER,ALIVE,Sample7
0,status,7,SEER,ALIVE,Sample10
0,status,8,WEREWOLF,ALIVE,Sample6
0,status,9,VILLAGER,ALIVE,Sample5
0,status,10,WEREWOLF,ALIVE,Sample4
0,status,11,VILLAGER,ALIVE,Sample3
0,status,12,VILLAGER,ALIVE,Sample14
0,status,13,VILLAGER,ALIVE,Sample2
0,status,14,MEDIUM,ALIVE,Sample13
0,status,15,VILLAGER,ALIVE,Sample1
0,whisper,0,0,8,COMINGOUT Agent[08] SEER
0,whisper,1,0,4,COMINGOUT Agent[04] MEDIUM
0,whisper,2,0,10,COMINGOUT Agent[10] MEDIUM
0,whisper,3,1,10,ATTACK Agent[03]
0,whisper,4,1,4,ATTACK Agent[15]
0,whisper,5,1,8,ATTACK Agent[11]
0,whisper,6,2,8,ATTACK Agent[01]
0,whisper,7,2,4,ATTACK Agent[03]
0,whisper,8,2,10,ATTACK Agent[07]
0,whisper,9,3,10,ATTACK Agent[13]
0,whisper,10,3,4,ATTACK Agent[01]
0,whisper,11,3,8,ATTACK Agent[14]
0,whisper,12,4,8,ATTACK Agent[03]
0,whisper,13,4,4,ATTACK Agent[15]
0,whisper,14,4,10,ATTACK Agent[02]
0,whisper,15,5,8,ATTACK Agent[11]
0,whisper,16,5,4,ATTACK Agent[09]
0,whisper,17,5,10,ATTACK Agent[12]
0,whisper,18,6,4,ATTACK Agent[05]
0,whisper,19,6,10,ATTACK Agent[09]
0,whisper,20,6,8,ATTACK Agent[05]
0,whisper,21,7,10,ATTACK Agent[03]
0,whisper,22,7,8,ATTACK Agent[09]
0,whisper,23,7,4,ATTACK Agent[09]
0,whisper,24,8,4,Skip
0,whisper,25,8,8,ATTACK Agent[15]
0,whisper,26,8,10,ATTACK Agent[01]
0,whisper,27,9,4,ATTACK Agent[03]
0,whisper,28,9,10,ATTACK Agent[06]
0,whisper,29,9,8,ATTACK Agent[12]
0,whisper,30,10,10,Over
0,whisper,31,10,4,ATTACK Agent[11]
0,whisper,32,10,8,Over
0,whisper,33,11,4,Over
0,whisper,34,11,8,Over
0,whisper,35,11,10,Over
0,divine,7,11,HUMAN
1,status,1,POSSESSED,ALIVE,MtAgent
1,status,2,BODYGUARD,ALIVE,Sample9
1,status,3,VILLAGER,ALIVE,Sample12
1,status,4,WEREWOLF,ALIVE,Sample8
1,status,5,VILLAGER,ALIVE,Sample11
1,status,6,VILLAGER,ALIVE,Sample7
1,status,7,SEER,ALIVE,Sample10
1,status,8,WEREWOLF,ALIVE,Sample6
1,status,9,VILLAGER,ALIVE,Sample5
1,status,10,WEREWOLF,ALIVE,Sample4
1,status,11,VILLAGER,ALIVE,Sample3
1,status,12,VILLAGER,ALIVE,Sample14
1,status,13,VILLAGER,ALIVE,Sample2
1,status,14,MEDIUM,ALIVE,Sample13
1,status,15,VILLAGER,ALIVE,Sample1
1,talk,0,0,8,ESTIMATE Agent[09] WEREWOLF
1,talk,1,0,5,VOTE Agent[02]
1,talk,2,0,9,VOTE Agent[12]
1,talk,3,0,6,VOTE Agent[04]
1,talk,4,0,11,VOTE Agent[01]
1,talk,5,0,15,VOTE Agent[03]
1,talk,6,0,13,VOTE Agent[04]
1,talk,7,0,3,VOTE Agent[05]
1,talk,8,0,2,VOTE Agent[10]
1,talk,9,0,7,COMINGOUT Agent[07] SEER
1,talk,10,0,14,COMINGOUT Agent[14] MEDIUM
1,talk,11,0,10,ESTIMATE Agent[09] WEREWOLF
1,talk,12,0,12,VOTE Agent[11]
1,talk,13,0,1,COMINGOUT Agent[01] SEER
1,talk,14,0,4,ESTIMATE Agent[06] WEREWOLF
1,talk,15,1,4,VOTE Agent[06]
1,talk,16,1,15,Skip
1,talk,17,1,9,Skip
1,talk,18,1,7,DIVINED Agent[11] HUMAN
1,talk,19,1,6,Skip
1,talk,20,1,3,Skip
1,talk,21,1,1,DIVINED Agent[07] WEREWOLF
1,talk,22,1,8,VOTE Agent[09]
1,talk,23,1,2,Skip
1,talk,24,1,11,Skip
1,talk,25,1,10,VOTE Agent[09]
1,talk,26,1,5,Skip
1,talk,27,1,13,Skip
1,talk,28,1,12,Skip
1,talk,29,1,14,VOTE Agent[02]
1,talk,30,2,12,Skip
1,talk,31,2,5,Skip
1,talk,32,2,10,ESTIMATE Agent[14] WEREWOLF
1,talk,33,2,11,Skip
1,talk,34,2,4,ESTIMATE Agent[14] WEREWOLF
1,talk,35,2,9,Skip
1,talk,36,2,14,Skip
1,talk,37,2,1,VOTE Agent[07]
1,talk,38,2,3,Skip
1,talk,39,2,13,Skip
1,talk,40,2,7,VOTE Agent[09]
1,talk,41,2,8,COMINGOUT Agent[08] SEER
1,talk,42,2,15,Skip
1,talk,43,2,2,Skip
1,talk,44,2,6,Skip
1,talk,45,3,4,VOTE Agent[14]
1,talk,46,3,7,ESTIMATE Agent[01] WEREWOLF
1,talk,47,3,2,Over
1,talk,48,3,1,VOTE Agent[09]
1,talk,49,3,12,Over
1,talk,50,3,6,Over
1,talk,51,3,9,Over
1,talk,52,3,5,Over
1,talk,53,3,3,Over
1,talk,54,3,14,Skip
1,talk,55,3,8,ESTIMATE Agent[07] WEREWOLF
1,talk,56,3,11,Over
1,talk,57,3,13,Over
1,talk,58,3,15,Over
1,talk,59,3,10,VOTE Agent[14]
1,talk,60,4,6,Over
1,talk,61,4,8,VOTE Agent[07]
1,talk,62,4,4,COMINGOUT Agent[04] MEDIUM
1,talk,63,4,14,Over
1,talk,64,4,3,Over
1,talk,65,4,13,Over
1,talk,66,4,12,Over
1,talk,67,4,9,Over
1,talk,68,4,5,Over
1,talk,69,4,2,Over
1,talk,70,4,7,VOTE Agent[01]
1,talk,71,4,10,COMINGOUT Agent[10] MEDIUM
1,talk,72,4,11,Over
1,talk,73,4,1,Skip
1,talk,74,4,15,Over
1,talk,75,5,10,Skip
1,talk,76,5,7,Skip
1,talk,77,5,15,Over
1,talk,78,5,13,Over
1,talk,79,5,6,Over
1,talk,80,5,2,Over
1,talk,81,5,12,Over
1,talk,82,5,5,Over
1,talk,83,5,9,Over
1,talk,84,5,3,Over
1,talk,85,5,4,Skip
1,talk,86,5,11,Over
1,talk,87,5,1,Skip
1,talk,88,5,14,ESTIMATE Agent[10] WEREWOLF
1,talk,89,5,8,DIVINED Agent[14] HUMAN
1,talk,90,6,1,Over
1,talk,91,6,4,Skip
1,talk,92,6,2,Over
1,talk,93,6,14,REQUEST(DIVINATION Agent[10])
1,talk,94,6,11,Over
1,talk,95,6,10,Skip
1,talk,96,6,5,Over
1,talk,97,6,15,Over
1,talk,98,6,12,Over
1,talk,99,6,7,Skip
1,talk,100,6,3,Over
1,talk,101,6,13,Over
1,talk,102,6,9,Over
1,talk,103,6,6,Over
1,talk,104,6,8,Skip
1,talk,105,7,11,Over
1,talk,106,7,10,Over
1,talk,107,7,5,Over
1,talk,108,7,4,Over
1,talk,109,7,7,Over
1,talk,110,7,8,Skip
1,talk,111,7,1,Over
1,talk,112,7,9,Over
1,talk,113,7,6,Over
1,talk,114,7,12,Over
1,talk,115,7,14,VOTE Agent[10]
1,talk,116,7,13,Over
1,talk,117,7,2,Over
1,talk,118,7,15,Over
1,talk,119,7,3,Over
1,talk,120,8,7,Over
1,talk,121,8,10,Over
1,talk,122,8,15,Over
1,talk,123,8,11,Over
1,talk,124,8,13,Over
1,talk,125,8,14,Skip
1,talk,126,8,1,Over
1,talk,127,8,6,Over
1,talk,128,8,8,Over
1,talk,129,8,2,Over
1,talk,130,8,5,Over
1,talk,131,8,9,Over
1,talk,132,8,4,Over
1,talk,133,8,12,Over
1,talk,134,8,3,Over
1,talk,135,9,12,Over
1,talk,136,9,3,Over
1,talk,137,9,10,Over
1,talk,138,9,6,Over
1,talk,139,9,5,Over
1,talk,140,9,14,Skip
1,talk,141,9,11,Over
1,talk,142,9,13,Over
1,talk,143,9,8,Over
1,talk,144,9,2,Over
1,talk,145,9,4,Over
1,talk,146,9,9,Over
1,talk,147,9,7,Over
1,talk,148,9,15,Over
1,talk,149,9,1,Over
1,talk,150,10,12,Over
1,talk,151,10,4,Over
1,talk,152,10,9,Over
1,talk,153,10,1,Over
1,talk,154,10,7,Over
1,talk,155,10,13,Over
1,talk,156,10,6,Over
1,talk,157,10,2,Over
1,talk,158,10,10,Over
1,talk,159,10,15,Over
1,talk,160,10,14,Over
1,talk,161,10,5,Over
1,talk,162,10,11,Over
1,talk,163,10,8,Over
1,talk,164,10,3,Over
1,vote,1,9
1,vote,2,10
1,vote,3,5
1,vote,4,14
1,vote,5,2
1,vote,6,4
1,vote,7,1
1,vote,8,7
1,vote,9,12
1,vote,10,14
1,vote,11,1
1,vote,12,11
1,vote,13,4
1,vote,14,10
1,vote,15,3
1,vote,1,9
1,vote,2,10
1,vote,3,5
1,vote,4,14
1,vote,5,2
1,vote,6,4
1,vote,7,1
1,vote,8,7
1,vote,9,12
1,vote,10,14
1,vote,11,1
1,vote,12,11
1,vote,13,4
1,vote,14,10
1,vote,15,3
1,execute,14,MEDIUM
1,divine,7,8,WEREWOLF
1,whisper,0,0,8,ESTIMATE Agent[01] POSSESSED
1,whisper,1,0,10,ESTIMATE Agent[01] POSSESSED
1,whisper,2,0,4,ESTIMATE Agent[01] POSSESSED
1,whisper,3,1,8,ATTACK Agent[07]
1,whisper,4,1,4,ATTACK Agent[07]
1,whisper,5,1,10,ATTACK Agent[07]
1,whisper,6,2,10,Skip
1,whisper,7,2,4,Skip
1,whisper,8,2,8,Skip
1,whisper,9,3,8,Skip
1,whisper,10,3,10,Skip
1,whisper,11,3,4,Skip
1,whisper,12,4,8,Over
1,whisper,13,4,10,Over
1,whisper,14,4,4,Over
1,guard,2,1,POSSESSED
1,attackVote,4,7
1,attackVote,8,7
1,attackVote,10,7
1,attack,7,true
2,status,1,POSSESSED,ALIVE,MtAgent
2,status,2,BODYGUARD,ALIVE,Sample9
2,status,3,VILLAGER,ALIVE,Sample12
2,status,4,WEREWOLF,ALIVE,Sample8
2,status,5,VILLAGER,ALIVE,Sample11
2,status,6,VILLAGER,ALIVE,Sample7
2,status,7,SEER,DEAD,Sample10
2,status,8,WEREWOLF,ALIVE,Sample6
2,status,9,VILLAGER,ALIVE,Sample5
2,status,10,WEREWOLF,ALIVE,Sample4
2,status,11,VILLAGER,ALIVE,Sample3
2,status,12,VILLAGER,ALIVE,Sample14
2,status,13,VILLAGER,ALIVE,Sample2
2,status,14,MEDIUM,DEAD,Sample13
2,status,15,VILLAGER,ALIVE,Sample1
2,talk,0,0,12,ESTIMATE Agent[01] WEREWOLF
2,talk,1,0,1,DIVINED Agent[11] WEREWOLF
2,talk,2,0,9,ESTIMATE Agent[01] WEREWOLF
2,talk,3,0,13,ESTIMATE Agent[01] WEREWOLF
2,talk,4,0,11,ESTIMATE Agent[01] WEREWOLF
2,talk,5,0,2,ESTIMATE Agent[01] WEREWOLF
2,talk,6,0,5,ESTIMATE Agent[01] WEREWOLF
2,talk,7,0,10,IDENTIFIED Agent[14] WEREWOLF
2,talk,8,0,6,ESTIMATE Agent[01] WEREWOLF
2,talk,9,0,4,IDENTIFIED Agent[14] WEREWOLF
2,talk,10,0,8,DIVINED Agent[05] WEREWOLF
2,talk,11,0,15,ESTIMATE Agent[01] WEREWOLF
2,talk,12,0,3,ESTIMATE Agent[01] WEREWOLF
2,talk,13,1,4,ESTIMATE Agent[12] WEREWOLF
2,talk,14,1,11,REQUEST(DIVINATION Agent[01])
2,talk,15,1,10,ESTIMATE Agent[05] WEREWOLF
2,talk,16,1,3,REQUEST(DIVINATION Agent[01])
2,talk,17,1,8,ESTIMATE Agent[05] WEREWOLF
2,talk,18,1,5,REQUEST(DIVINATION Agent[01])
2,talk,19,1,9,REQUEST(DIVINATION Agent[01])
2,talk,20,1,13,REQUEST(DIVINATION Agent[01])
2,talk,21,1,15,REQUEST(DIVINATION Agent[01])
2,talk,22,1,6,REQUEST(DIVINATION Agent[01])
2,talk,23,1,2,REQUEST(DIVINATION Agent[01])
2,talk,24,1,12,REQUEST(DIVINATION Agent[01])
2,talk,25,1,1,VOTE Agent[11]
2,talk,26,2,9,VOTE Agent[01]
2,talk,27,2,6,VOTE Agent[01]
2,talk,28,2,11,VOTE Agent[01]
2,talk,29,2,3,VOTE Agent[01]
2,talk,30,2,10,VOTE Agent[05]
2,talk,31,2,12,VOTE Agent[01]
2,talk,32,2,4,VOTE Agent[12]
2,talk,33,2,2,VOTE Agent[01]
2,talk,34,2,13,VOTE Agent[01]
2,talk,35,2,15,VOTE Agent[01]
2,talk,36,2,1,Skip
2,talk,37,2,8,VOTE Agent[05]
2,talk,38,2,5,VOTE Agent[01]
2,talk,39,3,9,Skip
2,talk,40,3,3,Skip
2,talk,41,3,1,VOTE Agent[05]
2,talk,42,3,11,Skip
2,talk,43,3,2,Skip
2,talk,44,3,8,Skip
2,talk,45,3,6,Skip
2,talk,46,3,4,Skip
2,talk,47,3,10,Skip
2,talk,48,3,13,Skip
2,talk,49,3,15,Skip
2,talk,50,3,5,Skip
2,talk,51,3,12,Skip
2,talk,52,4,3,Skip
2,talk,53,4,8,Skip
2,talk,54,4,15,Skip
2,talk,55,4,13,Skip
2,talk,56,4,6,Skip
2,talk,57,4,1,Skip
2,talk,58,4,9,Skip
2,talk,59,4,4,Skip
2,talk,60,4,11,Skip
2,talk,61,4,10,Skip
2,talk,62,4,2,Skip
2,talk,63,4,12,Skip
2,talk,64,4,5,Skip
2,talk,65,5,13,Over
2,talk,66,5,1,Skip
2,talk,67,5,11,Over
2,talk,68,5,9,Over
2,talk,69,5,6,Over
2,talk,70,5,4,Over
2,talk,71,5,8,Over
2,talk,72,5,5,Over
2,talk,73,5,3,Over
2,talk,74,5,15,Over
2,talk,75,5,10,Over
2,talk,76,5,2,Over
2,talk,77,5,12,Over
2,talk,78,6,5,Over
2,talk,79,6,13,Over
2,talk,80,6,15,Over
2,talk,81,6,12,Over
2,talk,82,6,10,Over
2,talk,83,6,4,Over
2,talk,84,6,6,Over
2,talk,85,6,1,Over
2,talk,86,6,3,Over
2,talk,87,6,9,Over
2,talk,88,6,2,Over
2,talk,89,6,11,Over
2,talk,90,6,8,Over
2,vote,1,5
2,vote,2,1
2,vote,3,1
2,vote,4,12
2,vote,5,1
2,vote,6,1
2,vote,8,5
2,vote,9,1
2,vote,10,5
2,vote,11,1
2,vote,12,1
2,vote,13,1
2,vote,15,1
2,execute,1,POSSESSED
2,whisper,0,0,4,ATTACK Agent[15]
2,whisper,1,0,10,ATTACK Agent[12]
2,whisper,2,0,8,ATTACK Agent[03]
2,whisper,3,1,4,ATTACK Agent[12]
2,whisper,4,1,8,ATTACK Agent[02]
2,whisper,5,1,10,ATTACK Agent[15]
2,whisper,6,2,10,ATTACK Agent[05]
2,whisper,7,2,4,ATTACK Agent[06]
2,whisper,8,2,8,ATTACK Agent[06]
2,whisper,9,3,4,Skip
2,whisper,10,3,8,ATTACK Agent[15]
2,whisper,11,3,10,Skip
2,whisper,12,4,4,ATTACK Agent[12]
2,whisper,13,4,10,Skip
2,whisper,14,4,8,ATTACK Agent[11]
2,whisper,15,5,8,ATTACK Agent[12]
2,whisper,16,5,4,ATTACK Agent[13]
2,whisper,17,5,10,ATTACK Agent[12]
2,whisper,18,6,10,ATTACK Agent[06]
2,whisper,19,6,8,ATTACK Agent[13]
2,whisper,20,6,4,Skip
2,whisper,21,7,4,ATTACK Agent[15]
2,whisper,22,7,10,ATTACK Agent[03]
2,whisper,23,7,8,ATTACK Agent[05]
2,whisper,24,8,8,ATTACK Agent[12]
2,whisper,25,8,10,ATTACK Agent[06]
2,whisper,26,8,4,Skip
2,whisper,27,9,4,ATTACK Agent[11]
2,whisper,28,9,8,ATTACK Agent[13]
2,whisper,29,9,10,ATTACK Agent[12]
2,whisper,30,10,4,ATTACK Agent[12]
2,whisper,31,10,8,Over
2,whisper,32,10,10,ATTACK Agent[03]
2,whisper,33,11,8,Over
2,whisper,34,11,10,ATTACK Agent[09]
2,whisper,35,11,4,ATTACK Agent[05]
2,whisper,36,12,10,Over
2,whisper,37,12,8,Over
2,whisper,38,12,4,ATTACK Agent[11]
2,whisper,39,13,8,Over
2,whisper,40,13,10,Over
2,whisper,41,13,4,Over
2,guard,2,8,WEREWOLF
2,attackVote,4,9
2,attackVote,8,2
2,attackVote,10,9
2,attack,9,true
3,status,1,POSSESSED,DEAD,MtAgent
3,status,2,BODYGUARD,ALIVE,Sample9
3,status,3,VILLAGER,ALIVE,Sample12
3,status,4,WEREWOLF,ALIVE,Sample8
3,status,5,VILLAGER,ALIVE,Sample11
3,status,6,VILLAGER,ALIVE,Sample7
3,status,7,SEER,DEAD,Sample10
3,status,8,WEREWOLF,ALIVE,Sample6
3,status,9,VILLAGER,DEAD,Sample5
3,status,10,WEREWOLF,ALIVE,Sample4
3,status,11,VILLAGER,ALIVE,Sample3
3,status,12,VILLAGER,ALIVE,Sample14
3,status,13,VILLAGER,ALIVE,Sample2
3,status,14,MEDIUM,DEAD,Sample13
3,status,15,VILLAGER,ALIVE,Sample1
3,talk,0,0,8,DIVINED Agent[15] HUMAN
3,talk,1,0,3,VOTE Agent[04]
3,talk,2,0,15,VOTE Agent[08]
3,talk,3,0,10,IDENTIFIED Agent[01] WEREWOLF
3,talk,4,0,4,IDENTIFIED Agent[01] HUMAN
3,talk,5,0,12,VOTE Agent[03]
3,talk,6,0,5,ESTIMATE Agent[08] WEREWOLF
3,talk,7,0,6,VOTE Agent[13]
3,talk,8,0,11,VOTE Agent[02]
3,talk,9,0,2,VOTE Agent[10]
3,talk,10,0,13,VOTE Agent[06]
3,talk,11,1,8,ESTIMATE Agent[05] WEREWOLF
3,talk,12,1,4,ESTIMATE Agent[06] WEREWOLF
3,talk,13,1,10,ESTIMATE Agent[13] WEREWOLF
3,talk,14,1,6,Skip
3,talk,15,1,5,REQUEST(DIVINATION Agent[08])
3,talk,16,1,13,Skip
3,talk,17,1,11,Skip
3,talk,18,1,15,Skip
3,talk,19,1,3,Skip
3,talk,20,1,2,Skip
3,talk,21,1,12,Skip
3,talk,22,2,8,VOTE Agent[05]
3,talk,23,2,15,Skip
3,talk,24,2,11,Skip
3,talk,25,2,4,VOTE Agent[06]
3,talk,26,2,5,VOTE Agent[08]
3,talk,27,2,2,Skip
3,talk,28,2,12,Skip
3,talk,29,2,3,Skip
3,talk,30,2,10,VOTE Agent[13]
3,talk,31,2,13,Skip
3,talk,32,2,6,Skip
3,talk,33,3,15,Over
3,talk,34,3,13,Over
3,talk,35,3,10,Skip
3,talk,36,3,12,Over
3,talk,37,3,4,Skip
3,talk,38,3,11,Over
3,talk,39,3,5,Skip
3,talk,40,3,2,Over
3,talk,41,3,6,Over
3,talk,42,3,8,Skip
3,talk,43,3,3,Over
3,talk,44,4,2,Over
3,talk,45,4,5,Skip
3,talk,46,4,15,Over
3,talk,47,4,13,Over
3,talk,48,4,8,Skip
3,talk,49,4,12,Over
3,talk,50,4,10,Skip
3,talk,51,4,4,Skip
3,talk,52,4,11,Over
3,talk,53,4,6,Over
3,talk,54,4,3,Over
3,talk,55,5,10,Over
3,talk,56,5,6,Over
3,talk,57,5,2,Over
3,talk,58,5,12,Over
3,talk,59,5,5,Over
3,talk,60,5,13,Over
3,talk,61,5,4,Over
3,talk,62,5,15,Over
3,talk,63,5,11,Over
3,talk,64,5,8,Over
3,talk,65,5,3,Over
3,vote,2,10
3,vote,3,4
3,vote,4,6
3,vote,5,8
3,vote,6,13
3,vote,8,5
3,vote,10,13
3,vote,11,2
3,vote,12,3
3,vote,13,6
3,vote,15,8
3,vote,2,10
3,vote,3,4
3,vote,4,6
3,vote,5,8
3,vote,6,13
3,vote,8,5
3,vote,10,13
3,vote,11,2
3,vote,12,3
3,vote,13,6
3,vote,15,8
3,execute,6,VILLAGER
3,whisper,0,0,10,ATTACK Agent[05]
3,whisper,1,0,8,ATTACK Agent[03]
3,whisper,2,0,4,ATTACK Agent[03]
3,whisper,3,1,4,ATTACK Agent[05]
3,whisper,4,1,10,ATTACK Agent[13]
3,whisper,5,1,8,ATTACK Agent[02]
3,whisper,6,2,4,ATTACK Agent[11]
3,whisper,7,2,10,ATTACK Agent[05]
3,whisper,8,2,8,ATTACK Agent[03]
3,whisper,9,3,8,ATTACK Agent[02]
3,whisper,10,3,10,ATTACK Agent[13]
3,whisper,11,3,4,ATTACK Agent[03]
3,whisper,12,4,4,ATTACK Agent[12]
3,whisper,13,4,10,ATTACK Agent[05]
3,whisper,14,4,8,ATTACK Agent[11]
3,whisper,15,5,4,Skip
3,whisper,16,5,10,ATTACK Agent[15]
3,whisper,17,5,8,ATTACK Agent[12]
3,whisper,18,6,10,ATTACK Agent[05]
3,whisper,19,6,8,Skip
3,whisper,20,6,4,ATTACK Agent[13]
3,whisper,21,7,10,ATTACK Agent[12]
3,whisper,22,7,4,ATTACK Agent[05]
3,whisper,23,7,8,ATTACK Agent[11]
3,whisper,24,8,4,ATTACK Agent[11]
3,whisper,25,8,8,ATTACK Agent[02]
3,whisper,26,8,10,Skip
3,whisper,27,9,8,Skip
3,whisper,28,9,4,ATTACK Agent[05]
3,whisper,29,9,10,ATTACK Agent[02]
3,whisper,30,10,4,ATTACK Agent[15]
3,whisper,31,10,8,ATTACK Agent[12]
3,whisper,32,10,10,ATTACK Agent[03]
3,whisper,33,11,8,ATTACK Agent[15]
3,whisper,34,11,10,Over
3,whisper,35,11,4,Over
3,whisper,36,12,10,Over
3,whisper,37,12,8,Over
3,whisper,38,12,4,Over
3,guard,2,8,WEREWOLF
3,attackVote,4,5
3,attackVote,8,13
3,attackVote,10,2
3,attackVote,4,2
3,attackVote,8,3
3,attackVote,10,11
3,attack,3,true
4,status,1,POSSESSED,DEAD,MtAgent
4,status,2,BODYGUARD,ALIVE,Sample9
4,status,3,VILLAGER,DEAD,Sample12
4,status,4,WEREWOLF,ALIVE,Sample8
4,status,5,VILLAGER,ALIVE,Sample11
4,status,6,VILLAGER,DEAD,Sample7
4,status,7,SEER,DEAD,Sample10
4,status,8,WEREWOLF,ALIVE,Sample6
4,status,9,VILLAGER,DEAD,Sample5
4,status,10,WEREWOLF,ALIVE,Sample4
4,status,11,VILLAGER,ALIVE,Sample3
4,status,12,VILLAGER,ALIVE,Sample14
4,status,13,VILLAGER,ALIVE,Sample2
4,status,14,MEDIUM,DEAD,Sample13
4,status,15,VILLAGER,ALIVE,Sample1
4,talk,0,0,12,VOTE Agent[05]
4,talk,1,0,10,IDENTIFIED Agent[06] HUMAN
4,talk,2,0,5,ESTIMATE Agent[08] WEREWOLF
4,talk,3,0,15,VOTE Agent[12]
4,talk,4,0,4,IDENTIFIED Agent[06] HUMAN
4,talk,5,0,8,DIVINED Agent[10] HUMAN
4,talk,6,0,11,VOTE Agent[13]
4,talk,7,0,13,VOTE Agent[08]
4,talk,8,0,2,VOTE Agent[05]
4,talk,9,1,5,REQUEST(DIVINATION Agent[08])
4,talk,10,1,15,Skip
4,talk,11,1,8,ESTIMATE Agent[05] WEREWOLF
4,talk,12,1,10,ESTIMATE Agent[02] WEREWOLF
4,talk,13,1,11,Skip
4,talk,14,1,13,Skip
4,talk,15,1,12,Skip
4,talk,16,1,4,ESTIMATE Agent[11] WEREWOLF
4,talk,17,1,2,Skip
4,talk,18,2,10,VOTE Agent[02]
4,talk,19,2,5,VOTE Agent[08]
4,talk,20,2,4,VOTE Agent[11]
4,talk,21,2,15,Skip
4,talk,22,2,8,VOTE Agent[05]
4,talk,23,2,11,Skip
4,talk,24,2,13,Skip
4,talk,25,2,2,Skip
4,talk,26,2,12,Skip
4,talk,27,3,2,Over
4,talk,28,3,8,Skip
4,talk,29,3,12,Over
4,talk,30,3,13,Over
4,talk,31,3,5,Skip
4,talk,32,3,15,Over
4,talk,33,3,4,Skip
4,talk,34,3,10,Skip
4,talk,35,3,11,Over
4,talk,36,4,11,Over
4,talk,37,4,2,Over
4,talk,38,4,8,Skip
4,talk,39,4,10,Skip
4,talk,40,4,4,Skip
4,talk,41,4,12,Over
4,talk,42,4,15,Over
4,talk,43,4,13,Over
4,talk,44,4,5,Skip
4,talk,45,5,12,Over
4,talk,46,5,5,Over
4,talk,47,5,10,Over
4,talk,48,5,13,Over
4,talk,49,5,11,Over
4,talk,50,5,8,Over
4,talk,51,5,2,Over
4,talk,52,5,4,Over
4,talk,53,5,15,Over
4,vote,2,5
4,vote,4,11
4,vote,5,8
4,vote,8,5
4,vote,10,2
4,vote,11,13
4,vote,12,5
4,vote,13,8
4,vote,15,12
4,execute,5,VILLAGER
4,whisper,0,0,4,ATTACK Agent[02]
4,whisper,1,0,8,ATTACK Agent[12]
4,whisper,2,0,10,ATTACK Agent[02]
4,whisper,3,1,10,ATTACK Agent[15]
4,whisper,4,1,4,ATTACK Agent[12]
4,whisper,5,1,8,ATTACK Agent[13]
4,whisper,6,2,10,ATTACK Agent[02]
4,whisper,7,2,4,ATTACK Agent[13]
4,whisper,8,2,8,ATTACK Agent[02]
4,whisper,9,3,10,ATTACK Agent[12]
4,whisper,10,3,4,Skip
4,whisper,11,3,8,ATTACK Agent[11]
4,whisper,12,4,4,ATTACK Agent[15]
4,whisper,13,4,8,ATTACK Agent[02]
4,whisper,14,4,10,ATTACK Agent[02]
4,whisper,15,5,4,ATTACK Agent[12]
4,whisper,16,5,8,ATTACK Agent[12]
4,whisper,17,5,10,ATTACK Agent[15]
4,whisper,18,6,8,ATTACK Agent[13]
4,whisper,19,6,10,ATTACK Agent[11]
4,whisper,20,6,4,ATTACK Agent[11]
4,whisper,21,7,10,ATTACK Agent[02]
4,whisper,22,7,8,ATTACK Agent[11]
4,whisper,23,7,4,Skip
4,whisper,24,8,4,Skip
4,whisper,25,8,10,ATTACK Agent[12]
4,whisper,26,8,8,ATTACK Agent[13]
4,whisper,27,9,8,ATTACK Agent[11]
4,whisper,28,9,10,Skip
4,whisper,29,9,4,ATTACK Agent[13]
4,whisper,30,10,8,Over
4,whisper,31,10,10,Skip
4,whisper,32,10,4,Skip
4,whisper,33,11,10,ATTACK Agent[11]
4,whisper,34,11,4,ATTACK Agent[15]
4,whisper,35,11,8,Over
4,whisper,36,12,8,Over
4,whisper,37,12,4,ATTACK Agent[02]
4,whisper,38,12,10,Over
4,whisper,39,13,4,Skip
4,whisper,40,13,10,Over
4,whisper,41,13,8,Over
4,whisper,42,14,10,Over
4,whisper,43,14,4,ATTACK Agent[11]
4,whisper,44,14,8,Over
4,whisper,45,15,8,Over
4,whisper,46,15,4,Over
4,whisper,47,15,10,Over
4,guard,2,8,WEREWOLF
4,attackVote,4,15
4,attackVote,8,2
4,attackVote,10,13
4,attackVote,4,11
4,attackVote,8,11
4,attackVote,10,11
4,attack,11,true
5,status,1,POSSESSED,DEAD,MtAgent
5,status,2,BODYGUARD,ALIVE,Sample9
5,status,3,VILLAGER,DEAD,Sample12
5,status,4,WEREWOLF,ALIVE,Sample8
5,status,5,VILLAGER,DEAD,Sample11
5,status,6,VILLAGER,DEAD,Sample7
5,status,7,SEER,DEAD,Sample10
5,status,8,WEREWOLF,ALIVE,Sample6
5,status,9,VILLAGER,DEAD,Sample5
5,status,10,WEREWOLF,ALIVE,Sample4
5,status,11,VILLAGER,DEAD,Sample3
5,status,12,VILLAGER,ALIVE,Sample14
5,status,13,VILLAGER,ALIVE,Sample2
5,status,14,MEDIUM,DEAD,Sample13
5,status,15,VILLAGER,ALIVE,Sample1
5,talk,0,0,2,VOTE Agent[08]
5,talk,1,0,12,VOTE Agent[02]
5,talk,2,0,4,IDENTIFIED Agent[05] HUMAN
5,talk,3,0,10,IDENTIFIED Agent[05] HUMAN
5,talk,4,0,8,DIVINED Agent[13] WEREWOLF
5,talk,5,0,13,VOTE Agent[15]
5,talk,6,0,15,VOTE Agent[02]
5,talk,7,1,2,Skip
5,talk,8,1,8,ESTIMATE Agent[13] WEREWOLF
5,talk,9,1,10,ESTIMATE Agent[13] WEREWOLF
5,talk,10,1,12,Skip
5,talk,11,1,13,ESTIMATE Agent[08] WEREWOLF
5,talk,12,1,15,Skip
5,talk,13,1,4,ESTIMATE Agent[13] WEREWOLF
5,talk,14,2,15,Skip
5,talk,15,2,13,REQUEST(DIVINATION Agent[08])
5,talk,16,2,12,Skip
5,talk,17,2,4,VOTE Agent[13]
5,talk,18,2,8,VOTE Agent[13]
5,talk,19,2,10,VOTE Agent[13]
5,talk,20,2,2,Skip
5,talk,21,3,2,Over
5,talk,22,3,15,Over
5,talk,23,3,8,Skip
5,talk,24,3,12,Over
5,talk,25,3,10,Skip
5,talk,26,3,4,Skip
5,talk,27,3,13,VOTE Agent[08]
5,talk,28,4,8,Skip
5,talk,29,4,2,Over
5,talk,30,4,13,Skip
5,talk,31,4,10,Skip
5,talk,32,4,15,Over
5,talk,33,4,12,Over
5,talk,34,4,4,Skip
5,talk,35,5,2,Over
5,talk,36,5,13,Skip
5,talk,37,5,8,Over
5,talk,38,5,12,Over
5,talk,39,5,4,Over
5,talk,40,5,10,Over
5,talk,41,5,15,Over
5,talk,42,6,15,Over
5,talk,43,6,8,Over
5,talk,44,6,10,Over
5,talk,45,6,13,Over
5,talk,46,6,12,Over
5,talk,47,6,2,Over
5,talk,48,6,4,Over
5,vote,2,8
5,vote,4,13
5,vote,8,13
5,vote,10,13
5,vote,12,2
5,vote,13,8
5,vote,15,2
5,execute,13,VILLAGER
5,whisper,0,0,8,ATTACK Agent[12]
5,whisper,1,0,10,ATTACK Agent[15]
5,whisper,2,0,4,ATTACK Agent[02]
5,whisper,3,1,8,Skip
5,whisper,4,1,10,ATTACK Agent[02]
5,whisper,5,1,4,ATTACK Agent[12]
5,whisper,6,2,4,ATTACK Agent[02]
5,whisper,7,2,10,ATTACK Agent[12]
5,whisper,8,2,8,Skip
5,whisper,9,3,10,Skip
5,whisper,10,3,4,ATTACK Agent[15]
5,whisper,11,3,8,Over
5,whisper,12,4,8,ATTACK Agent[02]
5,whisper,13,4,4,ATTACK Agent[02]
5,whisper,14,4,10,ATTACK Agent[02]
5,whisper,15,5,4,Skip
5,whisper,16,5,10,Skip
5,whisper,17,5,8,Skip
5,whisper,18,6,10,Skip
5,whisper,19,6,4,ATTACK Agent[12]
5,whisper,20,6,8,ATTACK Agent[12]
5,whisper,21,7,8,Skip
5,whisper,22,7,10,Over
5,whisper,23,7,4,Skip
5,whisper,24,8,4,Skip
5,whisper,25,8,10,ATTACK Agent[12]
5,whisper,26,8,8,Skip
5,whisper,27,9,8,ATTACK Agent[02]
5,whisper,28,9,10,Skip
5,whisper,29,9,4,Over
5,whisper,30,10,10,Skip
5,whisper,31,10,8,ATTACK Agent[12]
5,whisper,32,10,4,Over
5,whisper,33,11,8,Skip
5,whisper,34,11,4,Over
5,whisper,35,11,10,Over
5,whisper,36,12,4,ATTACK Agent[02]
5,whisper,37,12,8,ATTACK Agent[02]
5,whisper,38,12,10,Over
5,whisper,39,13,4,ATTACK Agent[15]
5,whisper,40,13,8,ATTACK Agent[12]
5,whisper,41,13,10,ATTACK Agent[15]
5,whisper,42,14,8,ATTACK Agent[15]
5,whisper,43,14,4,ATTACK Agent[12]
5,whisper,44,14,10,Skip
5,whisper,45,15,8,ATTACK Agent[12]
5,whisper,46,15,10,ATTACK Agent[12]
5,whisper,47,15,4,Skip
5,whisper,48,16,4,Skip
5,whisper,49,16,8,Skip
5,whisper,50,16,10,ATTACK Agent[02]
5,whisper,51,17,8,ATTACK Agent[02]
5,whisper,52,17,4,ATTACK Agent[02]
5,whisper,53,17,10,Skip
5,whisper,54,18,10,Skip
5,whisper,55,18,4,Over
5,whisper,56,18,8,Over
5,whisper,57,19,4,Over
5,whisper,58,19,10,ATTACK Agent[12]
5,whisper,59,19,8,Over
5,guard,2,8,WEREWOLF
5,attackVote,4,15
5,attackVote,8,2
5,attackVote,10,12
5,attackVote,4,2
5,attackVote,8,12
5,attackVote,10,12
5,attack,12,true
6,status,1,POSSESSED,DEAD,MtAgent
6,status,2,BODYGUARD,ALIVE,Sample9
6,status,3,VILLAGER,DEAD,Sample12
6,status,4,WEREWOLF,ALIVE,Sample8
6,status,5,VILLAGER,DEAD,Sample11
6,status,6,VILLAGER,DEAD,Sample7
6,status,7,SEER,DEAD,Sample10
6,status,8,WEREWOLF,ALIVE,Sample6
6,status,9,VILLAGER,DEAD,Sample5
6,status,10,WEREWOLF,ALIVE,Sample4
6,status,11,VILLAGER,DEAD,Sample3
6,status,12,VILLAGER,DEAD,Sample14
6,status,13,VILLAGER,DEAD,Sample2
6,status,14,MEDIUM,DEAD,Sample13
6,status,15,VILLAGER,ALIVE,Sample1
6,result,2,3,WEREWOLF
