0,status,1,SEER,ALIVE,wasabi
0,status,2,VILLAGER,ALIVE,tkAgen
0,status,3,WEREWOLF,ALIVE,trtrtr
0,status,4,POSSESSED,ALIVE,trAgen
0,status,5,VILLAGER,ALIVE,kasuka
0,divine,1,5,HUMAN
1,status,1,SEER,ALIVE,wasabi
1,status,2,VILLAGER,ALIVE,tkAgen
1,status,3,WEREWOLF,ALIVE,trtrtr
1,status,4,POSSESSED,ALIVE,trAgen
1,status,5,VILLAGER,ALIVE,kasuka
1,talk,0,0,4,COMINGOUT Agent[04] SEER
1,talk,1,0,5,VOTE Agent[03]
1,talk,2,0,3,Skip
1,talk,3,0,2,Skip
1,talk,4,0,1,COMINGOUT Agent[01] SEER
1,talk,5,1,2,Skip
1,talk,6,1,4,DIVINED Agent[01] WEREWOLF
1,talk,7,1,1,DIVINED Agent[05] HUMAN
1,talk,8,1,5,ESTIMATE Agent[03] WEREWOLF
1,talk,9,1,3,Skip
1,talk,10,2,3,VOTE Agent[01]
1,talk,11,2,4,VOTE Agent[01]
1,talk,12,2,2,Over
1,talk,13,2,1,Skip
1,talk,14,2,5,REQUEST(VOTE Agent[03])
1,talk,15,3,5,Skip
1,talk,16,3,3,Skip
1,talk,17,3,4,Skip
1,talk,18,3,2,Over
1,talk,19,3,1,Skip
1,talk,20,4,1,Over
1,talk,21,4,5,Skip
1,talk,22,4,3,Skip
1,talk,23,4,2,Over
1,talk,24,4,4,Skip
1,talk,25,5,4,Over
1,talk,26,5,5,Over
1,talk,27,5,1,Over
1,talk,28,5,2,Over
1,talk,29,5,3,Over
1,vote,1,3
1,vote,2,3
1,vote,3,1
1,vote,4,1
1,vote,5,3
1,execute,3,WEREWOLF
1,divine,1,2,HUMAN
2,status,1,SEER,ALIVE,wasabi
2,status,2,VILLAGER,ALIVE,tkAgen
2,status,3,WEREWOLF,DEAD,trtrtr
2,status,4,POSSESSED,ALIVE,trAgen
2,status,5,VILLAGER,ALIVE,kasuka
2,result,4,0,VILLAGER
