0,status,1,POSSESSED,ALIVE,wasabi
0,status,2,VILLAGER,ALIVE,tkAgen
0,status,3,SEER,ALIVE,trtrtr
0,status,4,VILLAGER,ALIVE,trAgen
0,status,5,WEREWOLF,ALIVE,kasuka
0,divine,3,4,HUMAN
1,status,1,POSSESSED,ALIVE,wasabi
1,status,2,VILLAGER,ALIVE,tkAgen
1,status,3,SEER,ALIVE,trtrtr
1,status,4,VILLAGER,ALIVE,trAgen
1,status,5,WEREWOLF,ALIVE,kasuka
1,talk,0,0,4,Skip
1,talk,1,0,2,Skip
1,talk,2,0,1,COMINGOUT Agent[01] SEER
1,talk,3,0,5,VOTE Agent[02]
1,talk,4,0,3,COMINGOUT Agent[03] SEER
1,talk,5,1,1,DIVINED Agent[02] HUMAN
1,talk,6,1,3,DIVINED Agent[05] WEREWOLF
1,talk,7,1,2,Skip
1,talk,8,1,5,ESTIMATE Agent[02] WEREWOLF
1,talk,9,1,4,Skip
1,talk,10,2,2,Over
1,talk,11,2,4,VOTE Agent[05]
1,talk,12,2,1,Skip
1,talk,13,2,5,REQUEST(VOTE Agent[02])
1,talk,14,2,3,VOTE Agent[05]
1,talk,15,3,4,VOTE Agent[05]
1,talk,16,3,3,Skip
1,talk,17,3,2,Over
1,talk,18,3,1,VOTE Agent[04]
1,talk,19,3,5,Skip
1,talk,20,4,3,Skip
1,talk,21,4,4,VOTE Agent[05]
1,talk,22,4,5,Skip
1,talk,23,4,1,Skip
1,talk,24,4,2,Over
1,talk,25,5,4,VOTE Agent[05]
1,talk,26,5,1,Skip
1,talk,27,5,2,Over
1,talk,28,5,5,Over
1,talk,29,5,3,Over
1,talk,30,6,1,Over
1,talk,31,6,3,Over
1,talk,32,6,2,Over
1,talk,33,6,5,Over
1,talk,34,6,4,VOTE Agent[05]
1,talk,35,7,5,Over
1,talk,36,7,1,Over
1,talk,37,7,4,VOTE Agent[05]
1,talk,38,7,3,Over
1,talk,39,7,2,Over
1,talk,40,8,3,Over
1,talk,41,8,4,VOTE Agent[05]
1,talk,42,8,2,Over
1,talk,43,8,1,ESTIMATE Agent[03] WEREWOLF
1,talk,44,8,5,VOTE Agent[04]
1,talk,45,9,5,ESTIMATE Agent[04] WEREWOLF
1,talk,46,9,4,VOTE Agent[05]
1,talk,47,9,1,Over
1,talk,48,9,2,Over
1,talk,49,9,3,Over
1,talk,50,10,2,Over
1,talk,51,10,5,REQUEST(VOTE Agent[04])
1,talk,52,10,4,VOTE Agent[05]
1,talk,53,10,1,Over
1,talk,54,10,3,Over
1,talk,55,11,3,Over
1,talk,56,11,4,VOTE Agent[05]
1,talk,57,11,1,Over
1,talk,58,11,2,Over
1,talk,59,11,5,Skip
1,talk,60,12,1,VOTE Agent[05]
1,talk,61,12,4,Over
1,talk,62,12,5,Skip
1,talk,63,12,2,Over
1,talk,64,12,3,Over
1,talk,65,13,3,Over
1,talk,66,13,2,Over
1,talk,67,13,5,Over
1,talk,68,13,4,Over
1,talk,69,13,1,ESTIMATE Agent[04] WEREWOLF
1,talk,70,14,5,Over
1,talk,71,14,3,Over
1,talk,72,14,4,Over
1,talk,73,14,2,Over
1,talk,74,14,1,ESTIMATE Agent[02] VILLAGER
1,talk,75,15,2,Over
1,talk,76,15,5,Over
1,talk,77,15,3,Over
1,talk,78,15,4,Over
1,talk,79,15,1,VOTE Agent[04]
1,talk,80,16,1,ESTIMATE Agent[04] WEREWOLF
1,talk,81,16,5,Over
1,talk,82,16,4,Over
1,talk,83,16,3,Over
1,talk,84,16,2,Over
1,talk,85,17,3,Over
1,talk,86,17,1,Over
1,talk,87,17,5,Over
1,talk,88,17,4,Over
1,talk,89,17,2,Over
1,vote,1,4
1,vote,2,5
1,vote,3,5
1,vote,4,5
1,vote,5,4
1,execute,5,WEREWOLF
1,divine,3,1,HUMAN
2,status,1,POSSESSED,ALIVE,wasabi
2,status,2,VILLAGER,ALIVE,tkAgen
2,status,3,SEER,ALIVE,trtrtr
2,status,4,VILLAGER,ALIVE,trAgen
2,status,5,WEREWOLF,DEAD,kasuka
2,result,4,0,VILLAGER
