0,status,1,SEER,ALIVE,wasabi
0,status,2,VILLAGER,ALIVE,tkAgen
0,status,3,POSSESSED,ALIVE,trtrtr
0,status,4,VILLAGER,ALIVE,trAgen
0,status,5,WEREWOLF,ALIVE,kasuka
0,divine,1,3,HUMAN
1,status,1,SEER,ALIVE,wasabi
1,status,2,VILLAGER,ALIVE,tkAgen
1,status,3,POSSESSED,ALIVE,trtrtr
1,status,4,VILLAGER,ALIVE,trAgen
1,status,5,WEREWOLF,ALIVE,kasuka
1,talk,0,0,2,Skip
1,talk,1,0,3,COMINGOUT Agent[03] SEER
1,talk,2,0,1,COMINGOUT Agent[01] SEER
1,talk,3,0,5,COMINGOUT Agent[05] SEER
1,talk,4,0,4,Skip
1,talk,5,1,3,DIVINED Agent[01] WEREWOLF
1,talk,6,1,1,DIVINED Agent[03] HUMAN
1,talk,7,1,4,Skip
1,talk,8,1,2,Skip
1,talk,9,1,5,DIVINED Agent[02] WEREWOLF
1,talk,10,2,4,VOTE Agent[01]
1,talk,11,2,5,VOTE Agent[02]
1,talk,12,2,1,VOTE Agent[03]
1,talk,13,2,3,VOTE Agent[01]
1,talk,14,2,2,Over
1,talk,15,3,5,ESTIMATE Agent[02] WEREWOLF
1,talk,16,3,1,Skip
1,talk,17,3,3,Skip
1,talk,18,3,4,VOTE Agent[05]
1,talk,19,3,2,Over
1,talk,20,4,4,VOTE Agent[05]
1,talk,21,4,5,REQUEST(VOTE Agent[02])
1,talk,22,4,1,Skip
1,talk,23,4,3,Skip
1,talk,24,4,2,Over
1,talk,25,5,3,Over
1,talk,26,5,5,Skip
1,talk,27,5,2,Over
1,talk,28,5,4,VOTE Agent[05]
1,talk,29,5,1,Over
1,talk,30,6,1,Over
1,talk,31,6,2,Over
1,talk,32,6,4,VOTE Agent[05]
1,talk,33,6,5,Skip
1,talk,34,6,3,Over
1,talk,35,7,3,Over
1,talk,36,7,5,Over
1,talk,37,7,2,Over
1,talk,38,7,4,VOTE Agent[05]
1,talk,39,7,1,Over
1,talk,40,8,1,ESTIMATE Agent[04] VILLAGER
1,talk,41,8,5,Over
1,talk,42,8,3,Over
1,talk,43,8,2,Over
1,talk,44,8,4,VOTE Agent[05]
1,talk,45,9,4,VOTE Agent[05]
1,talk,46,9,3,Over
1,talk,47,9,5,Over
1,talk,48,9,2,Over
1,talk,49,9,1,Over
1,talk,50,10,4,VOTE Agent[05]
1,talk,51,10,3,Over
1,talk,52,10,2,Over
1,talk,53,10,1,Over
1,talk,54,10,5,Over
1,talk,55,11,1,ESTIMATE Agent[05] WEREWOLF
1,talk,56,11,2,Over
1,talk,57,11,5,Over
1,talk,58,11,3,Over
1,talk,59,11,4,VOTE Agent[05]
1,talk,60,12,3,Over
1,talk,61,12,4,Over
1,talk,62,12,5,Over
1,talk,63,12,2,Over
1,talk,64,12,1,Over
1,vote,1,3
1,vote,2,1
1,vote,3,1
1,vote,4,2
1,vote,5,2
1,vote,1,3
1,vote,2,1
1,vote,3,1
1,vote,4,2
1,vote,5,2
1,execute,1,SEER
1,attackVote,5,2
1,attack,2,true
2,status,1,SEER,DEAD,wasabi
2,status,2,VILLAGER,DEAD,tkAgen
2,status,3,POSSESSED,ALIVE,trtrtr
2,status,4,VILLAGER,ALIVE,trAgen
2,status,5,WEREWOLF,ALIVE,kasuka
2,talk,0,0,3,Skip
2,talk,1,0,5,COMINGOUT Agent[05] WEREWOLF
2,talk,2,0,4,Skip
2,talk,3,1,5,VOTE Agent[04]
2,talk,4,1,3,Skip
2,talk,5,1,4,Skip
2,talk,6,2,5,REQUEST(VOTE Agent[04])
2,talk,7,2,3,Over
2,talk,8,2,4,Over
2,talk,9,3,4,Over
2,talk,10,3,5,Skip
2,talk,11,3,3,Over
2,talk,12,4,4,Over
2,talk,13,4,3,Over
2,talk,14,4,5,Skip
2,talk,15,5,5,Over
2,talk,16,5,3,Over
2,talk,17,5,4,Over
2,vote,3,4
2,vote,4,5
2,vote,5,4
2,execute,4,VILLAGER
2,attackVote,5,3
2,attack,3,true
3,status,1,SEER,DEAD,wasabi
3,status,2,VILLAGER,DEAD,tkAgen
3,status,3,POSSESSED,DEAD,trtrtr
3,status,4,VILLAGER,DEAD,trAgen
3,status,5,WEREWOLF,ALIVE,kasuka
3,result,0,1,WEREWOLF
