0,status,1,VILLAGER,ALIVE,wasabi
0,status,2,WEREWOLF,ALIVE,tkAgen
0,status,3,SEER,ALIVE,trtrtr
0,status,4,POSSESSED,ALIVE,trAgen
0,status,5,VILLAGER,ALIVE,kasuka
0,divine,3,5,HUMAN
1,status,1,VILLAGER,ALIVE,wasabi
1,status,2,WEREWOLF,ALIVE,tkAgen
1,status,3,SEER,ALIVE,trtrtr
1,status,4,POSSESSED,ALIVE,trAgen
1,status,5,VILLAGER,ALIVE,kasuka
1,talk,0,0,2,Skip
1,talk,1,0,1,Skip
1,talk,2,0,3,COMINGOUT Agent[03] SEER
1,talk,3,0,4,COMINGOUT Agent[04] SEER
1,talk,4,0,5,VOTE Agent[01]
1,talk,5,1,2,Skip
1,talk,6,1,3,DIVINED Agent[01] WEREWOLF
1,talk,7,1,4,DIVINED Agent[03] WEREWOLF
1,talk,8,1,1,Skip
1,talk,9,1,5,ESTIMATE Agent[01] WEREWOLF
1,talk,10,2,5,REQUEST(VOTE Agent[01])
1,talk,11,2,2,VOTE Agent[01]
1,talk,12,2,4,VOTE Agent[03]
1,talk,13,2,3,VOTE Agent[01]
1,talk,14,2,1,Over
1,talk,15,3,2,VOTE Agent[01]
1,talk,16,3,1,VOTE Agent[05]
1,talk,17,3,4,Skip
1,talk,18,3,3,Skip
1,talk,19,3,5,Skip
1,talk,20,4,2,Skip
1,talk,21,4,5,Skip
1,talk,22,4,1,ESTIMATE Agent[03] WEREWOLF
1,talk,23,4,3,Skip
1,talk,24,4,4,Skip
1,talk,25,5,2,Skip
1,talk,26,5,5,Over
1,talk,27,5,3,Over
1,talk,28,5,1,Over
1,talk,29,5,4,Over
1,talk,30,6,2,Over
1,talk,31,6,3,Over
1,talk,32,6,1,Over
1,talk,33,6,5,Over
1,talk,34,6,4,Over
1,vote,1,5
1,vote,2,1
1,vote,3,2
1,vote,4,3
1,vote,5,1
1,execute,1,VILLAGER
1,divine,3,2,WEREWOLF
1,attackVote,2,5
1,attack,5,true
2,status,1,VILLAGER,DEAD,wasabi
2,status,2,WEREWOLF,ALIVE,tkAgen
2,status,3,SEER,ALIVE,trtrtr
2,status,4,POSSESSED,ALIVE,trAgen
2,status,5,VILLAGER,DEAD,kasuka
2,talk,0,0,4,Skip
2,talk,1,0,2,COMINGOUT Agent[02] POSSESSED
2,talk,2,0,3,DIVINED Agent[02] WEREWOLF
2,talk,3,1,3,VOTE Agent[02]
2,talk,4,1,2,VOTE Agent[04]
2,talk,5,1,4,Skip
2,talk,6,2,3,Skip
2,talk,7,2,2,Skip
2,talk,8,2,4,Over
2,talk,9,3,2,Skip
2,talk,10,3,4,Over
2,talk,11,3,3,Skip
2,talk,12,4,3,Over
2,talk,13,4,4,Over
2,talk,14,4,2,Over
2,vote,2,4
2,vote,3,2
2,vote,4,3
2,vote,2,3
2,vote,3,2
2,vote,4,3
2,execute,3,SEER
2,attackVote,2,4
2,attack,4,true
3,status,1,VILLAGER,DEAD,wasabi
3,status,2,WEREWOLF,ALIVE,tkAgen
3,status,3,SEER,DEAD,trtrtr
3,status,4,POSSESSED,DEAD,trAgen
3,status,5,VILLAGER,DEAD,kasuka
3,result,0,1,WEREWOLF
