0,status,1,WEREWOLF,ALIVE,wasabi
0,status,2,POSSESSED,ALIVE,tkAgen
0,status,3,VILLAGER,ALIVE,trtrtr
0,status,4,SEER,ALIVE,trAgen
0,status,5,VILLAGER,ALIVE,kasuka
0,divine,4,3,HUMAN
1,status,1,WEREWOLF,ALIVE,wasabi
1,status,2,POSSESSED,ALIVE,tkAgen
1,status,3,VILLAGER,ALIVE,trtrtr
1,status,4,SEER,ALIVE,trAgen
1,status,5,VILLAGER,ALIVE,kasuka
1,talk,0,0,1,Skip
1,talk,1,0,2,COMINGOUT Agent[02] SEER
1,talk,2,0,4,COMINGOUT Agent[04] SEER
1,talk,3,0,3,Skip
1,talk,4,0,5,VOTE Agent[01]
1,talk,5,1,5,ESTIMATE Agent[01] WEREWOLF
1,talk,6,1,3,Skip
1,talk,7,1,1,Skip
1,talk,8,1,2,DIVINED Agent[04] WEREWOLF
1,talk,9,1,4,DIVINED Agent[05] WEREWOLF
1,talk,10,2,3,VOTE Agent[05]
1,talk,11,2,2,VOTE Agent[04]
1,talk,12,2,4,VOTE Agent[01]
1,talk,13,2,1,VOTE Agent[05]
1,talk,14,2,5,REQUEST(VOTE Agent[01])
1,talk,15,3,3,VOTE Agent[05]
1,talk,16,3,1,ESTIMATE Agent[04] SEER
1,talk,17,3,2,Skip
1,talk,18,3,5,VOTE Agent[03]
1,talk,19,3,4,Skip
1,talk,20,4,5,ESTIMATE Agent[03] WEREWOLF
1,talk,21,4,1,ESTIMATE Agent[05] WEREWOLF
1,talk,22,4,3,VOTE Agent[05]
1,talk,23,4,4,Skip
1,talk,24,4,2,Skip
1,talk,25,5,2,Over
1,talk,26,5,1,ESTIMATE Agent[02] WEREWOLF
1,talk,27,5,3,VOTE Agent[05]
1,talk,28,5,4,Over
1,talk,29,5,5,REQUEST(VOTE Agent[03])
1,talk,30,6,2,Over
1,talk,31,6,3,VOTE Agent[05]
1,talk,32,6,5,Skip
1,talk,33,6,4,Over
1,talk,34,6,1,ESTIMATE Agent[02] WEREWOLF
1,talk,35,7,2,Over
1,talk,36,7,1,ESTIMATE Agent[04] SEER
1,talk,37,7,3,VOTE Agent[05]
1,talk,38,7,5,Skip
1,talk,39,7,4,Over
1,talk,40,8,5,VOTE Agent[01]
1,talk,41,8,3,VOTE Agent[05]
1,talk,42,8,4,Over
1,talk,43,8,2,Over
1,talk,44,8,1,ESTIMATE Agent[02] WEREWOLF
1,talk,45,9,5,ESTIMATE Agent[01] WEREWOLF
1,talk,46,9,2,Over
1,talk,47,9,4,Over
1,talk,48,9,1,ESTIMATE Agent[02] WEREWOLF
1,talk,49,9,3,VOTE Agent[05]
1,talk,50,10,2,Over
1,talk,51,10,4,Over
1,talk,52,10,5,REQUEST(VOTE Agent[01])
1,talk,53,10,3,VOTE Agent[05]
1,talk,54,10,1,ESTIMATE Agent[05] WEREWOLF
1,talk,55,11,3,VOTE Agent[05]
1,talk,56,11,2,Over
1,talk,57,11,1,ESTIMATE Agent[03] VILLAGER
1,talk,58,11,4,Over
1,talk,59,11,5,Skip
1,talk,60,12,4,Over
1,talk,61,12,3,Over
1,talk,62,12,5,Skip
1,talk,63,12,1,Over
1,talk,64,12,2,Over
1,talk,65,13,4,Over
1,talk,66,13,1,Over
1,talk,67,13,5,Over
1,talk,68,13,2,Over
1,talk,69,13,3,Over
1,vote,1,5
1,vote,2,4
1,vote,3,5
1,vote,4,5
1,vote,5,1
1,execute,5,VILLAGER
1,divine,4,1,WEREWOLF
1,attackVote,1,3
1,attack,3,true
2,status,1,WEREWOLF,ALIVE,wasabi
2,status,2,POSSESSED,ALIVE,tkAgen
2,status,3,VILLAGER,DEAD,trtrtr
2,status,4,SEER,ALIVE,trAgen
2,status,5,VILLAGER,DEAD,kasuka
2,talk,0,0,4,DIVINED Agent[01] WEREWOLF
2,talk,1,0,2,Skip
2,talk,2,0,1,VOTE Agent[02]
2,talk,3,1,4,VOTE Agent[01]
2,talk,4,1,1,VOTE Agent[04]
2,talk,5,1,2,Skip
2,talk,6,2,4,Skip
2,talk,7,2,2,Over
2,talk,8,2,1,ESTIMATE Agent[02] SEER
2,talk,9,3,2,Over
2,talk,10,3,1,Skip
2,talk,11,3,4,Skip
2,talk,12,4,2,Over
2,talk,13,4,4,Over
2,talk,14,4,1,Skip
2,talk,15,5,1,ESTIMATE Agent[02] SEER
2,talk,16,5,2,Over
2,talk,17,5,4,Over
2,talk,18,6,2,Over
2,talk,19,6,4,Over
2,talk,20,6,1,ESTIMATE Agent[04] WEREWOLF
2,talk,21,7,4,Over
2,talk,22,7,2,Over
2,talk,23,7,1,ESTIMATE Agent[02] SEER
2,talk,24,8,2,Over
2,talk,25,8,4,Over
2,talk,26,8,1,ESTIMATE Agent[02] SEER
2,talk,27,9,1,ESTIMATE Agent[02] SEER
2,talk,28,9,4,Over
2,talk,29,9,2,Over
2,talk,30,10,1,ESTIMATE Agent[02] SEER
2,talk,31,10,2,Over
2,talk,32,10,4,Over
2,talk,33,11,2,Over
2,talk,34,11,4,Over
2,talk,35,11,1,Skip
2,talk,36,12,2,Over
2,talk,37,12,4,Over
2,talk,38,12,1,ESTIMATE Agent[04] WEREWOLF
2,talk,39,13,4,Over
2,talk,40,13,1,Over
2,talk,41,13,2,Over
2,vote,1,4
2,vote,2,4
2,vote,4,1
2,execute,4,SEER
2,attackVote,1,2
2,attack,2,true
3,status,1,WEREWOLF,ALIVE,wasabi
3,status,2,POSSESSED,DEAD,tkAgen
3,status,3,VILLAGER,DEAD,trtrtr
3,status,4,SEER,DEAD,trAgen
3,status,5,VILLAGER,DEAD,kasuka
3,result,0,1,WEREWOLF
