0,status,1,SEER,ALIVE,wasabi
0,status,2,VILLAGER,ALIVE,tkAgen
0,status,3,VILLAGER,ALIVE,trtrtr
0,status,4,WEREWOLF,ALIVE,trAgen
0,status,5,POSSESSED,ALIVE,kasuka
0,divine,1,2,HUMAN
1,status,1,SEER,ALIVE,wasabi
1,status,2,VILLAGER,ALIVE,tkAgen
1,status,3,VILLAGER,ALIVE,trtrtr
1,status,4,WEREWOLF,ALIVE,trAgen
1,status,5,POSSESSED,ALIVE,kasuka
1,talk,0,0,4,Skip
1,talk,1,0,1,COMINGOUT Agent[01] SEER
1,talk,2,0,2,Skip
1,talk,3,0,3,Skip
1,talk,4,0,5,COMINGOUT Agent[05] SEER
1,talk,5,1,3,Skip
1,talk,6,1,4,Skip
1,talk,7,1,1,DIVINED Agent[02] HUMAN
1,talk,8,1,2,Skip
1,talk,9,1,5,DIVINED Agent[02] WEREWOLF
1,talk,10,2,1,Skip
1,talk,11,2,3,VOTE Agent[02]
1,talk,12,2,5,VOTE Agent[02]
1,talk,13,2,2,Over
1,talk,14,2,4,VOTE Agent[02]
1,talk,15,3,3,VOTE Agent[04]
1,talk,16,3,1,Skip
1,talk,17,3,5,ESTIMATE Agent[02] WEREWOLF
1,talk,18,3,4,Skip
1,talk,19,3,2,Over
1,talk,20,4,5,REQUEST(VOTE Agent[02])
1,talk,21,4,4,Skip
1,talk,22,4,1,Over
1,talk,23,4,3,VOTE Agent[04]
1,talk,24,4,2,Over
1,talk,25,5,2,Over
1,talk,26,5,5,Skip
1,talk,27,5,1,Over
1,talk,28,5,4,Over
1,talk,29,5,3,VOTE Agent[04]
1,talk,30,6,1,Over
1,talk,31,6,2,Over
1,talk,32,6,3,VOTE Agent[04]
1,talk,33,6,4,Over
1,talk,34,6,5,Skip
1,talk,35,7,4,Over
1,talk,36,7,1,VOTE Agent[05]
1,talk,37,7,2,Over
1,talk,38,7,3,VOTE Agent[04]
1,talk,39,7,5,Over
1,talk,40,8,3,VOTE Agent[04]
1,talk,41,8,1,Over
1,talk,42,8,2,Over
1,talk,43,8,4,Over
1,talk,44,8,5,Over
1,talk,45,9,2,Over
1,talk,46,9,5,Over
1,talk,47,9,4,Over
1,talk,48,9,3,VOTE Agent[04]
1,talk,49,9,1,Over
1,talk,50,10,2,Over
1,talk,51,10,4,Over
1,talk,52,10,3,VOTE Agent[04]
1,talk,53,10,1,Over
1,talk,54,10,5,Over
1,talk,55,11,2,Over
1,talk,56,11,5,Over
1,talk,57,11,1,VOTE Agent[04]
1,talk,58,11,4,Over
1,talk,59,11,3,VOTE Agent[04]
1,talk,60,12,1,Over
1,talk,61,12,3,Over
1,talk,62,12,4,Over
1,talk,63,12,5,Over
1,talk,64,12,2,Over
1,vote,1,4
1,vote,2,4
1,vote,3,4
1,vote,4,2
1,vote,5,2
1,execute,4,WEREWOLF
1,divine,1,3,HUMAN
2,status,1,SEER,ALIVE,wasabi
2,status,2,VILLAGER,ALIVE,tkAgen
2,status,3,VILLAGER,ALIVE,trtrtr
2,status,4,WEREWOLF,DEAD,trAgen
2,status,5,POSSESSED,ALIVE,kasuka
2,result,4,0,VILLAGER
