0,status,1,VILLAGER,ALIVE,wasabi
0,status,2,SEER,ALIVE,tkAgen
0,status,3,VILLAGER,ALIVE,trtrtr
0,status,4,WEREWOLF,ALIVE,trAgen
0,status,5,POSSESSED,ALIVE,kasuka
0,divine,2,3,HUMAN
1,status,1,VILLAGER,ALIVE,wasabi
1,status,2,SEER,ALIVE,tkAgen
1,status,3,VILLAGER,ALIVE,trtrtr
1,status,4,WEREWOLF,ALIVE,trAgen
1,status,5,POSSESSED,ALIVE,kasuka
1,talk,0,0,3,Skip
1,talk,1,0,5,COMINGOUT Agent[05] SEER
1,talk,2,0,1,Skip
1,talk,3,0,2,COMINGOUT Agent[02] SEER
1,talk,4,0,4,Skip
1,talk,5,1,1,Skip
1,talk,6,1,3,Skip
1,talk,7,1,5,DIVINED Agent[02] WEREWOLF
1,talk,8,1,2,DIVINED Agent[01] WEREWOLF
1,talk,9,1,4,Skip
1,talk,10,2,2,VOTE Agent[01]
1,talk,11,2,1,VOTE Agent[03]
1,talk,12,2,5,VOTE Agent[02]
1,talk,13,2,4,VOTE Agent[02]
1,talk,14,2,3,VOTE Agent[01]
1,talk,15,3,4,Skip
1,talk,16,3,2,Skip
1,talk,17,3,5,ESTIMATE Agent[02] WEREWOLF
1,talk,18,3,3,VOTE Agent[01]
1,talk,19,3,1,Skip
1,talk,20,4,1,Over
1,talk,21,4,2,Skip
1,talk,22,4,3,VOTE Agent[01]
1,talk,23,4,4,Skip
1,talk,24,4,5,REQUEST(VOTE Agent[02])
1,talk,25,5,1,Over
1,talk,26,5,3,VOTE Agent[01]
1,talk,27,5,4,Over
1,talk,28,5,2,Over
1,talk,29,5,5,Skip
1,talk,30,6,3,VOTE Agent[01]
1,talk,31,6,5,Skip
1,talk,32,6,4,Over
1,talk,33,6,2,Over
1,talk,34,6,1,Over
1,talk,35,7,3,VOTE Agent[01]
1,talk,36,7,2,Over
1,talk,37,7,1,Over
1,talk,38,7,5,Over
1,talk,39,7,4,Over
1,talk,40,8,3,VOTE Agent[01]
1,talk,41,8,1,Over
1,talk,42,8,2,Over
1,talk,43,8,5,Over
1,talk,44,8,4,Over
1,talk,45,9,5,Over
1,talk,46,9,4,Over
1,talk,47,9,3,VOTE Agent[01]
1,talk,48,9,2,Over
1,talk,49,9,1,Over
1,talk,50,10,2,Over
1,talk,51,10,3,VOTE Agent[01]
1,talk,52,10,4,Over
1,talk,53,10,5,Over
1,talk,54,10,1,ESTIMATE Agent[02] WEREWOLF
1,talk,55,11,1,Over
1,talk,56,11,5,Over
1,talk,57,11,3,VOTE Agent[01]
1,talk,58,11,2,Over
1,talk,59,11,4,Over
1,talk,60,12,2,Over
1,talk,61,12,1,Over
1,talk,62,12,3,Over
1,talk,63,12,4,Over
1,talk,64,12,5,Over
1,vote,1,3
1,vote,2,4
1,vote,3,1
1,vote,4,2
1,vote,5,2
1,execute,2,SEER
1,attackVote,4,3
1,attack,3,true
2,status,1,VILLAGER,ALIVE,wasabi
2,status,2,SEER,DEAD,tkAgen
2,status,3,VILLAGER,DEAD,trtrtr
2,status,4,WEREWOLF,ALIVE,trAgen
2,status,5,POSSESSED,ALIVE,kasuka
2,talk,0,0,5,COMINGOUT Agent[05] POSSESSED
2,talk,1,0,4,COMINGOUT Agent[04] POSSESSED
2,talk,2,0,1,VOTE Agent[04]
2,talk,3,1,5,VOTE Agent[01]
2,talk,4,1,4,VOTE Agent[01]
2,talk,5,1,1,Skip
2,talk,6,2,4,Skip
2,talk,7,2,5,REQUEST(VOTE Agent[01])
2,talk,8,2,1,Skip
2,talk,9,3,1,Over
2,talk,10,3,4,Skip
2,talk,11,3,5,Skip
2,talk,12,4,4,Over
2,talk,13,4,5,Skip
2,talk,14,4,1,Over
2,talk,15,5,1,ESTIMATE Agent[05] WEREWOLF
2,talk,16,5,5,Over
2,talk,17,5,4,Over
2,talk,18,6,1,Over
2,talk,19,6,4,Over
2,talk,20,6,5,Over
2,vote,1,4
2,vote,4,1
2,vote,5,1
2,execute,1,VILLAGER
2,attackVote,4,5
2,attack,5,true
3,status,1,VILLAGER,DEAD,wasabi
3,status,2,SEER,DEAD,tkAgen
3,status,3,VILLAGER,DEAD,trtrtr
3,status,4,WEREWOLF,ALIVE,trAgen
3,status,5,POSSESSED,DEAD,kasuka
3,result,0,1,WEREWOLF
