0,status,1,POSSESSED,ALIVE,McreAg
0,status,2,SEER,ALIVE,wasabi
0,status,3,VILLAGER,ALIVE,tkAgen
0,status,4,WEREWOLF,ALIVE,trAgen
0,status,5,VILLAGER,ALIVE,kasuka
0,divine,2,3,HUMAN
1,status,1,POSSESSED,ALIVE,McreAg
1,status,2,SEER,ALIVE,wasabi
1,status,3,VILLAGER,ALIVE,tkAgen
1,status,4,WEREWOLF,ALIVE,trAgen
1,status,5,VILLAGER,ALIVE,kasuka
1,talk,0,0,1,COMINGOUT Agent[01] SEER
1,talk,1,0,5,VOTE Agent[04]
1,talk,2,0,3,Skip
1,talk,3,0,2,COMINGOUT Agent[02] SEER
1,talk,4,0,4,Skip
1,talk,5,1,3,Skip
1,talk,6,1,4,Skip
1,talk,7,1,2,DIVINED Agent[03] HUMAN
1,talk,8,1,5,ESTIMATE Agent[04] WEREWOLF
1,talk,9,1,1,DIVINED Agent[02] WEREWOLF
1,talk,10,2,1,VOTE Agent[04]
1,talk,11,2,2,VOTE Agent[04]
1,talk,12,2,4,VOTE Agent[02]
1,talk,13,2,3,Over
1,talk,14,2,5,REQUEST(VOTE Agent[04])
1,talk,15,3,1,Skip
1,talk,16,3,4,Skip
1,talk,17,3,2,Skip
1,talk,18,3,3,Over
1,talk,19,3,5,Skip
1,talk,20,4,4,Skip
1,talk,21,4,5,Skip
1,talk,22,4,3,Over
1,talk,23,4,2,Skip
1,talk,24,4,1,Skip
1,talk,25,5,2,Over
1,talk,26,5,1,Over
1,talk,27,5,3,Over
1,talk,28,5,5,Over
1,talk,29,5,4,Over
1,vote,1,4
1,vote,2,4
1,vote,3,4
1,vote,4,2
1,vote,5,4
1,execute,4,WEREWOLF
1,divine,2,5,HUMAN
2,status,1,POSSESSED,ALIVE,McreAg
2,status,2,SEER,ALIVE,wasabi
2,status,3,VILLAGER,ALIVE,tkAgen
2,status,4,WEREWOLF,DEAD,trAgen
2,status,5,VILLAGER,ALIVE,kasuka
2,result,4,0,VILLAGER
