0,status,1,SEER,ALIVE,McreAg
0,status,2,VILLAGER,ALIVE,wasabi
0,status,3,VILLAGER,ALIVE,tkAgen
0,status,4,POSSESSED,ALIVE,trAgen
0,status,5,WEREWOLF,ALIVE,kasuka
0,divine,1,3,HUMAN
1,status,1,SEER,ALIVE,McreAg
1,status,2,VILLAGER,ALIVE,wasabi
1,status,3,VILLAGER,ALIVE,tkAgen
1,status,4,POSSESSED,ALIVE,trAgen
1,status,5,WEREWOLF,ALIVE,kasuka
1,talk,0,0,1,COMINGOUT Agent[01] SEER
1,talk,1,0,5,VOTE Agent[03]
1,talk,2,0,3,Skip
1,talk,3,0,4,COMINGOUT Agent[04] SEER
1,talk,4,0,2,Skip
1,talk,5,1,3,Skip
1,talk,6,1,4,DIVINED Agent[01] WEREWOLF
1,talk,7,1,5,ESTIMATE Agent[03] WEREWOLF
1,talk,8,1,2,Skip
1,talk,9,1,1,DIVINED Agent[03] HUMAN
1,talk,10,2,5,REQUEST(VOTE Agent[03])
1,talk,11,2,1,VOTE Agent[04]
1,talk,12,2,3,Over
1,talk,13,2,4,VOTE Agent[01]
1,talk,14,2,2,Over
1,talk,15,3,5,Skip
1,talk,16,3,4,Skip
1,talk,17,3,3,Over
1,talk,18,3,2,VOTE Agent[05]
1,talk,19,3,1,Skip
1,talk,20,4,5,Skip
1,talk,21,4,4,Skip
1,talk,22,4,2,Over
1,talk,23,4,3,Over
1,talk,24,4,1,Skip
1,talk,25,5,3,Over
1,talk,26,5,4,Over
1,talk,27,5,5,Over
1,talk,28,5,2,Over
1,talk,29,5,1,Over
1,vote,1,4
1,vote,2,5
1,vote,3,2
1,vote,4,1
1,vote,5,3
1,vote,1,2
1,vote,2,5
1,vote,3,2
1,vote,4,1
1,vote,5,3
1,execute,2,VILLAGER
1,divine,1,5,WEREWOLF
1,attackVote,5,3
1,attack,3,true
2,status,1,SEER,ALIVE,McreAg
2,status,2,VILLAGER,DEAD,wasabi
2,status,3,VILLAGER,DEAD,tkAgen
2,status,4,POSSESSED,ALIVE,trAgen
2,status,5,WEREWOLF,ALIVE,kasuka
2,talk,0,0,5,COMINGOUT Agent[05] WEREWOLF
2,talk,1,0,4,Skip
2,talk,2,0,1,DIVINED Agent[05] WEREWOLF
2,talk,3,1,5,VOTE Agent[01]
2,talk,4,1,1,VOTE Agent[05]
2,talk,5,1,4,Skip
2,talk,6,2,1,Skip
2,talk,7,2,4,Over
2,talk,8,2,5,REQUEST(VOTE Agent[01])
2,talk,9,3,1,Skip
2,talk,10,3,5,Skip
2,talk,11,3,4,Over
2,talk,12,4,1,Over
2,talk,13,4,5,Skip
2,talk,14,4,4,Over
2,talk,15,5,5,Over
2,talk,16,5,1,Over
2,talk,17,5,4,Over
2,vote,1,5
2,vote,4,1
2,vote,5,1
2,execute,1,SEER
2,attackVote,5,4
2,attack,4,true
3,status,1,SEER,DEAD,McreAg
3,status,2,VILLAGER,DEAD,wasabi
3,status,3,VILLAGER,DEAD,tkAgen
3,status,4,POSSESSED,DEAD,trAgen
3,status,5,WEREWOLF,ALIVE,kasuka
3,result,0,1,WEREWOLF
