0,status,1,WEREWOLF,ALIVE,McreAg
0,status,2,VILLAGER,ALIVE,wasabi
0,status,3,VILLAGER,ALIVE,tkAgen
0,status,4,POSSESSED,ALIVE,trAgen
0,status,5,SEER,ALIVE,kasuka
0,divine,5,4,HUMAN
1,status,1,WEREWOLF,ALIVE,McreAg
1,status,2,VILLAGER,ALIVE,wasabi
1,status,3,VILLAGER,ALIVE,tkAgen
1,status,4,POSSESSED,ALIVE,trAgen
1,status,5,SEER,ALIVE,kasuka
1,talk,0,0,4,COMINGOUT Agent[04] SEER
1,talk,1,0,1,VOTE Agent[03]
1,talk,2,0,3,Skip
1,talk,3,0,2,VOTE Agent[01]
1,talk,4,0,5,COMINGOUT Agent[05] SEER
1,talk,5,1,3,Skip
1,talk,6,1,2,Skip
1,talk,7,1,5,DIVINED Agent[02] WEREWOLF
1,talk,8,1,1,VOTE Agent[05]
1,talk,9,1,4,DIVINED Agent[05] WEREWOLF
1,talk,10,2,2,VOTE Agent[05]
1,talk,11,2,3,Over
1,talk,12,2,5,VOTE Agent[02]
1,talk,13,2,4,VOTE Agent[05]
1,talk,14,2,1,Skip
1,talk,15,3,2,Skip
1,talk,16,3,1,Skip
1,talk,17,3,3,Over
1,talk,18,3,4,Skip
1,talk,19,3,5,ESTIMATE Agent[02] WEREWOLF
1,talk,20,4,5,REQUEST(VOTE Agent[02])
1,talk,21,4,2,ESTIMATE Agent[04] SEER
1,talk,22,4,3,Over
1,talk,23,4,4,Skip
1,talk,24,4,1,Over
1,talk,25,5,1,Over
1,talk,26,5,2,VOTE Agent[01]
1,talk,27,5,4,Over
1,talk,28,5,5,Skip
1,talk,29,5,3,Over
1,talk,30,6,3,Over
1,talk,31,6,4,Over
1,talk,32,6,2,Skip
1,talk,33,6,5,Skip
1,talk,34,6,1,Over
1,talk,35,7,2,Over
1,talk,36,7,1,Over
1,talk,37,7,5,Over
1,talk,38,7,3,Over
1,talk,39,7,4,Over
1,vote,1,5
1,vote,2,1
1,vote,3,2
1,vote,4,5
1,vote,5,2
1,vote,1,5
1,vote,2,5
1,vote,3,2
1,vote,4,5
1,vote,5,2
1,execute,5,SEER
1,attackVote,1,3
1,attack,3,true
2,status,1,WEREWOLF,ALIVE,McreAg
2,status,2,VILLAGER,ALIVE,wasabi
2,status,3,VILLAGER,DEAD,tkAgen
2,status,4,POSSESSED,ALIVE,trAgen
2,status,5,SEER,DEAD,kasuka
2,talk,0,0,1,VOTE Agent[02]
2,talk,1,0,4,Skip
2,talk,2,0,2,VOTE Agent[01]
2,talk,3,1,4,Skip
2,talk,4,1,2,ESTIMATE Agent[04] SEER
2,talk,5,1,1,Skip
2,talk,6,2,4,Over
2,talk,7,2,1,Skip
2,talk,8,2,2,Skip
2,talk,9,3,2,ESTIMATE Agent[04] SEER
2,talk,10,3,4,Over
2,talk,11,3,1,Over
2,talk,12,4,2,ESTIMATE Agent[04] SEER
2,talk,13,4,4,Over
2,talk,14,4,1,Over
2,talk,15,5,1,Over
2,talk,16,5,2,Skip
2,talk,17,5,4,Over
2,talk,18,6,1,Over
2,talk,19,6,4,Over
2,talk,20,6,2,Skip
2,talk,21,7,1,Over
2,talk,22,7,4,Over
2,talk,23,7,2,ESTIMATE Agent[04] SEER
2,talk,24,8,2,ESTIMATE Agent[04] SEER
2,talk,25,8,1,Over
2,talk,26,8,4,Over
2,talk,27,9,2,ESTIMATE Agent[04] SEER
2,talk,28,9,4,Over
2,talk,29,9,1,Over
2,talk,30,10,4,Over
2,talk,31,10,2,ESTIMATE Agent[04] SEER
2,talk,32,10,1,Over
2,talk,33,11,2,ESTIMATE Agent[04] SEER
2,talk,34,11,4,Over
2,talk,35,11,1,Over
2,talk,36,12,4,Over
2,talk,37,12,2,ESTIMATE Agent[01] WEREWOLF
2,talk,38,12,1,Over
2,talk,39,13,1,Over
2,talk,40,13,4,Over
2,talk,41,13,2,Over
2,vote,1,2
2,vote,2,1
2,vote,4,1
2,execute,1,WEREWOLF
3,status,1,WEREWOLF,DEAD,McreAg
3,status,2,VILLAGER,ALIVE,wasabi
3,status,3,VILLAGER,DEAD,tkAgen
3,status,4,POSSESSED,ALIVE,trAgen
3,status,5,SEER,DEAD,kasuka
3,result,2,0,VILLAGER
