0,status,1,VILLAGER,ALIVE,SampleRoleAssignPlayer
0,status,2,WEREWOLF,ALIVE,SampleRoleAssignPlayer
0,status,3,VILLAGER,ALIVE,SampleRoleAssignPlayer
0,status,4,VILLAGER,ALIVE,SampleRoleAssignPlayer
0,status,5,BODYGUARD,ALIVE,SampleRoleAssignPlayer
0,status,6,VILLAGER,ALIVE,SampleRoleAssignPlayer
0,status,7,WEREWOLF,ALIVE,SampleRoleAssignPlayer
0,status,8,WEREWOLF,ALIVE,SampleRoleAssignPlayer
0,status,9,MEDIUM,ALIVE,SampleRoleAssignPlayer
0,status,10,VILLAGER,ALIVE,SampleRoleAssignPlayer
0,status,11,VILLAGER,ALIVE,SampleRoleAssignPlayer
0,status,12,VILLAGER,ALIVE,SampleRoleAssignPlayer
0,status,13,SEER,ALIVE,SampleRoleAssignPlayer
0,status,14,VILLAGER,ALIVE,SampleRoleAssignPlayer
0,status,15,POSSESSED,ALIVE,cash
0,whisper,0,0,2,COMINGOUT Agent[02] SEER
0,whisper,1,0,7,COMINGOUT Agent[07] SEER
0,whisper,2,0,8,COMINGOUT Agent[08] MEDIUM
0,whisper,3,1,7,ATTACK Agent[03]
0,whisper,4,1,8,ATTACK Agent[05]
0,whisper,5,1,2,ATTACK Agent[12]
0,whisper,6,2,2,ATTACK Agent[15]
0,whisper,7,2,8,ATTACK Agent[13]
0,whisper,8,2,7,ATTACK Agent[04]
0,whisper,9,3,2,ATTACK Agent[06]
0,whisper,10,3,8,ATTACK Agent[09]
0,whisper,11,3,7,ATTACK Agent[05]
0,whisper,12,4,8,ATTACK Agent[04]
0,whisper,13,4,2,ATTACK Agent[01]
0,whisper,14,4,7,ATTACK Agent[11]
0,whisper,15,5,2,ATTACK Agent[12]
0,whisper,16,5,8,ATTACK Agent[12]
0,whisper,17,5,7,ATTACK Agent[09]
0,whisper,18,6,2,ATTACK Agent[13]
0,whisper,19,6,8,ATTACK Agent[06]
0,whisper,20,6,7,ATTACK Agent[11]
0,whisper,21,7,2,ATTACK Agent[06]
0,whisper,22,7,8,ATTACK Agent[11]
0,whisper,23,7,7,ATTACK Agent[03]
0,whisper,24,8,8,ATTACK Agent[06]
0,whisper,25,8,2,ATTACK Agent[15]
0,whisper,26,8,7,ATTACK Agent[12]
0,whisper,27,9,7,ATTACK Agent[01]
0,whisper,28,9,2,ATTACK Agent[14]
0,whisper,29,9,8,ATTACK Agent[11]
0,whisper,30,10,8,Over
0,whisper,31,10,7,Over
0,whisper,32,10,2,Over
0,divine,13,9,HUMAN
1,status,1,VILLAGER,ALIVE,SampleRoleAssignPlayer
1,status,2,WEREWOLF,ALIVE,SampleRoleAssignPlayer
1,status,3,VILLAGER,ALIVE,SampleRoleAssignPlayer
1,status,4,VILLAGER,ALIVE,SampleRoleAssignPlayer
1,status,5,BODYGUARD,ALIVE,SampleRoleAssignPlayer
1,status,6,VILLAGER,ALIVE,SampleRoleAssignPlayer
1,status,7,WEREWOLF,ALIVE,SampleRoleAssignPlayer
1,status,8,WEREWOLF,ALIVE,SampleRoleAssignPlayer
1,status,9,MEDIUM,ALIVE,SampleRoleAssignPlayer
1,status,10,VILLAGER,ALIVE,SampleRoleAssignPlayer
1,status,11,VILLAGER,ALIVE,SampleRoleAssignPlayer
1,status,12,VILLAGER,ALIVE,SampleRoleAssignPlayer
1,status,13,SEER,ALIVE,SampleRoleAssignPlayer
1,status,14,VILLAGER,ALIVE,SampleRoleAssignPlayer
1,status,15,POSSESSED,ALIVE,cash
1,talk,0,0,12,VOTE Agent[06]
1,talk,1,0,6,VOTE Agent[08]
1,talk,2,0,9,VOTE Agent[05]
1,talk,3,0,5,VOTE Agent[03]
1,talk,4,0,11,VOTE Agent[12]
1,talk,5,0,15,COMINGOUT Agent[15] SEER
1,talk,6,0,1,VOTE Agent[04]
1,talk,7,0,8,ESTIMATE Agent[13] WEREWOLF
1,talk,8,0,13,COMINGOUT Agent[13] SEER
1,talk,9,0,10,VOTE Agent[08]
1,talk,10,0,4,VOTE Agent[13]
1,talk,11,0,2,ESTIMATE Agent[14] WEREWOLF
1,talk,12,0,14,VOTE Agent[10]
1,talk,13,0,7,ESTIMATE Agent[11] WEREWOLF
1,talk,14,0,3,VOTE Agent[09]
1,talk,15,1,11,Skip
1,talk,16,1,10,Skip
1,talk,17,1,4,Skip
1,talk,18,1,7,VOTE Agent[11]
1,talk,19,1,1,Skip
1,talk,20,1,8,VOTE Agent[13]
1,talk,21,1,6,Skip
1,talk,22,1,13,DIVINED Agent[09] HUMAN
1,talk,23,1,2,VOTE Agent[14]
1,talk,24,1,9,Skip
1,talk,25,1,12,Skip
1,talk,26,1,5,Skip
1,talk,27,1,3,Skip
1,talk,28,1,14,Skip
1,talk,29,1,15,DIVINED Agent[01] HUMAN
1,talk,30,2,1,Skip
1,talk,31,2,9,Skip
1,talk,32,2,11,Skip
1,talk,33,2,14,Skip
1,talk,34,2,6,Skip
1,talk,35,2,15,VOTE Agent[13]
1,talk,36,2,4,Skip
1,talk,37,2,13,VOTE Agent[02]
1,talk,38,2,7,ESTIMATE Agent[15] WEREWOLF
1,talk,39,2,5,Skip
1,talk,40,2,10,Skip
1,talk,41,2,12,Skip
1,talk,42,2,3,Skip
1,talk,43,2,2,COMINGOUT Agent[02] SEER
1,talk,44,2,8,Skip
1,talk,45,3,11,Over
1,talk,46,3,15,Skip
1,talk,47,3,12,Over
1,talk,48,3,1,Over
1,talk,49,3,8,Skip
1,talk,50,3,6,Over
1,talk,51,3,7,VOTE Agent[15]
1,talk,52,3,13,ESTIMATE Agent[15] WEREWOLF
1,talk,53,3,3,Over
1,talk,54,3,4,Over
1,talk,55,3,2,DIVINED Agent[14] WEREWOLF
1,talk,56,3,10,Over
1,talk,57,3,9,Over
1,talk,58,3,14,Over
1,talk,59,3,5,Over
1,talk,60,4,15,Skip
1,talk,61,4,4,Over
1,talk,62,4,1,Over
1,talk,63,4,3,Over
1,talk,64,4,7,COMINGOUT Agent[07] SEER
1,talk,65,4,9,Over
1,talk,66,4,8,COMINGOUT Agent[08] MEDIUM
1,talk,67,4,13,VOTE Agent[15]
1,talk,68,4,11,Over
1,talk,69,4,10,Over
1,talk,70,4,6,Over
1,talk,71,4,2,Skip
1,talk,72,4,12,Over
1,talk,73,4,5,Over
1,talk,74,4,14,ESTIMATE Agent[02] WEREWOLF
1,talk,75,5,10,Over
1,talk,76,5,1,Over
1,talk,77,5,7,DIVINED Agent[15] HUMAN
1,talk,78,5,11,Over
1,talk,79,5,5,Over
1,talk,80,5,15,VOTE Agent[02]
1,talk,81,5,12,Over
1,talk,82,5,3,Over
1,talk,83,5,6,Over
1,talk,84,5,8,Skip
1,talk,85,5,14,REQUEST(DIVINATION Agent[02])
1,talk,86,5,9,COMINGOUT Agent[09] MEDIUM
1,talk,87,5,4,Over
1,talk,88,5,13,Skip
1,talk,89,5,2,Skip
1,talk,90,6,4,Over
1,talk,91,6,13,Skip
1,talk,92,6,3,Over
1,talk,93,6,5,Over
1,talk,94,6,6,Over
1,talk,95,6,14,VOTE Agent[02]
1,talk,96,6,8,ESTIMATE Agent[09] WEREWOLF
1,talk,97,6,1,Over
1,talk,98,6,11,Over
1,talk,99,6,15,VOTE Agent[14]
1,talk,100,6,12,Over
1,talk,101,6,7,Skip
1,talk,102,6,9,ESTIMATE Agent[08] WEREWOLF
1,talk,103,6,2,Over
1,talk,104,6,10,Over
1,talk,105,7,13,Over
1,talk,106,7,1,Over
1,talk,107,7,4,Over
1,talk,108,7,3,Over
1,talk,109,7,12,Over
1,talk,110,7,11,Over
1,talk,111,7,5,Over
1,talk,112,7,9,REQUEST(DIVINATION Agent[08])
1,talk,113,7,15,Skip
1,talk,114,7,2,Over
1,talk,115,7,10,Over
1,talk,116,7,6,Over
1,talk,117,7,14,Skip
1,talk,118,7,8,VOTE Agent[09]
1,talk,119,7,7,Skip
1,talk,120,8,11,Over
1,talk,121,8,1,Over
1,talk,122,8,6,Over
1,talk,123,8,14,Skip
1,talk,124,8,9,VOTE Agent[08]
1,talk,125,8,4,Over
1,talk,126,8,13,Over
1,talk,127,8,10,Over
1,talk,128,8,12,Over
1,talk,129,8,15,Skip
1,talk,130,8,2,Over
1,talk,131,8,5,Over
1,talk,132,8,8,Skip
1,talk,133,8,7,Over
1,talk,134,8,3,Over
1,talk,135,9,7,Over
1,talk,136,9,14,Over
1,talk,137,9,2,Over
1,talk,138,9,6,Over
1,talk,139,9,10,Over
1,talk,140,9,13,Over
1,talk,141,9,8,Skip
1,talk,142,9,1,Over
1,talk,143,9,9,Skip
1,talk,144,9,3,Over
1,talk,145,9,5,Over
1,talk,146,9,4,Over
1,talk,147,9,11,Over
1,talk,148,9,15,Over
1,talk,149,9,12,Over
1,talk,150,10,10,Over
1,talk,151,10,13,Over
1,talk,152,10,5,Over
1,talk,153,10,8,Over
1,talk,154,10,6,Over
1,talk,155,10,3,Over
1,talk,156,10,2,Over
1,talk,157,10,14,Over
1,talk,158,10,11,Over
1,talk,159,10,15,Over
1,talk,160,10,9,Skip
1,talk,161,10,4,Over
1,talk,162,10,7,Over
1,talk,163,10,12,Over
1,talk,164,10,1,Over
1,talk,165,11,9,Over
1,talk,166,11,10,Over
1,talk,167,11,1,Over
1,talk,168,11,13,Over
1,talk,169,11,12,Over
1,talk,170,11,14,Over
1,talk,171,11,15,Over
1,talk,172,11,2,Over
1,talk,173,11,4,Over
1,talk,174,11,3,Over
1,talk,175,11,7,Over
1,talk,176,11,5,Over
1,talk,177,11,11,Over
1,talk,178,11,6,Over
1,talk,179,11,8,Over
1,vote,1,4
1,vote,2,14
1,vote,3,9
1,vote,4,13
1,vote,5,3
1,vote,6,8
1,vote,7,15
1,vote,8,9
1,vote,9,8
1,vote,10,8
1,vote,11,12
1,vote,12,6
1,vote,13,15
1,vote,14,2
1,vote,15,14
1,execute,8,WEREWOLF
1,divine,13,2,WEREWOLF
1,whisper,0,0,2,ATTACK Agent[09]
1,whisper,1,0,7,ATTACK Agent[15]
1,whisper,2,1,2,ATTACK Agent[15]
1,whisper,3,1,7,ATTACK Agent[09]
1,whisper,4,2,7,ATTACK Agent[15]
1,whisper,5,2,2,ATTACK Agent[09]
1,whisper,6,3,2,ATTACK Agent[15]
1,whisper,7,3,7,ATTACK Agent[09]
1,whisper,8,4,2,Skip
1,whisper,9,4,7,ATTACK Agent[13]
1,whisper,10,5,2,Skip
1,whisper,11,5,7,Skip
1,whisper,12,6,2,Over
1,whisper,13,6,7,ATTACK Agent[15]
1,whisper,14,7,7,Skip
1,whisper,15,7,2,Over
1,whisper,16,8,7,ATTACK Agent[13]
1,whisper,17,8,2,Over
1,whisper,18,9,7,ATTACK Agent[09]
1,whisper,19,9,2,ATTACK Agent[09]
1,whisper,20,10,7,ATTACK Agent[13]
1,whisper,21,10,2,ATTACK Agent[13]
1,whisper,22,11,2,Skip
1,whisper,23,11,7,Skip
1,whisper,24,12,7,ATTACK Agent[15]
1,whisper,25,12,2,ATTACK Agent[15]
1,whisper,26,13,7,Over
1,whisper,27,13,2,ATTACK Agent[13]
1,whisper,28,14,2,Skip
1,whisper,29,14,7,Over
1,whisper,30,15,7,Over
1,whisper,31,15,2,ATTACK Agent[09]
1,whisper,32,16,2,Skip
1,whisper,33,16,7,Over
1,whisper,34,17,2,Skip
1,whisper,35,17,7,Over
1,whisper,36,18,7,Over
1,whisper,37,18,2,ATTACK Agent[13]
1,whisper,38,19,7,Over
1,whisper,39,19,2,Over
1,guard,5,2,WEREWOLF
1,attackVote,2,9
1,attackVote,7,15
1,attackVote,2,13
1,attackVote,7,15
1,attack,13,true
2,status,1,VILLAGER,ALIVE,SampleRoleAssignPlayer
2,status,2,WEREWOLF,ALIVE,SampleRoleAssignPlayer
2,status,3,VILLAGER,ALIVE,SampleRoleAssignPlayer
2,status,4,VILLAGER,ALIVE,SampleRoleAssignPlayer
2,status,5,BODYGUARD,ALIVE,SampleRoleAssignPlayer
2,status,6,VILLAGER,ALIVE,SampleRoleAssignPlayer
2,status,7,WEREWOLF,ALIVE,SampleRoleAssignPlayer
2,status,8,WEREWOLF,DEAD,SampleRoleAssignPlayer
2,status,9,MEDIUM,ALIVE,SampleRoleAssignPlayer
2,status,10,VILLAGER,ALIVE,SampleRoleAssignPlayer
2,status,11,VILLAGER,ALIVE,SampleRoleAssignPlayer
2,status,12,VILLAGER,ALIVE,SampleRoleAssignPlayer
2,status,13,SEER,DEAD,SampleRoleAssignPlayer
2,status,14,VILLAGER,ALIVE,SampleRoleAssignPlayer
2,status,15,POSSESSED,ALIVE,cash
2,talk,0,0,3,VOTE Agent[04]
2,talk,1,0,1,VOTE Agent[04]
2,talk,2,0,6,VOTE Agent[07]
2,talk,3,0,10,VOTE Agent[05]
2,talk,4,0,12,VOTE Agent[09]
2,talk,5,0,5,VOTE Agent[14]
2,talk,6,0,7,DIVINED Agent[10] HUMAN
2,talk,7,0,14,ESTIMATE Agent[02] WEREWOLF
2,talk,8,0,4,VOTE Agent[07]
2,talk,9,0,15,DIVINED Agent[14] HUMAN
2,talk,10,0,11,VOTE Agent[02]
2,talk,11,0,2,DIVINED Agent[03] WEREWOLF
2,talk,12,0,9,IDENTIFIED Agent[08] WEREWOLF
2,talk,13,1,2,ESTIMATE Agent[03] WEREWOLF
2,talk,14,1,5,Skip
2,talk,15,1,10,Skip
2,talk,16,1,9,VOTE Agent[02]
2,talk,17,1,12,Skip
2,talk,18,1,11,Skip
2,talk,19,1,4,Skip
2,talk,20,1,6,Skip
2,talk,21,1,7,ESTIMATE Agent[15] WEREWOLF
2,talk,22,1,14,REQUEST(DIVINATION Agent[02])
2,talk,23,1,1,Skip
2,talk,24,1,15,VOTE Agent[02]
2,talk,25,1,3,ESTIMATE Agent[02] WEREWOLF
2,talk,26,2,1,Skip
2,talk,27,2,4,Skip
2,talk,28,2,14,VOTE Agent[02]
2,talk,29,2,15,Skip
2,talk,30,2,6,Skip
2,talk,31,2,7,VOTE Agent[15]
2,talk,32,2,10,Skip
2,talk,33,2,11,Skip
2,talk,34,2,9,Skip
2,talk,35,2,5,Skip
2,talk,36,2,12,Skip
2,talk,37,2,3,REQUEST(DIVINATION Agent[02])
2,talk,38,2,2,VOTE Agent[03]
2,talk,39,3,14,Skip
2,talk,40,3,15,Skip
2,talk,41,3,9,Skip
2,talk,42,3,6,Over
2,talk,43,3,2,Skip
2,talk,44,3,5,Over
2,talk,45,3,10,Over
2,talk,46,3,1,Over
2,talk,47,3,4,Over
2,talk,48,3,7,Skip
2,talk,49,3,3,VOTE Agent[02]
2,talk,50,3,12,Over
2,talk,51,3,11,Over
2,talk,52,4,10,Over
2,talk,53,4,5,Over
2,talk,54,4,11,Over
2,talk,55,4,9,Over
2,talk,56,4,1,Over
2,talk,57,4,4,Over
2,talk,58,4,7,Skip
2,talk,59,4,2,Skip
2,talk,60,4,3,Skip
2,talk,61,4,15,Over
2,talk,62,4,14,Skip
2,talk,63,4,6,Over
2,talk,64,4,12,Over
2,talk,65,5,15,Over
2,talk,66,5,12,Over
2,talk,67,5,9,Over
2,talk,68,5,11,Over
2,talk,69,5,14,Over
2,talk,70,5,1,Over
2,talk,71,5,10,Over
2,talk,72,5,7,Over
2,talk,73,5,2,Over
2,talk,74,5,6,Over
2,talk,75,5,5,Over
2,talk,76,5,3,Skip
2,talk,77,5,4,Over
2,talk,78,6,9,Over
2,talk,79,6,6,Over
2,talk,80,6,15,Over
2,talk,81,6,2,Over
2,talk,82,6,10,Over
2,talk,83,6,4,Over
2,talk,84,6,14,Over
2,talk,85,6,11,Over
2,talk,86,6,7,Over
2,talk,87,6,12,Over
2,talk,88,6,5,Over
2,talk,89,6,1,Over
2,talk,90,6,3,Over
2,vote,1,4
2,vote,2,3
2,vote,3,2
2,vote,4,7
2,vote,5,14
2,vote,6,7
2,vote,7,15
2,vote,9,2
2,vote,10,5
2,vote,11,2
2,vote,12,9
2,vote,14,2
2,vote,15,2
2,execute,2,WEREWOLF
2,guard,5,7,WEREWOLF
2,attackVote,7,9
2,attack,9,true
3,status,1,VILLAGER,ALIVE,SampleRoleAssignPlayer
3,status,2,WEREWOLF,DEAD,SampleRoleAssignPlayer
3,status,3,VILLAGER,ALIVE,SampleRoleAssignPlayer
3,status,4,VILLAGER,ALIVE,SampleRoleAssignPlayer
3,status,5,BODYGUARD,ALIVE,SampleRoleAssignPlayer
3,status,6,VILLAGER,ALIVE,SampleRoleAssignPlayer
3,status,7,WEREWOLF,ALIVE,SampleRoleAssignPlayer
3,status,8,WEREWOLF,DEAD,SampleRoleAssignPlayer
3,status,9,MEDIUM,DEAD,SampleRoleAssignPlayer
3,status,10,VILLAGER,ALIVE,SampleRoleAssignPlayer
3,status,11,VILLAGER,ALIVE,SampleRoleAssignPlayer
3,status,12,VILLAGER,ALIVE,SampleRoleAssignPlayer
3,status,13,SEER,DEAD,SampleRoleAssignPlayer
3,status,14,VILLAGER,ALIVE,SampleRoleAssignPlayer
3,status,15,POSSESSED,ALIVE,cash
3,talk,0,0,12,VOTE Agent[06]
3,talk,1,0,7,DIVINED Agent[05] HUMAN
3,talk,2,0,1,VOTE Agent[10]
3,talk,3,0,10,VOTE Agent[12]
3,talk,4,0,11,VOTE Agent[07]
3,talk,5,0,6,VOTE Agent[03]
3,talk,6,0,14,VOTE Agent[15]
3,talk,7,0,5,VOTE Agent[14]
3,talk,8,0,15,DIVINED Agent[04] HUMAN
3,talk,9,0,4,VOTE Agent[06]
3,talk,10,0,3,VOTE Agent[04]
3,talk,11,1,11,Skip
3,talk,12,1,10,Skip
3,talk,13,1,12,Skip
3,talk,14,1,1,Skip
3,talk,15,1,5,Skip
3,talk,16,1,4,Skip
3,talk,17,1,6,Skip
3,talk,18,1,15,VOTE Agent[03]
3,talk,19,1,3,Skip
3,talk,20,1,7,ESTIMATE Agent[15] WEREWOLF
3,talk,21,1,14,Skip
3,talk,22,2,6,Skip
3,talk,23,2,12,Skip
3,talk,24,2,5,Skip
3,talk,25,2,3,Skip
3,talk,26,2,14,Skip
3,talk,27,2,11,Skip
3,talk,28,2,15,Skip
3,talk,29,2,7,VOTE Agent[15]
3,talk,30,2,10,Skip
3,talk,31,2,4,Skip
3,talk,32,2,1,Skip
3,talk,33,3,1,Over
3,talk,34,3,11,Over
3,talk,35,3,3,Over
3,talk,36,3,12,Over
3,talk,37,3,6,Over
3,talk,38,3,15,Skip
3,talk,39,3,10,Over
3,talk,40,3,14,Over
3,talk,41,3,5,Over
3,talk,42,3,7,Skip
3,talk,43,3,4,Over
3,talk,44,4,4,Over
3,talk,45,4,3,Over
3,talk,46,4,11,Over
3,talk,47,4,7,Skip
3,talk,48,4,6,Over
3,talk,49,4,1,Over
3,talk,50,4,10,Over
3,talk,51,4,5,Over
3,talk,52,4,15,Over
3,talk,53,4,12,Over
3,talk,54,4,14,Over
3,talk,55,5,12,Over
3,talk,56,5,6,Over
3,talk,57,5,10,Over
3,talk,58,5,5,Over
3,talk,59,5,15,Over
3,talk,60,5,1,Over
3,talk,61,5,14,Over
3,talk,62,5,11,Over
3,talk,63,5,7,Over
3,talk,64,5,3,Over
3,talk,65,5,4,Over
3,vote,1,10
3,vote,3,4
3,vote,4,6
3,vote,5,14
3,vote,6,3
3,vote,7,15
3,vote,10,12
3,vote,11,7
3,vote,12,6
3,vote,14,15
3,vote,15,3
3,vote,1,10
3,vote,3,4
3,vote,4,6
3,vote,5,14
3,vote,6,3
3,vote,7,15
3,vote,10,12
3,vote,11,7
3,vote,12,6
3,vote,14,15
3,vote,15,3
3,execute,6,VILLAGER
3,guard,5,15,POSSESSED
3,attackVote,7,15
3,attack,15,false
4,status,1,VILLAGER,ALIVE,SampleRoleAssignPlayer
4,status,2,WEREWOLF,DEAD,SampleRoleAssignPlayer
4,status,3,VILLAGER,ALIVE,SampleRoleAssignPlayer
4,status,4,VILLAGER,ALIVE,SampleRoleAssignPlayer
4,status,5,BODYGUARD,ALIVE,SampleRoleAssignPlayer
4,status,6,VILLAGER,DEAD,SampleRoleAssignPlayer
4,status,7,WEREWOLF,ALIVE,SampleRoleAssignPlayer
4,status,8,WEREWOLF,DEAD,SampleRoleAssignPlayer
4,status,9,MEDIUM,DEAD,SampleRoleAssignPlayer
4,status,10,VILLAGER,ALIVE,SampleRoleAssignPlayer
4,status,11,VILLAGER,ALIVE,SampleRoleAssignPlayer
4,status,12,VILLAGER,ALIVE,SampleRoleAssignPlayer
4,status,13,SEER,DEAD,SampleRoleAssignPlayer
4,status,14,VILLAGER,ALIVE,SampleRoleAssignPlayer
4,status,15,POSSESSED,ALIVE,cash
4,talk,0,0,11,VOTE Agent[03]
4,talk,1,0,3,VOTE Agent[12]
4,talk,2,0,15,DIVINED Agent[03] HUMAN
4,talk,3,0,7,DIVINED Agent[11] HUMAN
4,talk,4,0,4,VOTE Agent[03]
4,talk,5,0,5,VOTE Agent[04]
4,talk,6,0,10,VOTE Agent[04]
4,talk,7,0,12,VOTE Agent[11]
4,talk,8,0,1,VOTE Agent[03]
4,talk,9,0,14,VOTE Agent[10]
4,talk,10,1,15,VOTE Agent[12]
4,talk,11,1,1,Skip
4,talk,12,1,12,Skip
4,talk,13,1,14,Skip
4,talk,14,1,7,ESTIMATE Agent[15] WEREWOLF
4,talk,15,1,10,Skip
4,talk,16,1,4,Skip
4,talk,17,1,5,Skip
4,talk,18,1,3,Skip
4,talk,19,1,11,Skip
4,talk,20,2,3,Skip
4,talk,21,2,4,Skip
4,talk,22,2,15,Skip
4,talk,23,2,11,Skip
4,talk,24,2,12,Skip
4,talk,25,2,7,VOTE Agent[15]
4,talk,26,2,1,Skip
4,talk,27,2,14,Skip
4,talk,28,2,10,Skip
4,talk,29,2,5,Skip
4,talk,30,3,5,Over
4,talk,31,3,7,Skip
4,talk,32,3,4,Over
4,talk,33,3,10,Over
4,talk,34,3,11,Over
4,talk,35,3,15,Skip
4,talk,36,3,3,Over
4,talk,37,3,12,Over
4,talk,38,3,1,Over
4,talk,39,3,14,Over
4,talk,40,4,1,Over
4,talk,41,4,4,Over
4,talk,42,4,3,Over
4,talk,43,4,5,Over
4,talk,44,4,11,Over
4,talk,45,4,14,Over
4,talk,46,4,7,Skip
4,talk,47,4,15,Over
4,talk,48,4,12,Over
4,talk,49,4,10,Over
4,talk,50,5,1,Over
4,talk,51,5,15,Over
4,talk,52,5,14,Over
4,talk,53,5,7,Over
4,talk,54,5,5,Over
4,talk,55,5,10,Over
4,talk,56,5,4,Over
4,talk,57,5,11,Over
4,talk,58,5,3,Over
4,talk,59,5,12,Over
4,vote,1,3
4,vote,3,12
4,vote,4,3
4,vote,5,4
4,vote,7,15
4,vote,10,4
4,vote,11,3
4,vote,12,11
4,vote,14,10
4,vote,15,12
4,execute,3,VILLAGER
4,guard,5,15,POSSESSED
4,attackVote,7,15
4,attack,15,false
5,status,1,VILLAGER,ALIVE,SampleRoleAssignPlayer
5,status,2,WEREWOLF,DEAD,SampleRoleAssignPlayer
5,status,3,VILLAGER,DEAD,SampleRoleAssignPlayer
5,status,4,VILLAGER,ALIVE,SampleRoleAssignPlayer
5,status,5,BODYGUARD,ALIVE,SampleRoleAssignPlayer
5,status,6,VILLAGER,DEAD,SampleRoleAssignPlayer
5,status,7,WEREWOLF,ALIVE,SampleRoleAssignPlayer
5,status,8,WEREWOLF,DEAD,SampleRoleAssignPlayer
5,status,9,MEDIUM,DEAD,SampleRoleAssignPlayer
5,status,10,VILLAGER,ALIVE,SampleRoleAssignPlayer
5,status,11,VILLAGER,ALIVE,SampleRoleAssignPlayer
5,status,12,VILLAGER,ALIVE,SampleRoleAssignPlayer
5,status,13,SEER,DEAD,SampleRoleAssignPlayer
5,status,14,VILLAGER,ALIVE,SampleRoleAssignPlayer
5,status,15,POSSESSED,ALIVE,cash
5,talk,0,0,1,VOTE Agent[12]
5,talk,1,0,14,VOTE Agent[12]
5,talk,2,0,10,VOTE Agent[04]
5,talk,3,0,15,DIVINED Agent[14] HUMAN
5,talk,4,0,12,VOTE Agent[01]
5,talk,5,0,5,VOTE Agent[04]
5,talk,6,0,4,VOTE Agent[12]
5,talk,7,0,7,DIVINED Agent[04] HUMAN
5,talk,8,0,11,VOTE Agent[05]
5,talk,9,1,11,Skip
5,talk,10,1,1,Skip
5,talk,11,1,4,Skip
5,talk,12,1,14,Skip
5,talk,13,1,10,Skip
5,talk,14,1,5,Skip
5,talk,15,1,12,Skip
5,talk,16,1,7,ESTIMATE Agent[15] WEREWOLF
5,talk,17,1,15,VOTE Agent[12]
5,talk,18,2,7,VOTE Agent[15]
5,talk,19,2,11,Skip
5,talk,20,2,10,Skip
5,talk,21,2,4,Skip
5,talk,22,2,5,Skip
5,talk,23,2,14,Skip
5,talk,24,2,15,Skip
5,talk,25,2,12,Skip
5,talk,26,2,1,Skip
5,talk,27,3,14,Over
5,talk,28,3,12,Over
5,talk,29,3,1,Over
5,talk,30,3,7,Skip
5,talk,31,3,11,Over
5,talk,32,3,15,Skip
5,talk,33,3,10,Over
5,talk,34,3,4,Over
5,talk,35,3,5,Over
5,talk,36,4,11,Over
5,talk,37,4,7,Skip
5,talk,38,4,1,Over
5,talk,39,4,10,Over
5,talk,40,4,14,Over
5,talk,41,4,12,Over
5,talk,42,4,15,Over
5,talk,43,4,5,Over
5,talk,44,4,4,Over
5,talk,45,5,15,Over
5,talk,46,5,14,Over
5,talk,47,5,5,Over
5,talk,48,5,10,Over
5,talk,49,5,11,Over
5,talk,50,5,1,Over
5,talk,51,5,7,Over
5,talk,52,5,12,Over
5,talk,53,5,4,Over
5,vote,1,12
5,vote,4,12
5,vote,5,4
5,vote,7,15
5,vote,10,4
5,vote,11,5
5,vote,12,1
5,vote,14,12
5,vote,15,12
5,execute,12,VILLAGER
5,guard,5,15,POSSESSED
5,attackVote,7,15
5,attack,15,false
6,status,1,VILLAGER,ALIVE,SampleRoleAssignPlayer
6,status,2,WEREWOLF,DEAD,SampleRoleAssignPlayer
6,status,3,VILLAGER,DEAD,SampleRoleAssignPlayer
6,status,4,VILLAGER,ALIVE,SampleRoleAssignPlayer
6,status,5,BODYGUARD,ALIVE,SampleRoleAssignPlayer
6,status,6,VILLAGER,DEAD,SampleRoleAssignPlayer
6,status,7,WEREWOLF,ALIVE,SampleRoleAssignPlayer
6,status,8,WEREWOLF,DEAD,SampleRoleAssignPlayer
6,status,9,MEDIUM,DEAD,SampleRoleAssignPlayer
6,status,10,VILLAGER,ALIVE,SampleRoleAssignPlayer
6,status,11,VILLAGER,ALIVE,SampleRoleAssignPlayer
6,status,12,VILLAGER,DEAD,SampleRoleAssignPlayer
6,status,13,SEER,DEAD,SampleRoleAssignPlayer
6,status,14,VILLAGER,ALIVE,SampleRoleAssignPlayer
6,status,15,POSSESSED,ALIVE,cash
6,talk,0,0,1,VOTE Agent[07]
6,talk,1,0,11,VOTE Agent[04]
6,talk,2,0,7,DIVINED Agent[01] WEREWOLF
6,talk,3,0,14,VOTE Agent[07]
6,talk,4,0,4,VOTE Agent[14]
6,talk,5,0,10,VOTE Agent[07]
6,talk,6,0,5,VOTE Agent[04]
6,talk,7,0,15,DIVINED Agent[14] HUMAN
6,talk,8,1,4,Skip
6,talk,9,1,5,Skip
6,talk,10,1,10,Skip
6,talk,11,1,1,Skip
6,talk,12,1,11,Skip
6,talk,13,1,14,Skip
6,talk,14,1,7,ESTIMATE Agent[01] WEREWOLF
6,talk,15,1,15,VOTE Agent[07]
6,talk,16,2,11,Skip
6,talk,17,2,7,VOTE Agent[01]
6,talk,18,2,1,Skip
6,talk,19,2,15,Skip
6,talk,20,2,14,Skip
6,talk,21,2,5,Skip
6,talk,22,2,4,Skip
6,talk,23,2,10,Skip
6,talk,24,3,7,Skip
6,talk,25,3,10,Over
6,talk,26,3,11,Over
6,talk,27,3,14,Over
6,talk,28,3,15,Skip
6,talk,29,3,5,Over
6,talk,30,3,4,Over
6,talk,31,3,1,Over
6,talk,32,4,4,Over
6,talk,33,4,10,Over
6,talk,34,4,11,Over
6,talk,35,4,15,Over
6,talk,36,4,14,Over
6,talk,37,4,1,Over
6,talk,38,4,5,Over
6,talk,39,4,7,Skip
6,talk,40,5,14,Over
6,talk,41,5,11,Over
6,talk,42,5,4,Over
6,talk,43,5,5,Over
6,talk,44,5,15,Over
6,talk,45,5,7,Over
6,talk,46,5,10,Over
6,talk,47,5,1,Over
6,vote,1,7
6,vote,4,14
6,vote,5,4
6,vote,7,1
6,vote,10,7
6,vote,11,4
6,vote,14,7
6,vote,15,7
6,execute,7,WEREWOLF
6,guard,5,15,POSSESSED
7,status,1,VILLAGER,ALIVE,SampleRoleAssignPlayer
7,status,2,WEREWOLF,DEAD,SampleRoleAssignPlayer
7,status,3,VILLAGER,DEAD,SampleRoleAssignPlayer
7,status,4,VILLAGER,ALIVE,SampleRoleAssignPlayer
7,status,5,BODYGUARD,ALIVE,SampleRoleAssignPlayer
7,status,6,VILLAGER,DEAD,SampleRoleAssignPlayer
7,status,7,WEREWOLF,DEAD,SampleRoleAssignPlayer
7,status,8,WEREWOLF,DEAD,SampleRoleAssignPlayer
7,status,9,MEDIUM,DEAD,SampleRoleAssignPlayer
7,status,10,VILLAGER,ALIVE,SampleRoleAssignPlayer
7,status,11,VILLAGER,ALIVE,SampleRoleAssignPlayer
7,status,12,VILLAGER,DEAD,SampleRoleAssignPlayer
7,status,13,SEER,DEAD,SampleRoleAssignPlayer
7,status,14,VILLAGER,ALIVE,SampleRoleAssignPlayer
7,status,15,POSSESSED,ALIVE,cash
7,result,7,0,VILLAGER
