0,status,1,VILLAGER,ALIVE,SampleRoleAssignPlayer
0,status,2,VILLAGER,ALIVE,SampleRoleAssignPlayer
0,status,3,VILLAGER,ALIVE,SampleRoleAssignPlayer
0,status,4,VILLAGER,ALIVE,SampleRoleAssignPlayer
0,status,5,VILLAGER,ALIVE,SampleRoleAssignPlayer
0,status,6,VILLAGER,ALIVE,SampleRoleAssignPlayer
0,status,7,VILLAGER,ALIVE,SampleRoleAssignPlayer
0,status,8,SEER,ALIVE,SampleRoleAssignPlayer
0,status,9,MEDIUM,ALIVE,SampleRoleAssignPlayer
0,status,10,BODYGUARD,ALIVE,SampleRoleAssignPlayer
0,status,11,WEREWOLF,ALIVE,SampleRoleAssignPlayer
0,status,12,WEREWOLF,ALIVE,SampleRoleAssignPlayer
0,status,13,POSSESSED,ALIVE,SampleRoleAssignPlayer
0,status,14,WEREWOLF,ALIVE,SampleRoleAssignPlayer
0,status,15,VILLAGER,ALIVE,BaseAgent
0,whisper,0,0,11,COMINGOUT Agent[11] MEDIUM
0,whisper,1,0,14,COMINGOUT Agent[14] SEER
0,whisper,2,0,12,COMINGOUT Agent[12] VILLAGER
0,whisper,3,1,11,ATTACK Agent[02]
0,whisper,4,1,14,ATTACK Agent[03]
0,whisper,5,1,12,ATTACK Agent[09]
0,whisper,6,2,12,ATTACK Agent[03]
0,whisper,7,2,14,ATTACK Agent[07]
0,whisper,8,2,11,ATTACK Agent[05]
0,whisper,9,3,12,ATTACK Agent[10]
0,whisper,10,3,11,Skip
0,whisper,11,3,14,ATTACK Agent[02]
0,whisper,12,4,11,ATTACK Agent[07]
0,whisper,13,4,14,ATTACK Agent[08]
0,whisper,14,4,12,ATTACK Agent[08]
0,whisper,15,5,12,ATTACK Agent[05]
0,whisper,16,5,14,ATTACK Agent[10]
0,whisper,17,5,11,ATTACK Agent[15]
0,whisper,18,6,14,ATTACK Agent[03]
0,whisper,19,6,11,ATTACK Agent[04]
0,whisper,20,6,12,ATTACK Agent[02]
0,whisper,21,7,12,ATTACK Agent[01]
0,whisper,22,7,14,ATTACK Agent[10]
0,whisper,23,7,11,Skip
0,whisper,24,8,14,ATTACK Agent[06]
0,whisper,25,8,11,ATTACK Agent[05]
0,whisper,26,8,12,ATTACK Agent[10]
0,whisper,27,9,11,ATTACK Agent[01]
0,whisper,28,9,14,ATTACK Agent[07]
0,whisper,29,9,12,ATTACK Agent[03]
0,whisper,30,10,11,Skip
0,whisper,31,10,12,Over
0,whisper,32,10,14,Over
0,whisper,33,11,12,Over
0,whisper,34,11,14,Over
0,whisper,35,11,11,ATTACK Agent[03]
0,whisper,36,12,11,ATTACK Agent[06]
0,whisper,37,12,12,Over
0,whisper,38,12,14,Over
0,whisper,39,13,12,Over
0,whisper,40,13,11,Over
0,whisper,41,13,14,Over
0,divine,8,4,HUMAN
1,status,1,VILLAGER,ALIVE,SampleRoleAssignPlayer
1,status,2,VILLAGER,ALIVE,SampleRoleAssignPlayer
1,status,3,VILLAGER,ALIVE,SampleRoleAssignPlayer
1,status,4,VILLAGER,ALIVE,SampleRoleAssignPlayer
1,status,5,VILLAGER,ALIVE,SampleRoleAssignPlayer
1,status,6,VILLAGER,ALIVE,SampleRoleAssignPlayer
1,status,7,VILLAGER,ALIVE,SampleRoleAssignPlayer
1,status,8,SEER,ALIVE,SampleRoleAssignPlayer
1,status,9,MEDIUM,ALIVE,SampleRoleAssignPlayer
1,status,10,BODYGUARD,ALIVE,SampleRoleAssignPlayer
1,status,11,WEREWOLF,ALIVE,SampleRoleAssignPlayer
1,status,12,WEREWOLF,ALIVE,SampleRoleAssignPlayer
1,status,13,POSSESSED,ALIVE,SampleRoleAssignPlayer
1,status,14,WEREWOLF,ALIVE,SampleRoleAssignPlayer
1,status,15,VILLAGER,ALIVE,BaseAgent
1,talk,0,0,8,COMINGOUT Agent[08] SEER
1,talk,1,0,10,VOTE Agent[09]
1,talk,2,0,1,VOTE Agent[14]
1,talk,3,0,12,ESTIMATE Agent[02] WEREWOLF
1,talk,4,0,4,VOTE Agent[05]
1,talk,5,0,7,VOTE Agent[05]
1,talk,6,0,9,COMINGOUT Agent[09] MEDIUM
1,talk,7,0,15,Over
1,talk,8,0,14,ESTIMATE Agent[08] WEREWOLF
1,talk,9,0,3,VOTE Agent[15]
1,talk,10,0,6,VOTE Agent[04]
1,talk,11,0,2,VOTE Agent[03]
1,talk,12,0,5,VOTE Agent[02]
1,talk,13,0,13,COMINGOUT Agent[13] SEER
1,talk,14,0,11,ESTIMATE Agent[09] WEREWOLF
1,talk,15,1,6,Skip
1,talk,16,1,10,Skip
1,talk,17,1,15,Over
1,talk,18,1,14,VOTE Agent[08]
1,talk,19,1,2,Skip
1,talk,20,1,13,DIVINED Agent[02] HUMAN
1,talk,21,1,12,VOTE Agent[02]
1,talk,22,1,7,Skip
1,talk,23,1,11,VOTE Agent[09]
1,talk,24,1,5,Skip
1,talk,25,1,1,Skip
1,talk,26,1,9,VOTE Agent[01]
1,talk,27,1,3,Skip
1,talk,28,1,8,DIVINED Agent[04] HUMAN
1,talk,29,1,4,Skip
1,talk,30,2,9,Skip
1,talk,31,2,8,VOTE Agent[03]
1,talk,32,2,15,Over
1,talk,33,2,11,Skip
1,talk,34,2,14,COMINGOUT Agent[14] SEER
1,talk,35,2,1,Skip
1,talk,36,2,7,Skip
1,talk,37,2,3,Skip
1,talk,38,2,10,Skip
1,talk,39,2,6,Skip
1,talk,40,2,4,Skip
1,talk,41,2,5,Skip
1,talk,42,2,13,ESTIMATE Agent[05] WEREWOLF
1,talk,43,2,2,Skip
1,talk,44,2,12,Skip
1,talk,45,3,2,Over
1,talk,46,3,1,Over
1,talk,47,3,9,Skip
1,talk,48,3,12,Skip
1,talk,49,3,14,DIVINED Agent[03] HUMAN
1,talk,50,3,15,Over
1,talk,51,3,4,Over
1,talk,52,3,3,Over
1,talk,53,3,8,ESTIMATE Agent[13] WEREWOLF
1,talk,54,3,10,Over
1,talk,55,3,7,Over
1,talk,56,3,6,Over
1,talk,57,3,13,REQUEST(DIVINATION Agent[05])
1,talk,58,3,5,Over
1,talk,59,3,11,COMINGOUT Agent[11] MEDIUM
1,talk,60,4,9,ESTIMATE Agent[11] WEREWOLF
1,talk,61,4,13,VOTE Agent[05]
1,talk,62,4,5,Over
1,talk,63,4,4,Over
1,talk,64,4,12,Over
1,talk,65,4,3,Over
1,talk,66,4,1,Over
1,talk,67,4,11,Skip
1,talk,68,4,7,Over
1,talk,69,4,15,Over
1,talk,70,4,2,Over
1,talk,71,4,6,Over
1,talk,72,4,10,Over
1,talk,73,4,8,VOTE Agent[13]
1,talk,74,4,14,Skip
1,talk,75,5,13,ESTIMATE Agent[08] WEREWOLF
1,talk,76,5,8,Skip
1,talk,77,5,7,Over
1,talk,78,5,1,Over
1,talk,79,5,15,Over
1,talk,80,5,4,Over
1,talk,81,5,11,Skip
1,talk,82,5,3,Over
1,talk,83,5,14,Skip
1,talk,84,5,10,Over
1,talk,85,5,9,REQUEST(DIVINATION Agent[11])
1,talk,86,5,12,Over
1,talk,87,5,6,Over
1,talk,88,5,2,Over
1,talk,89,5,5,Over
1,talk,90,6,9,VOTE Agent[11]
1,talk,91,6,12,Over
1,talk,92,6,14,Over
1,talk,93,6,13,REQUEST(DIVINATION Agent[08])
1,talk,94,6,2,Over
1,talk,95,6,8,Skip
1,talk,96,6,7,Over
1,talk,97,6,3,Over
1,talk,98,6,11,Over
1,talk,99,6,5,Over
1,talk,100,6,10,Over
1,talk,101,6,15,Over
1,talk,102,6,6,Over
1,talk,103,6,1,Over
1,talk,104,6,4,Over
1,talk,105,7,13,VOTE Agent[08]
1,talk,106,7,5,Over
1,talk,107,7,4,Over
1,talk,108,7,6,Over
1,talk,109,7,9,Skip
1,talk,110,7,10,Over
1,talk,111,7,1,Over
1,talk,112,7,3,Over
1,talk,113,7,8,Over
1,talk,114,7,2,Over
1,talk,115,7,12,Over
1,talk,116,7,14,Over
1,talk,117,7,7,Over
1,talk,118,7,11,Over
1,talk,119,7,15,Over
1,talk,120,8,13,Skip
1,talk,121,8,7,Over
1,talk,122,8,4,Over
1,talk,123,8,9,Skip
1,talk,124,8,2,Over
1,talk,125,8,11,Over
1,talk,126,8,10,Over
1,talk,127,8,6,Over
1,talk,128,8,12,Over
1,talk,129,8,5,Over
1,talk,130,8,14,Over
1,talk,131,8,3,Over
1,talk,132,8,1,Over
1,talk,133,8,15,Over
1,talk,134,8,8,Over
1,talk,135,9,9,Over
1,talk,136,9,12,Over
1,talk,137,9,7,Over
1,talk,138,9,6,Over
1,talk,139,9,13,Skip
1,talk,140,9,5,Over
1,talk,141,9,10,Over
1,talk,142,9,1,Over
1,talk,143,9,15,Over
1,talk,144,9,4,Over
1,talk,145,9,14,Over
1,talk,146,9,11,Over
1,talk,147,9,2,Over
1,talk,148,9,8,Over
1,talk,149,9,3,Over
1,talk,150,10,12,Over
1,talk,151,10,2,Over
1,talk,152,10,9,Over
1,talk,153,10,6,Over
1,talk,154,10,7,Over
1,talk,155,10,3,Over
1,talk,156,10,4,Over
1,talk,157,10,10,Over
1,talk,158,10,8,Over
1,talk,159,10,13,Over
1,talk,160,10,5,Over
1,talk,161,10,11,Over
1,talk,162,10,15,Over
1,talk,163,10,14,Over
1,talk,164,10,1,Over
1,vote,1,14
1,vote,2,3
1,vote,3,15
1,vote,4,5
1,vote,5,2
1,vote,6,4
1,vote,7,5
1,vote,8,13
1,vote,9,11
1,vote,10,9
1,vote,11,9
1,vote,12,2
1,vote,13,8
1,vote,14,8
1,vote,15,1
1,vote,1,14
1,vote,2,3
1,vote,3,15
1,vote,4,5
1,vote,5,2
1,vote,6,4
1,vote,7,5
1,vote,8,13
1,vote,9,11
1,vote,10,9
1,vote,11,9
1,vote,12,2
1,vote,13,8
1,vote,14,8
1,vote,15,11
1,execute,2,VILLAGER
1,divine,8,13,HUMAN
1,whisper,0,0,11,ATTACK Agent[08]
1,whisper,1,0,12,ATTACK Agent[09]
1,whisper,2,0,14,ATTACK Agent[08]
1,whisper,3,1,11,ATTACK Agent[09]
1,whisper,4,1,12,Skip
1,whisper,5,1,14,ATTACK Agent[13]
1,whisper,6,2,11,ATTACK Agent[08]
1,whisper,7,2,12,ATTACK Agent[08]
1,whisper,8,2,14,Skip
1,whisper,9,3,14,Skip
1,whisper,10,3,12,Skip
1,whisper,11,3,11,ATTACK Agent[09]
1,whisper,12,4,14,ATTACK Agent[08]
1,whisper,13,4,12,ATTACK Agent[13]
1,whisper,14,4,11,Skip
1,whisper,15,5,14,Skip
1,whisper,16,5,11,ATTACK Agent[08]
1,whisper,17,5,12,Skip
1,whisper,18,6,11,ATTACK Agent[09]
1,whisper,19,6,12,ATTACK Agent[09]
1,whisper,20,6,14,ATTACK Agent[13]
1,whisper,21,7,11,ATTACK Agent[13]
1,whisper,22,7,14,ATTACK Agent[08]
1,whisper,23,7,12,ATTACK Agent[08]
1,whisper,24,8,11,Skip
1,whisper,25,8,12,ATTACK Agent[13]
1,whisper,26,8,14,Skip
1,whisper,27,9,12,ATTACK Agent[08]
1,whisper,28,9,11,ATTACK Agent[08]
1,whisper,29,9,14,Skip
1,whisper,30,10,11,ATTACK Agent[13]
1,whisper,31,10,12,ATTACK Agent[13]
1,whisper,32,10,14,Over
1,whisper,33,11,14,Over
1,whisper,34,11,11,Skip
1,whisper,35,11,12,Skip
1,whisper,36,12,14,ATTACK Agent[13]
1,whisper,37,12,12,Skip
1,whisper,38,12,11,Skip
1,whisper,39,13,11,ATTACK Agent[09]
1,whisper,40,13,14,ATTACK Agent[08]
1,whisper,41,13,12,ATTACK Agent[08]
1,whisper,42,14,14,ATTACK Agent[13]
1,whisper,43,14,11,Over
1,whisper,44,14,12,ATTACK Agent[13]
1,whisper,45,15,14,Skip
1,whisper,46,15,12,Over
1,whisper,47,15,11,Over
1,whisper,48,16,11,Over
1,whisper,49,16,14,ATTACK Agent[09]
1,whisper,50,16,12,Over
1,whisper,51,17,14,Skip
1,whisper,52,17,12,Over
1,whisper,53,17,11,Over
1,whisper,54,18,11,Over
1,whisper,55,18,12,Over
1,whisper,56,18,14,ATTACK Agent[13]
1,whisper,57,19,12,Over
1,whisper,58,19,11,Over
1,whisper,59,19,14,Over
1,guard,10,14,WEREWOLF
1,attackVote,11,9
1,attackVote,12,9
1,attackVote,14,13
1,attack,9,true
