0,status,1,VILLAGER,ALIVE,SampleRoleAssignPlayer
0,status,2,VILLAGER,ALIVE,SampleRoleAssignPlayer
0,status,3,WEREWOLF,ALIVE,SampleRoleAssignPlayer
0,status,4,SEER,ALIVE,SampleRoleAssignPlayer
0,status,5,POSSESSED,ALIVE,BaseAgent
0,divine,4,3,WEREWOLF
1,status,1,VILLAGER,ALIVE,SampleRoleAssignPlayer
1,status,2,VILLAGER,ALIVE,SampleRoleAssignPlayer
1,status,3,WEREWOLF,ALIVE,SampleRoleAssignPlayer
1,status,4,SEER,ALIVE,SampleRoleAssignPlayer
1,status,5,POSSESSED,ALIVE,BaseAgent
1,talk,0,0,2,VOTE Agent[05]
1,talk,1,0,5,COMINGOUT Agent[05] SEER
1,talk,2,0,3,ESTIMATE Agent[01] WEREWOLF
1,talk,3,0,4,COMINGOUT Agent[04] SEER
1,talk,4,0,1,VOTE Agent[04]
1,talk,5,1,4,DIVINED Agent[03] WEREWOLF
1,talk,6,1,3,VOTE Agent[01]
1,talk,7,1,1,Skip
1,talk,8,1,5,DIVINED Agent[02] WEREWOLF
1,talk,9,1,2,Skip
1,talk,10,2,5,Over
1,talk,11,2,2,Skip
1,talk,12,2,3,Skip
1,talk,13,2,1,Skip
1,talk,14,2,4,REQUEST(VOTE Agent[03])
1,talk,15,3,2,Over
1,talk,16,3,1,Over
1,talk,17,3,5,Skip
1,talk,18,3,4,VOTE Agent[03]
1,talk,19,3,3,Skip
1,talk,20,4,5,Skip
1,talk,21,4,1,Over
1,talk,22,4,4,Skip
1,talk,23,4,2,Over
1,talk,24,4,3,Over
1,talk,25,5,2,Over
1,talk,26,5,5,Over
1,talk,27,5,4,Skip
1,talk,28,5,1,Over
1,talk,29,5,3,Over
1,talk,30,6,1,Over
1,talk,31,6,3,Over
1,talk,32,6,4,Over
1,talk,33,6,5,Over
1,talk,34,6,2,Over
1,vote,1,4
1,vote,2,5
1,vote,3,1
1,vote,4,3
1,vote,5,4
1,execute,4,SEER
1,attackVote,3,2
1,attack,2,true
2,status,1,VILLAGER,ALIVE,SampleRoleAssignPlayer
2,status,2,VILLAGER,DEAD,SampleRoleAssignPlayer
2,status,3,WEREWOLF,ALIVE,SampleRoleAssignPlayer
2,status,4,SEER,DEAD,SampleRoleAssignPlayer
2,status,5,POSSESSED,ALIVE,BaseAgent
2,talk,0,0,1,ESTIMATE Agent[05] WEREWOLF
2,talk,1,0,5,DIVINED Agent[03] HUMAN
2,talk,2,0,3,ESTIMATE Agent[01] WEREWOLF
2,talk,3,1,1,REQUEST(DIVINATION Agent[05])
2,talk,4,1,3,VOTE Agent[01]
2,talk,5,1,5,Over
2,talk,6,2,5,Skip
2,talk,7,2,3,Skip
2,talk,8,2,1,VOTE Agent[05]
2,talk,9,3,3,Skip
2,talk,10,3,5,Skip
2,talk,11,3,1,Skip
2,talk,12,4,3,Over
2,talk,13,4,5,Over
2,talk,14,4,1,Skip
2,talk,15,5,3,Over
2,talk,16,5,5,Over
2,talk,17,5,1,Over
2,vote,1,5
2,vote,3,1
2,vote,5,1
2,execute,1,VILLAGER
2,attackVote,3,5
2,attack,5,true
3,status,1,VILLAGER,DEAD,SampleRoleAssignPlayer
3,status,2,VILLAGER,DEAD,SampleRoleAssignPlayer
3,status,3,WEREWOLF,ALIVE,SampleRoleAssignPlayer
3,status,4,SEER,DEAD,SampleRoleAssignPlayer
3,status,5,POSSESSED,DEAD,BaseAgent
3,result,0,1,WEREWOLF
