0,status,1,SEER,ALIVE,BaseAgent
0,status,2,WEREWOLF,ALIVE,BaseAgent
0,status,3,POSSESSED,ALIVE,BaseAgent
0,status,4,VILLAGER,ALIVE,BaseAgent
0,status,5,VILLAGER,ALIVE,BaseAgent
0,divine,1,2,WEREWOLF
1,status,1,SEER,ALIVE,BaseAgent
1,status,2,WEREWOLF,ALIVE,BaseAgent
1,status,3,POSSESSED,ALIVE,BaseAgent
1,status,4,VILLAGER,ALIVE,BaseAgent
1,status,5,VILLAGER,ALIVE,BaseAgent
1,talk,0,0,4,Over
1,talk,1,0,1,COMINGOUT Agent[01] SEER
1,talk,2,0,3,COMINGOUT Agent[03] SEER
1,talk,3,0,2,Over
1,talk,4,0,5,Over
1,talk,5,1,3,DIVINED Agent[05] WEREWOLF
1,talk,6,1,5,Over
1,talk,7,1,2,Over
1,talk,8,1,4,Over
1,talk,9,1,1,DIVINED Agent[02] WEREWOLF
1,talk,10,2,2,Over
1,talk,11,2,5,Over
1,talk,12,2,1,Over
1,talk,13,2,4,Over
1,talk,14,2,3,Over
1,vote,1,2
1,vote,2,5
1,vote,3,1
1,vote,4,2
1,vote,5,2
1,execute,2,WEREWOLF
1,divine,1,5,HUMAN
2,status,1,SEER,ALIVE,BaseAgent
2,status,2,WEREWOLF,DEAD,BaseAgent
2,status,3,POSSESSED,ALIVE,BaseAgent
2,status,4,VILLAGER,ALIVE,BaseAgent
2,status,5,VILLAGER,ALIVE,BaseAgent
2,result,4,0,VILLAGER
