0,status,1,VILLAGER,ALIVE,BaseAgent
0,status,2,VILLAGER,ALIVE,BaseAgent
0,status,3,POSSESSED,ALIVE,BaseAgent
0,status,4,SEER,ALIVE,BaseAgent
0,status,5,WEREWOLF,ALIVE,BaseAgent
0,divine,4,3,HUMAN
1,status,1,VILLAGER,ALIVE,BaseAgent
1,status,2,VILLAGER,ALIVE,BaseAgent
1,status,3,POSSESSED,ALIVE,BaseAgent
1,status,4,SEER,ALIVE,BaseAgent
1,status,5,WEREWOLF,ALIVE,BaseAgent
1,talk,0,0,1,Over
1,talk,1,0,3,COMINGOUT Agent[03] SEER
1,talk,2,0,4,COMINGOUT Agent[04] SEER
1,talk,3,0,2,Over
1,talk,4,0,5,Over
1,talk,5,1,2,Over
1,talk,6,1,4,DIVINED Agent[03] HUMAN
1,talk,7,1,5,Over
1,talk,8,1,3,DIVINED Agent[02] WEREWOLF
1,talk,9,1,1,Over
1,talk,10,2,3,Over
1,talk,11,2,1,Over
1,talk,12,2,4,Over
1,talk,13,2,2,Over
1,talk,14,2,5,Over
1,vote,1,2
1,vote,2,1
1,vote,3,4
1,vote,4,1
1,vote,5,2
1,vote,1,2
1,vote,2,5
1,vote,3,4
1,vote,4,5
1,vote,5,2
1,execute,2,VILLAGER
1,attackVote,5,1
1,attack,1,true
2,status,1,VILLAGER,DEAD,BaseAgent
2,status,2,VILLAGER,DEAD,BaseAgent
2,status,3,POSSESSED,ALIVE,BaseAgent
2,status,4,SEER,ALIVE,BaseAgent
2,status,5,WEREWOLF,ALIVE,BaseAgent
2,talk,0,0,5,Over
2,talk,1,0,4,Over
2,talk,2,0,3,DIVINED Agent[02] WEREWOLF
2,talk,3,1,5,Over
2,talk,4,1,3,Over
2,talk,5,1,4,Skip
2,talk,6,2,5,Over
2,talk,7,2,4,Skip
2,talk,8,2,3,Skip
2,talk,9,3,5,Over
2,talk,10,3,4,Over
2,talk,11,3,3,Skip
2,talk,12,4,4,Over
2,talk,13,4,5,Over
2,talk,14,4,3,Over
2,vote,3,4
2,vote,4,5
2,vote,5,3
2,vote,3,4
2,vote,4,5
2,vote,5,3
2,execute,3,POSSESSED
2,divine,4,5,WEREWOLF
2,attackVote,5,4
2,attack,4,true
3,status,1,VILLAGER,DEAD,BaseAgent
3,status,2,VILLAGER,DEAD,BaseAgent
3,status,3,POSSESSED,DEAD,BaseAgent
3,status,4,SEER,DEAD,BaseAgent
3,status,5,WEREWOLF,ALIVE,BaseAgent
3,result,0,1,WEREWOLF
