0,status,1,POSSESSED,ALIVE,SampleRoleAssignPlayer
0,status,2,WEREWOLF,ALIVE,SampleRoleAssignPlayer
0,status,3,VILLAGER,ALIVE,SampleRoleAssignPlayer
0,status,4,SEER,ALIVE,SampleRoleAssignPlayer
0,status,5,VILLAGER,ALIVE,BaseAgent
0,divine,4,1,HUMAN
1,status,1,POSSESSED,ALIVE,SampleRoleAssignPlayer
1,status,2,WEREWOLF,ALIVE,SampleRoleAssignPlayer
1,status,3,VILLAGER,ALIVE,SampleRoleAssignPlayer
1,status,4,SEER,ALIVE,SampleRoleAssignPlayer
1,status,5,VILLAGER,ALIVE,BaseAgent
1,talk,0,0,1,COMINGOUT Agent[01] SEER
1,talk,1,0,4,VOTE Agent[02]
1,talk,2,0,3,VOTE Agent[04]
1,talk,3,0,5,Over
1,talk,4,0,2,ESTIMATE Agent[03] WEREWOLF
1,talk,5,1,3,Skip
1,talk,6,1,5,Over
1,talk,7,1,4,COMINGOUT Agent[04] SEER
1,talk,8,1,1,DIVINED Agent[03] HUMAN
1,talk,9,1,2,VOTE Agent[03]
1,talk,10,2,2,COMINGOUT Agent[02] SEER
1,talk,11,2,4,DIVINED Agent[01] HUMAN
1,talk,12,2,1,ESTIMATE Agent[02] WEREWOLF
1,talk,13,2,3,Skip
1,talk,14,2,5,Over
1,talk,15,3,3,Over
1,talk,16,3,5,Over
1,talk,17,3,4,ESTIMATE Agent[01] POSSESSED
1,talk,18,3,2,ESTIMATE Agent[01] WEREWOLF
1,talk,19,3,1,REQUEST(DIVINATION Agent[02])
1,talk,20,4,3,Over
1,talk,21,4,5,Over
1,talk,22,4,4,ESTIMATE Agent[01] POSSESSED
1,talk,23,4,1,VOTE Agent[02]
1,talk,24,4,2,VOTE Agent[01]
1,talk,25,5,2,DIVINED Agent[01] HUMAN
1,talk,26,5,4,ESTIMATE Agent[01] POSSESSED
1,talk,27,5,3,Over
1,talk,28,5,5,Over
1,talk,29,5,1,ESTIMATE Agent[04] WEREWOLF
1,talk,30,6,2,Skip
1,talk,31,6,3,Over
1,talk,32,6,4,ESTIMATE Agent[01] POSSESSED
1,talk,33,6,5,Over
1,talk,34,6,1,REQUEST(DIVINATION Agent[04])
1,talk,35,7,5,Over
1,talk,36,7,4,ESTIMATE Agent[01] POSSESSED
1,talk,37,7,1,VOTE Agent[04]
1,talk,38,7,2,Skip
1,talk,39,7,3,Over
1,talk,40,8,1,Skip
1,talk,41,8,4,ESTIMATE Agent[01] POSSESSED
1,talk,42,8,2,Over
1,talk,43,8,3,Over
1,talk,44,8,5,Over
1,talk,45,9,1,Skip
1,talk,46,9,5,Over
1,talk,47,9,4,ESTIMATE Agent[01] POSSESSED
1,talk,48,9,2,Over
1,talk,49,9,3,Over
1,talk,50,10,5,Over
1,talk,51,10,1,Over
1,talk,52,10,3,Over
1,talk,53,10,2,Over
1,talk,54,10,4,Over
1,vote,1,4
1,vote,2,1
1,vote,3,4
1,vote,4,2
1,vote,5,4
1,execute,4,SEER
1,attackVote,2,1
1,attack,1,true
2,status,1,POSSESSED,DEAD,SampleRoleAssignPlayer
2,status,2,WEREWOLF,ALIVE,SampleRoleAssignPlayer
2,status,3,VILLAGER,ALIVE,SampleRoleAssignPlayer
2,status,4,SEER,DEAD,SampleRoleAssignPlayer
2,status,5,VILLAGER,ALIVE,BaseAgent
2,talk,0,0,2,DIVINED Agent[03] WEREWOLF
2,talk,1,0,3,VOTE Agent[05]
2,talk,2,0,5,Over
2,talk,3,1,5,Over
2,talk,4,1,3,ESTIMATE Agent[02] WEREWOLF
2,talk,5,1,2,ESTIMATE Agent[03] WEREWOLF
2,talk,6,2,5,Over
2,talk,7,2,3,REQUEST(DIVINATION Agent[02])
2,talk,8,2,2,VOTE Agent[03]
2,talk,9,3,5,Over
2,talk,10,3,3,VOTE Agent[02]
2,talk,11,3,2,Skip
2,talk,12,4,2,Skip
2,talk,13,4,3,Skip
2,talk,14,4,5,Over
2,talk,15,5,2,Over
2,talk,16,5,3,Skip
2,talk,17,5,5,Over
2,talk,18,6,3,Over
2,talk,19,6,2,Over
2,talk,20,6,5,Over
2,vote,2,3
2,vote,3,2
2,vote,5,2
2,execute,2,WEREWOLF
3,status,1,POSSESSED,DEAD,SampleRoleAssignPlayer
3,status,2,WEREWOLF,DEAD,SampleRoleAssignPlayer
3,status,3,VILLAGER,ALIVE,SampleRoleAssignPlayer
3,status,4,SEER,DEAD,SampleRoleAssignPlayer
3,status,5,VILLAGER,ALIVE,BaseAgent
3,result,2,0,VILLAGER
