0,status,1,POSSESSED,ALIVE,BaseAgent
0,status,2,VILLAGER,ALIVE,BaseAgent
0,status,3,VILLAGER,ALIVE,BaseAgent
0,status,4,WEREWOLF,ALIVE,BaseAgent
0,status,5,SEER,ALIVE,BaseAgent
0,divine,5,4,WEREWOLF
1,status,1,POSSESSED,ALIVE,BaseAgent
1,status,2,VILLAGER,ALIVE,BaseAgent
1,status,3,VILLAGER,ALIVE,BaseAgent
1,status,4,WEREWOLF,ALIVE,BaseAgent
1,status,5,SEER,ALIVE,BaseAgent
1,talk,0,0,5,COMINGOUT Agent[05] SEER
1,talk,1,0,2,Over
1,talk,2,0,1,COMINGOUT Agent[01] SEER
1,talk,3,0,3,Over
1,talk,4,0,4,Over
1,talk,5,1,5,DIVINED Agent[04] WEREWOLF
1,talk,6,1,4,Over
1,talk,7,1,2,Over
1,talk,8,1,3,Over
1,talk,9,1,1,DIVINED Agent[03] WEREWOLF
1,talk,10,2,5,Over
1,talk,11,2,1,Over
1,talk,12,2,3,Over
1,talk,13,2,4,Over
1,talk,14,2,2,Over
1,vote,1,5
1,vote,2,4
1,vote,3,4
1,vote,4,3
1,vote,5,4
1,execute,4,WEREWOLF
1,divine,5,2,HUMAN
2,status,1,POSSESSED,ALIVE,BaseAgent
2,status,2,VILLAGER,ALIVE,BaseAgent
2,status,3,VILLAGER,ALIVE,BaseAgent
2,status,4,WEREWOLF,DEAD,BaseAgent
2,status,5,SEER,ALIVE,BaseAgent
2,result,4,0,VILLAGER
